{"/Users/coliva/dev/perso/presence-app/components/LanguageSelector.tsx": {"path":"/Users/coliva/dev/perso/presence-app/components/LanguageSelector.tsx","statementMap":{"0":{"start":{"line":7,"column":36},"end":{"line":7,"column":52}},"1":{"start":{"line":9,"column":31},"end":{"line":13,"column":3}},"2":{"start":{"line":10,"column":4},"end":{"line":10,"column":66}},"3":{"start":{"line":11,"column":4},"end":{"line":11,"column":28}},"4":{"start":{"line":12,"column":4},"end":{"line":12,"column":55}},"5":{"start":{"line":15,"column":2},"end":{"line":35,"column":4}},"6":{"start":{"line":19,"column":23},"end":{"line":19,"column":49}},"7":{"start":{"line":28,"column":23},"end":{"line":28,"column":49}},"8":{"start":{"line":38,"column":15},"end":{"line":63,"column":2}}},"fnMap":{"0":{"name":"LanguageSelector","decl":{"start":{"line":6,"column":16},"end":{"line":6,"column":32}},"loc":{"start":{"line":6,"column":35},"end":{"line":36,"column":1}},"line":6},"1":{"name":"(anonymous_1)","decl":{"start":{"line":9,"column":31},"end":{"line":9,"column":32}},"loc":{"start":{"line":9,"column":60},"end":{"line":13,"column":3}},"line":9},"2":{"name":"(anonymous_2)","decl":{"start":{"line":19,"column":17},"end":{"line":19,"column":18}},"loc":{"start":{"line":19,"column":23},"end":{"line":19,"column":49}},"line":19},"3":{"name":"(anonymous_3)","decl":{"start":{"line":28,"column":17},"end":{"line":28,"column":18}},"loc":{"start":{"line":28,"column":23},"end":{"line":28,"column":49}},"line":28}},"branchMap":{"0":{"loc":{"start":{"line":18,"column":31},"end":{"line":18,"column":71}},"type":"binary-expr","locations":[{"start":{"line":18,"column":31},"end":{"line":18,"column":48}},{"start":{"line":18,"column":52},"end":{"line":18,"column":71}}],"line":18},"1":{"loc":{"start":{"line":21,"column":41},"end":{"line":21,"column":85}},"type":"binary-expr","locations":[{"start":{"line":21,"column":41},"end":{"line":21,"column":58}},{"start":{"line":21,"column":62},"end":{"line":21,"column":85}}],"line":21},"2":{"loc":{"start":{"line":27,"column":31},"end":{"line":27,"column":71}},"type":"binary-expr","locations":[{"start":{"line":27,"column":31},"end":{"line":27,"column":48}},{"start":{"line":27,"column":52},"end":{"line":27,"column":71}}],"line":27},"3":{"loc":{"start":{"line":30,"column":41},"end":{"line":30,"column":85}},"type":"binary-expr","locations":[{"start":{"line":30,"column":41},"end":{"line":30,"column":58}},{"start":{"line":30,"column":62},"end":{"line":30,"column":85}}],"line":30}},"s":{"0":14,"1":14,"2":0,"3":0,"4":0,"5":14,"6":0,"7":0,"8":1},"f":{"0":14,"1":0,"2":0,"3":0},"b":{"0":[14,0],"1":[14,0],"2":[14,0],"3":[14,0]},"_coverageSchema":"1a1c01bbd47fc00a2c39e90264f33305004495a9","hash":"7d6b61a961215b75f676382ecdc325af2ffe0368"}
,"/Users/coliva/dev/perso/presence-app/components/UpgradePrompt.tsx": {"path":"/Users/coliva/dev/perso/presence-app/components/UpgradePrompt.tsx","statementMap":{"0":{"start":{"line":16,"column":2},"end":{"line":34,"column":4}},"1":{"start":{"line":37,"column":15},"end":{"line":79,"column":2}}},"fnMap":{"0":{"name":"UpgradePrompt","decl":{"start":{"line":15,"column":16},"end":{"line":15,"column":29}},"loc":{"start":{"line":15,"column":81},"end":{"line":35,"column":1}},"line":15}},"branchMap":{"0":{"loc":{"start":{"line":27,"column":7},"end":{"line":32,"column":7}},"type":"binary-expr","locations":[{"start":{"line":27,"column":7},"end":{"line":27,"column":16}},{"start":{"line":28,"column":8},"end":{"line":31,"column":27}}],"line":27}},"s":{"0":0,"1":0},"f":{"0":0},"b":{"0":[0,0]}}
,"/Users/coliva/dev/perso/presence-app/components/UsageBadge.tsx": {"path":"/Users/coliva/dev/perso/presence-app/components/UsageBadge.tsx","statementMap":{"0":{"start":{"line":18,"column":20},"end":{"line":18,"column":53}},"1":{"start":{"line":19,"column":20},"end":{"line":19,"column":36}},"2":{"start":{"line":20,"column":21},"end":{"line":20,"column":55}},"3":{"start":{"line":22,"column":19},"end":{"line":26,"column":3}},"4":{"start":{"line":23,"column":4},"end":{"line":23,"column":36}},"5":{"start":{"line":23,"column":19},"end":{"line":23,"column":36}},"6":{"start":{"line":24,"column":4},"end":{"line":24,"column":36}},"7":{"start":{"line":24,"column":19},"end":{"line":24,"column":36}},"8":{"start":{"line":25,"column":4},"end":{"line":25,"column":21}},"9":{"start":{"line":28,"column":2},"end":{"line":36,"column":3}},"10":{"start":{"line":29,"column":4},"end":{"line":35,"column":6}},"11":{"start":{"line":38,"column":2},"end":{"line":61,"column":4}},"12":{"start":{"line":64,"column":15},"end":{"line":114,"column":2}}},"fnMap":{"0":{"name":"UsageBadge","decl":{"start":{"line":17,"column":16},"end":{"line":17,"column":26}},"loc":{"start":{"line":17,"column":88},"end":{"line":62,"column":1}},"line":17},"1":{"name":"(anonymous_1)","decl":{"start":{"line":22,"column":19},"end":{"line":22,"column":20}},"loc":{"start":{"line":22,"column":25},"end":{"line":26,"column":3}},"line":22}},"branchMap":{"0":{"loc":{"start":{"line":17,"column":52},"end":{"line":17,"column":67}},"type":"default-arg","locations":[{"start":{"line":17,"column":62},"end":{"line":17,"column":67}}],"line":17},"1":{"loc":{"start":{"line":23,"column":4},"end":{"line":23,"column":36}},"type":"if","locations":[{"start":{"line":23,"column":4},"end":{"line":23,"column":36}},{"start":{},"end":{}}],"line":23},"2":{"loc":{"start":{"line":24,"column":4},"end":{"line":24,"column":36}},"type":"if","locations":[{"start":{"line":24,"column":4},"end":{"line":24,"column":36}},{"start":{},"end":{}}],"line":24},"3":{"loc":{"start":{"line":28,"column":2},"end":{"line":36,"column":3}},"type":"if","locations":[{"start":{"line":28,"column":2},"end":{"line":36,"column":3}},{"start":{},"end":{}}],"line":28},"4":{"loc":{"start":{"line":40,"column":7},"end":{"line":40,"column":57}},"type":"binary-expr","locations":[{"start":{"line":40,"column":7},"end":{"line":40,"column":12}},{"start":{"line":40,"column":16},"end":{"line":40,"column":57}}],"line":40},"5":{"loc":{"start":{"line":54,"column":7},"end":{"line":59,"column":7}},"type":"binary-expr","locations":[{"start":{"line":54,"column":7},"end":{"line":54,"column":16}},{"start":{"line":55,"column":8},"end":{"line":58,"column":15}}],"line":54}},"s":{"0":0,"1":0,"2":0,"3":0,"4":0,"5":0,"6":0,"7":0,"8":0,"9":0,"10":0,"11":0,"12":0},"f":{"0":0,"1":0},"b":{"0":[0],"1":[0,0],"2":[0,0],"3":[0,0],"4":[0,0],"5":[0,0]}}
,"/Users/coliva/dev/perso/presence-app/contexts/LanguageContext.tsx": {"path":"/Users/coliva/dev/perso/presence-app/contexts/LanguageContext.tsx","statementMap":{"0":{"start":{"line":11,"column":24},"end":{"line":11,"column":81}},"1":{"start":{"line":14,"column":39},"end":{"line":14,"column":84}},"2":{"start":{"line":16,"column":2},"end":{"line":28,"column":9}},"3":{"start":{"line":18,"column":4},"end":{"line":20,"column":7}},"4":{"start":{"line":19,"column":6},"end":{"line":19,"column":50}},"5":{"start":{"line":23,"column":24},"end":{"line":25,"column":6}},"6":{"start":{"line":24,"column":6},"end":{"line":24,"column":29}},"7":{"start":{"line":27,"column":4},"end":{"line":27,"column":23}},"8":{"start":{"line":30,"column":22},"end":{"line":32,"column":3}},"9":{"start":{"line":31,"column":4},"end":{"line":31,"column":33}},"10":{"start":{"line":34,"column":12},"end":{"line":34,"column":40}},"11":{"start":{"line":34,"column":29},"end":{"line":34,"column":40}},"12":{"start":{"line":35,"column":23},"end":{"line":35,"column":70}},"13":{"start":{"line":35,"column":44},"end":{"line":35,"column":70}},"14":{"start":{"line":37,"column":2},"end":{"line":41,"column":4}},"15":{"start":{"line":45,"column":18},"end":{"line":45,"column":45}},"16":{"start":{"line":46,"column":2},"end":{"line":48,"column":3}},"17":{"start":{"line":47,"column":4},"end":{"line":47,"column":75}},"18":{"start":{"line":49,"column":2},"end":{"line":49,"column":17}}},"fnMap":{"0":{"name":"LanguageProvider","decl":{"start":{"line":13,"column":16},"end":{"line":13,"column":32}},"loc":{"start":{"line":13,"column":78},"end":{"line":42,"column":1}},"line":13},"1":{"name":"(anonymous_1)","decl":{"start":{"line":16,"column":12},"end":{"line":16,"column":13}},"loc":{"start":{"line":16,"column":18},"end":{"line":28,"column":3}},"line":16},"2":{"name":"(anonymous_2)","decl":{"start":{"line":18,"column":21},"end":{"line":18,"column":22}},"loc":{"start":{"line":18,"column":27},"end":{"line":20,"column":5}},"line":18},"3":{"name":"(anonymous_3)","decl":{"start":{"line":23,"column":39},"end":{"line":23,"column":40}},"loc":{"start":{"line":23,"column":49},"end":{"line":25,"column":5}},"line":23},"4":{"name":"(anonymous_4)","decl":{"start":{"line":30,"column":22},"end":{"line":30,"column":23}},"loc":{"start":{"line":30,"column":48},"end":{"line":32,"column":3}},"line":30},"5":{"name":"(anonymous_5)","decl":{"start":{"line":34,"column":12},"end":{"line":34,"column":13}},"loc":{"start":{"line":34,"column":29},"end":{"line":34,"column":40}},"line":34},"6":{"name":"(anonymous_6)","decl":{"start":{"line":35,"column":23},"end":{"line":35,"column":24}},"loc":{"start":{"line":35,"column":44},"end":{"line":35,"column":70}},"line":35},"7":{"name":"useTranslation","decl":{"start":{"line":44,"column":16},"end":{"line":44,"column":30}},"loc":{"start":{"line":44,"column":33},"end":{"line":50,"column":1}},"line":44}},"branchMap":{"0":{"loc":{"start":{"line":46,"column":2},"end":{"line":48,"column":3}},"type":"if","locations":[{"start":{"line":46,"column":2},"end":{"line":48,"column":3}},{"start":{},"end":{}}],"line":46}},"s":{"0":0,"1":0,"2":0,"3":0,"4":0,"5":0,"6":0,"7":0,"8":0,"9":0,"10":0,"11":0,"12":0,"13":0,"14":0,"15":0,"16":0,"17":0,"18":0},"f":{"0":0,"1":0,"2":0,"3":0,"4":0,"5":0,"6":0,"7":0},"b":{"0":[0,0]}}
,"/Users/coliva/dev/perso/presence-app/contexts/UserContext.tsx": {"path":"/Users/coliva/dev/perso/presence-app/contexts/UserContext.tsx","statementMap":{"0":{"start":{"line":9,"column":20},"end":{"line":9,"column":73}},"1":{"start":{"line":11,"column":69},"end":{"line":31,"column":1}},"2":{"start":{"line":12,"column":31},"end":{"line":12,"column":58}},"3":{"start":{"line":14,"column":2},"end":{"line":20,"column":9}},"4":{"start":{"line":15,"column":20},"end":{"line":18,"column":5}},"5":{"start":{"line":16,"column":16},"end":{"line":16,"column":43}},"6":{"start":{"line":17,"column":6},"end":{"line":17,"column":22}},"7":{"start":{"line":19,"column":4},"end":{"line":19,"column":14}},"8":{"start":{"line":22,"column":18},"end":{"line":24,"column":3}},"9":{"start":{"line":23,"column":4},"end":{"line":23,"column":23}},"10":{"start":{"line":26,"column":2},"end":{"line":30,"column":4}},"11":{"start":{"line":33,"column":23},"end":{"line":39,"column":1}},"12":{"start":{"line":34,"column":18},"end":{"line":34,"column":41}},"13":{"start":{"line":35,"column":2},"end":{"line":37,"column":3}},"14":{"start":{"line":36,"column":4},"end":{"line":36,"column":66}},"15":{"start":{"line":38,"column":2},"end":{"line":38,"column":17}}},"fnMap":{"0":{"name":"(anonymous_0)","decl":{"start":{"line":11,"column":69},"end":{"line":11,"column":70}},"loc":{"start":{"line":11,"column":87},"end":{"line":31,"column":1}},"line":11},"1":{"name":"(anonymous_1)","decl":{"start":{"line":14,"column":12},"end":{"line":14,"column":13}},"loc":{"start":{"line":14,"column":18},"end":{"line":20,"column":3}},"line":14},"2":{"name":"(anonymous_2)","decl":{"start":{"line":15,"column":20},"end":{"line":15,"column":21}},"loc":{"start":{"line":15,"column":32},"end":{"line":18,"column":5}},"line":15},"3":{"name":"(anonymous_3)","decl":{"start":{"line":22,"column":18},"end":{"line":22,"column":19}},"loc":{"start":{"line":22,"column":41},"end":{"line":24,"column":3}},"line":22},"4":{"name":"(anonymous_4)","decl":{"start":{"line":33,"column":23},"end":{"line":33,"column":24}},"loc":{"start":{"line":33,"column":46},"end":{"line":39,"column":1}},"line":33}},"branchMap":{"0":{"loc":{"start":{"line":35,"column":2},"end":{"line":37,"column":3}},"type":"if","locations":[{"start":{"line":35,"column":2},"end":{"line":37,"column":3}},{"start":{},"end":{}}],"line":35}},"s":{"0":0,"1":0,"2":0,"3":0,"4":0,"5":0,"6":0,"7":0,"8":0,"9":0,"10":0,"11":0,"12":0,"13":0,"14":0,"15":0},"f":{"0":0,"1":0,"2":0,"3":0,"4":0},"b":{"0":[0,0]}}
,"/Users/coliva/dev/perso/presence-app/lib/auth.ts": {"path":"/Users/coliva/dev/perso/presence-app/lib/auth.ts","statementMap":{"0":{"start":{"line":6,"column":0},"end":{"line":6,"column":38}},"1":{"start":{"line":9,"column":26},"end":{"line":18,"column":4}},"2":{"start":{"line":20,"column":2},"end":{"line":20,"column":25}},"3":{"start":{"line":20,"column":13},"end":{"line":20,"column":25}},"4":{"start":{"line":22,"column":2},"end":{"line":22,"column":48}},"5":{"start":{"line":23,"column":2},"end":{"line":23,"column":53}},"6":{"start":{"line":24,"column":2},"end":{"line":24,"column":46}},"7":{"start":{"line":26,"column":14},"end":{"line":26,"column":74}},"8":{"start":{"line":28,"column":2},"end":{"line":28,"column":44}},"9":{"start":{"line":29,"column":2},"end":{"line":29,"column":50}},"10":{"start":{"line":30,"column":2},"end":{"line":30,"column":65}},"11":{"start":{"line":32,"column":2},"end":{"line":43,"column":3}},"12":{"start":{"line":33,"column":4},"end":{"line":33,"column":32}},"13":{"start":{"line":34,"column":23},"end":{"line":34,"column":58}},"14":{"start":{"line":35,"column":4},"end":{"line":42,"column":5}},"15":{"start":{"line":36,"column":36},"end":{"line":39,"column":8}},"16":{"start":{"line":41,"column":6},"end":{"line":41,"column":33}},"17":{"start":{"line":45,"column":2},"end":{"line":45,"column":14}},"18":{"start":{"line":49,"column":32},"end":{"line":49,"column":64}},"19":{"start":{"line":50,"column":2},"end":{"line":53,"column":3}},"20":{"start":{"line":51,"column":4},"end":{"line":51,"column":43}},"21":{"start":{"line":52,"column":4},"end":{"line":52,"column":11}},"22":{"start":{"line":56,"column":2},"end":{"line":66,"column":5}},"23":{"start":{"line":68,"column":2},"end":{"line":68,"column":33}}},"fnMap":{"0":{"name":"signInWithOAuth","decl":{"start":{"line":8,"column":22},"end":{"line":8,"column":37}},"loc":{"start":{"line":8,"column":69},"end":{"line":46,"column":1}},"line":8},"1":{"name":"signOut","decl":{"start":{"line":48,"column":22},"end":{"line":48,"column":29}},"loc":{"start":{"line":48,"column":32},"end":{"line":69,"column":1}},"line":48}},"branchMap":{"0":{"loc":{"start":{"line":20,"column":2},"end":{"line":20,"column":25}},"type":"if","locations":[{"start":{"line":20,"column":2},"end":{"line":20,"column":25}},{"start":{},"end":{}}],"line":20},"1":{"loc":{"start":{"line":32,"column":2},"end":{"line":43,"column":3}},"type":"if","locations":[{"start":{"line":32,"column":2},"end":{"line":43,"column":3}},{"start":{},"end":{}}],"line":32},"2":{"loc":{"start":{"line":35,"column":4},"end":{"line":42,"column":5}},"type":"if","locations":[{"start":{"line":35,"column":4},"end":{"line":42,"column":5}},{"start":{},"end":{}}],"line":35},"3":{"loc":{"start":{"line":35,"column":8},"end":{"line":35,"column":61}},"type":"binary-expr","locations":[{"start":{"line":35,"column":8},"end":{"line":35,"column":32}},{"start":{"line":35,"column":36},"end":{"line":35,"column":61}}],"line":35},"4":{"loc":{"start":{"line":50,"column":2},"end":{"line":53,"column":3}},"type":"if","locations":[{"start":{"line":50,"column":2},"end":{"line":53,"column":3}},{"start":{},"end":{}}],"line":50}},"s":{"0":0,"1":0,"2":0,"3":0,"4":0,"5":0,"6":0,"7":0,"8":0,"9":0,"10":0,"11":0,"12":0,"13":0,"14":0,"15":0,"16":0,"17":0,"18":0,"19":0,"20":0,"21":0,"22":0,"23":0},"f":{"0":0,"1":0},"b":{"0":[0,0],"1":[0,0],"2":[0,0],"3":[0,0],"4":[0,0]}}
,"/Users/coliva/dev/perso/presence-app/lib/authManager.ts": {"path":"/Users/coliva/dev/perso/presence-app/lib/authManager.ts","statementMap":{"0":{"start":{"line":9,"column":42},"end":{"line":9,"column":46}},"1":{"start":{"line":10,"column":22},"end":{"line":10,"column":23}},"2":{"start":{"line":11,"column":36},"end":{"line":11,"column":40}},"3":{"start":{"line":12,"column":57},"end":{"line":12,"column":61}},"4":{"start":{"line":18,"column":16},"end":{"line":18,"column":26}},"5":{"start":{"line":21,"column":4},"end":{"line":23,"column":5}},"6":{"start":{"line":22,"column":6},"end":{"line":22,"column":32}},"7":{"start":{"line":26,"column":4},"end":{"line":28,"column":5}},"8":{"start":{"line":27,"column":6},"end":{"line":27,"column":31}},"9":{"start":{"line":31,"column":4},"end":{"line":31,"column":45}},"10":{"start":{"line":32,"column":20},"end":{"line":32,"column":43}},"11":{"start":{"line":33,"column":4},"end":{"line":33,"column":29}},"12":{"start":{"line":35,"column":4},"end":{"line":35,"column":19}},"13":{"start":{"line":39,"column":4},"end":{"line":52,"column":5}},"14":{"start":{"line":40,"column":32},"end":{"line":40,"column":64}},"15":{"start":{"line":41,"column":6},"end":{"line":44,"column":7}},"16":{"start":{"line":42,"column":8},"end":{"line":42,"column":52}},"17":{"start":{"line":43,"column":8},"end":{"line":43,"column":20}},"18":{"start":{"line":46,"column":6},"end":{"line":46,"column":40}},"19":{"start":{"line":47,"column":6},"end":{"line":47,"column":34}},"20":{"start":{"line":48,"column":6},"end":{"line":48,"column":26}},"21":{"start":{"line":50,"column":6},"end":{"line":50,"column":53}},"22":{"start":{"line":51,"column":6},"end":{"line":51,"column":18}},"23":{"start":{"line":59,"column":4},"end":{"line":59,"column":30}},"24":{"start":{"line":60,"column":4},"end":{"line":60,"column":23}},"25":{"start":{"line":67,"column":20},"end":{"line":67,"column":43}},"26":{"start":{"line":68,"column":4},"end":{"line":68,"column":21}},"27":{"start":{"line":75,"column":20},"end":{"line":75,"column":43}},"28":{"start":{"line":76,"column":4},"end":{"line":76,"column":37}},"29":{"start":{"line":80,"column":27},"end":{"line":80,"column":44}}},"fnMap":{"0":{"name":"(anonymous_0)","decl":{"start":{"line":17,"column":2},"end":{"line":17,"column":3}},"loc":{"start":{"line":17,"column":46},"end":{"line":36,"column":3}},"line":17},"1":{"name":"(anonymous_1)","decl":{"start":{"line":38,"column":2},"end":{"line":38,"column":3}},"loc":{"start":{"line":38,"column":57},"end":{"line":53,"column":3}},"line":38},"2":{"name":"(anonymous_2)","decl":{"start":{"line":58,"column":2},"end":{"line":58,"column":3}},"loc":{"start":{"line":58,"column":20},"end":{"line":61,"column":3}},"line":58},"3":{"name":"(anonymous_3)","decl":{"start":{"line":66,"column":2},"end":{"line":66,"column":3}},"loc":{"start":{"line":66,"column":44},"end":{"line":69,"column":3}},"line":66},"4":{"name":"(anonymous_4)","decl":{"start":{"line":74,"column":2},"end":{"line":74,"column":3}},"loc":{"start":{"line":74,"column":44},"end":{"line":77,"column":3}},"line":74}},"branchMap":{"0":{"loc":{"start":{"line":21,"column":4},"end":{"line":23,"column":5}},"type":"if","locations":[{"start":{"line":21,"column":4},"end":{"line":23,"column":5}},{"start":{},"end":{}}],"line":21},"1":{"loc":{"start":{"line":21,"column":8},"end":{"line":21,"column":74}},"type":"binary-expr","locations":[{"start":{"line":21,"column":8},"end":{"line":21,"column":26}},{"start":{"line":21,"column":30},"end":{"line":21,"column":74}}],"line":21},"2":{"loc":{"start":{"line":26,"column":4},"end":{"line":28,"column":5}},"type":"if","locations":[{"start":{"line":26,"column":4},"end":{"line":28,"column":5}},{"start":{},"end":{}}],"line":26},"3":{"loc":{"start":{"line":41,"column":6},"end":{"line":44,"column":7}},"type":"if","locations":[{"start":{"line":41,"column":6},"end":{"line":44,"column":7}},{"start":{},"end":{}}],"line":41},"4":{"loc":{"start":{"line":76,"column":11},"end":{"line":76,"column":36}},"type":"binary-expr","locations":[{"start":{"line":76,"column":11},"end":{"line":76,"column":28}},{"start":{"line":76,"column":32},"end":{"line":76,"column":36}}],"line":76}},"s":{"0":2,"1":2,"2":2,"3":2,"4":8,"5":8,"6":1,"7":7,"8":0,"9":7,"10":7,"11":7,"12":7,"13":7,"14":7,"15":7,"16":0,"17":0,"18":7,"19":7,"20":7,"21":0,"22":0,"23":7,"24":7,"25":2,"26":2,"27":2,"28":2,"29":2},"f":{"0":8,"1":7,"2":7,"3":2,"4":2},"b":{"0":[1,7],"1":[8,1],"2":[0,7],"3":[0,7],"4":[2,1]},"_coverageSchema":"1a1c01bbd47fc00a2c39e90264f33305004495a9","hash":"72279ce33cc4e1092573e30b3c00d34565bae4b3"}
,"/Users/coliva/dev/perso/presence-app/lib/authPreferences.ts": {"path":"/Users/coliva/dev/perso/presence-app/lib/authPreferences.ts","statementMap":{"0":{"start":{"line":3,"column":28},"end":{"line":3,"column":59}},"1":{"start":{"line":8,"column":32},"end":{"line":14,"column":1}},"2":{"start":{"line":9,"column":2},"end":{"line":13,"column":3}},"3":{"start":{"line":10,"column":4},"end":{"line":10,"column":70}},"4":{"start":{"line":12,"column":4},"end":{"line":12,"column":69}},"5":{"start":{"line":19,"column":32},"end":{"line":27,"column":1}},"6":{"start":{"line":20,"column":2},"end":{"line":26,"column":3}},"7":{"start":{"line":21,"column":18},"end":{"line":21,"column":65}},"8":{"start":{"line":22,"column":4},"end":{"line":22,"column":28}},"9":{"start":{"line":24,"column":4},"end":{"line":24,"column":70}},"10":{"start":{"line":25,"column":4},"end":{"line":25,"column":17}},"11":{"start":{"line":33,"column":34},"end":{"line":39,"column":1}},"12":{"start":{"line":34,"column":2},"end":{"line":38,"column":3}},"13":{"start":{"line":35,"column":4},"end":{"line":35,"column":55}},"14":{"start":{"line":37,"column":4},"end":{"line":37,"column":72}}},"fnMap":{"0":{"name":"(anonymous_0)","decl":{"start":{"line":8,"column":32},"end":{"line":8,"column":33}},"loc":{"start":{"line":8,"column":73},"end":{"line":14,"column":1}},"line":8},"1":{"name":"(anonymous_1)","decl":{"start":{"line":19,"column":32},"end":{"line":19,"column":33}},"loc":{"start":{"line":19,"column":62},"end":{"line":27,"column":1}},"line":19},"2":{"name":"(anonymous_2)","decl":{"start":{"line":33,"column":34},"end":{"line":33,"column":35}},"loc":{"start":{"line":33,"column":61},"end":{"line":39,"column":1}},"line":33}},"branchMap":{},"s":{"0":0,"1":0,"2":0,"3":0,"4":0,"5":0,"6":0,"7":0,"8":0,"9":0,"10":0,"11":0,"12":0,"13":0,"14":0},"f":{"0":0,"1":0,"2":0},"b":{}}
,"/Users/coliva/dev/perso/presence-app/lib/dataService.ts": {"path":"/Users/coliva/dev/perso/presence-app/lib/dataService.ts","statementMap":{"0":{"start":{"line":4,"column":18},"end":{"line":4,"column":39}},"1":{"start":{"line":5,"column":21},"end":{"line":5,"column":45}},"2":{"start":{"line":6,"column":25},"end":{"line":6,"column":53}},"3":{"start":{"line":7,"column":33},"end":{"line":7,"column":69}},"4":{"start":{"line":8,"column":23},"end":{"line":8,"column":49}},"5":{"start":{"line":9,"column":17},"end":{"line":9,"column":37}},"6":{"start":{"line":10,"column":26},"end":{"line":10,"column":55}},"7":{"start":{"line":77,"column":4},"end":{"line":77,"column":26}},"8":{"start":{"line":79,"column":4},"end":{"line":79,"column":30}},"9":{"start":{"line":83,"column":31},"end":{"line":106,"column":3}},"10":{"start":{"line":84,"column":23},"end":{"line":91,"column":5}},"11":{"start":{"line":93,"column":4},"end":{"line":102,"column":5}},"12":{"start":{"line":94,"column":22},"end":{"line":94,"column":53}},"13":{"start":{"line":95,"column":6},"end":{"line":101,"column":7}},"14":{"start":{"line":97,"column":8},"end":{"line":97,"column":52}},"15":{"start":{"line":99,"column":8},"end":{"line":99,"column":43}},"16":{"start":{"line":100,"column":8},"end":{"line":100,"column":65}},"17":{"start":{"line":105,"column":4},"end":{"line":105,"column":49}},"18":{"start":{"line":109,"column":44},"end":{"line":146,"column":3}},"19":{"start":{"line":110,"column":27},"end":{"line":110,"column":69}},"20":{"start":{"line":111,"column":4},"end":{"line":111,"column":32}},"21":{"start":{"line":111,"column":25},"end":{"line":111,"column":32}},"22":{"start":{"line":113,"column":23},"end":{"line":113,"column":49}},"23":{"start":{"line":114,"column":22},"end":{"line":114,"column":87}},"24":{"start":{"line":117,"column":24},"end":{"line":120,"column":5}},"25":{"start":{"line":118,"column":6},"end":{"line":118,"column":49}},"26":{"start":{"line":118,"column":37},"end":{"line":118,"column":49}},"27":{"start":{"line":119,"column":6},"end":{"line":119,"column":32}},"28":{"start":{"line":122,"column":28},"end":{"line":140,"column":6}},"29":{"start":{"line":124,"column":22},"end":{"line":124,"column":39}},"30":{"start":{"line":125,"column":33},"end":{"line":125,"column":62}},"31":{"start":{"line":126,"column":29},"end":{"line":126,"column":54}},"32":{"start":{"line":127,"column":22},"end":{"line":127,"column":69}},"33":{"start":{"line":129,"column":6},"end":{"line":138,"column":7}},"34":{"start":{"line":130,"column":8},"end":{"line":137,"column":11}},"35":{"start":{"line":139,"column":6},"end":{"line":139,"column":21}},"36":{"start":{"line":142,"column":4},"end":{"line":145,"column":5}},"37":{"start":{"line":143,"column":6},"end":{"line":143,"column":119}},"38":{"start":{"line":144,"column":6},"end":{"line":144,"column":82}},"39":{"start":{"line":148,"column":16},"end":{"line":159,"column":3}},"40":{"start":{"line":150,"column":4},"end":{"line":158,"column":9}},"41":{"start":{"line":152,"column":8},"end":{"line":152,"column":29}},"42":{"start":{"line":153,"column":8},"end":{"line":153,"column":62}},"43":{"start":{"line":156,"column":8},"end":{"line":156,"column":30}},"44":{"start":{"line":157,"column":8},"end":{"line":157,"column":60}},"45":{"start":{"line":166,"column":28},"end":{"line":175,"column":3}},"46":{"start":{"line":167,"column":17},"end":{"line":167,"column":62}},"47":{"start":{"line":168,"column":4},"end":{"line":174,"column":6}},"48":{"start":{"line":177,"column":18},"end":{"line":184,"column":3}},"49":{"start":{"line":178,"column":20},"end":{"line":178,"column":48}},"50":{"start":{"line":179,"column":4},"end":{"line":183,"column":5}},"51":{"start":{"line":180,"column":6},"end":{"line":180,"column":29}},"52":{"start":{"line":181,"column":6},"end":{"line":181,"column":77}},"53":{"start":{"line":182,"column":6},"end":{"line":182,"column":67}},"54":{"start":{"line":186,"column":22},"end":{"line":191,"column":3}},"55":{"start":{"line":187,"column":20},"end":{"line":187,"column":48}},"56":{"start":{"line":188,"column":4},"end":{"line":188,"column":66}},"57":{"start":{"line":188,"column":47},"end":{"line":188,"column":64}},"58":{"start":{"line":189,"column":4},"end":{"line":189,"column":75}},"59":{"start":{"line":190,"column":4},"end":{"line":190,"column":81}},"60":{"start":{"line":193,"column":18},"end":{"line":196,"column":3}},"61":{"start":{"line":194,"column":20},"end":{"line":194,"column":48}},"62":{"start":{"line":195,"column":4},"end":{"line":195,"column":25}},"63":{"start":{"line":198,"column":13},"end":{"line":202,"column":3}},"64":{"start":{"line":199,"column":18},"end":{"line":199,"column":55}},"65":{"start":{"line":200,"column":18},"end":{"line":200,"column":48}},"66":{"start":{"line":201,"column":4},"end":{"line":201,"column":17}},"67":{"start":{"line":204,"column":12},"end":{"line":207,"column":3}},"68":{"start":{"line":205,"column":18},"end":{"line":205,"column":39}},"69":{"start":{"line":206,"column":4},"end":{"line":206,"column":48}},"70":{"start":{"line":206,"column":27},"end":{"line":206,"column":38}},"71":{"start":{"line":210,"column":19},"end":{"line":342,"column":3}},"72":{"start":{"line":211,"column":4},"end":{"line":341,"column":5}},"73":{"start":{"line":213,"column":30},"end":{"line":216,"column":10}},"74":{"start":{"line":218,"column":6},"end":{"line":221,"column":7}},"75":{"start":{"line":219,"column":8},"end":{"line":219,"column":67}},"76":{"start":{"line":220,"column":8},"end":{"line":220,"column":20}},"77":{"start":{"line":223,"column":6},"end":{"line":226,"column":7}},"78":{"start":{"line":224,"column":8},"end":{"line":224,"column":73}},"79":{"start":{"line":225,"column":8},"end":{"line":225,"column":20}},"80":{"start":{"line":228,"column":23},"end":{"line":228,"column":30}},"81":{"start":{"line":229,"column":25},"end":{"line":237,"column":7}},"82":{"start":{"line":240,"column":37},"end":{"line":247,"column":17}},"83":{"start":{"line":249,"column":6},"end":{"line":258,"column":7}},"84":{"start":{"line":251,"column":8},"end":{"line":255,"column":9}},"85":{"start":{"line":252,"column":10},"end":{"line":252,"column":84}},"86":{"start":{"line":254,"column":10},"end":{"line":254,"column":74}},"87":{"start":{"line":257,"column":8},"end":{"line":257,"column":63}},"88":{"start":{"line":261,"column":6},"end":{"line":261,"column":60}},"89":{"start":{"line":264,"column":55},"end":{"line":267,"column":31}},"90":{"start":{"line":269,"column":6},"end":{"line":279,"column":7}},"91":{"start":{"line":270,"column":8},"end":{"line":270,"column":82}},"92":{"start":{"line":271,"column":13},"end":{"line":279,"column":7}},"93":{"start":{"line":272,"column":28},"end":{"line":272,"column":68}},"94":{"start":{"line":273,"column":33},"end":{"line":273,"column":75}},"95":{"start":{"line":274,"column":23},"end":{"line":274,"column":57}},"96":{"start":{"line":275,"column":8},"end":{"line":275,"column":73}},"97":{"start":{"line":276,"column":8},"end":{"line":276,"column":76}},"98":{"start":{"line":278,"column":8},"end":{"line":278,"column":69}},"99":{"start":{"line":282,"column":63},"end":{"line":285,"column":31}},"100":{"start":{"line":287,"column":6},"end":{"line":293,"column":7}},"101":{"start":{"line":288,"column":32},"end":{"line":288,"column":76}},"102":{"start":{"line":289,"column":37},"end":{"line":289,"column":87}},"103":{"start":{"line":290,"column":23},"end":{"line":290,"column":65}},"104":{"start":{"line":291,"column":8},"end":{"line":291,"column":77}},"105":{"start":{"line":292,"column":8},"end":{"line":292,"column":84}},"106":{"start":{"line":296,"column":35},"end":{"line":299,"column":31}},"107":{"start":{"line":301,"column":6},"end":{"line":307,"column":7}},"108":{"start":{"line":302,"column":30},"end":{"line":302,"column":72}},"109":{"start":{"line":303,"column":35},"end":{"line":303,"column":81}},"110":{"start":{"line":304,"column":23},"end":{"line":304,"column":61}},"111":{"start":{"line":305,"column":8},"end":{"line":305,"column":75}},"112":{"start":{"line":306,"column":8},"end":{"line":306,"column":88}},"113":{"start":{"line":310,"column":6},"end":{"line":324,"column":7}},"114":{"start":{"line":311,"column":27},"end":{"line":311,"column":50}},"115":{"start":{"line":311,"column":45},"end":{"line":311,"column":49}},"116":{"start":{"line":312,"column":46},"end":{"line":315,"column":39}},"117":{"start":{"line":317,"column":8},"end":{"line":323,"column":9}},"118":{"start":{"line":318,"column":24},"end":{"line":318,"column":76}},"119":{"start":{"line":319,"column":29},"end":{"line":319,"column":59}},"120":{"start":{"line":320,"column":25},"end":{"line":320,"column":64}},"121":{"start":{"line":321,"column":10},"end":{"line":321,"column":87}},"122":{"start":{"line":322,"column":10},"end":{"line":322,"column":106}},"123":{"start":{"line":327,"column":20},"end":{"line":327,"column":41}},"124":{"start":{"line":328,"column":28},"end":{"line":328,"column":66}},"125":{"start":{"line":328,"column":49},"end":{"line":328,"column":65}},"126":{"start":{"line":329,"column":6},"end":{"line":333,"column":7}},"127":{"start":{"line":330,"column":8},"end":{"line":330,"column":36}},"128":{"start":{"line":332,"column":8},"end":{"line":332,"column":25}},"129":{"start":{"line":334,"column":6},"end":{"line":334,"column":67}},"130":{"start":{"line":336,"column":6},"end":{"line":336,"column":72}},"131":{"start":{"line":337,"column":6},"end":{"line":337,"column":18}},"132":{"start":{"line":339,"column":6},"end":{"line":339,"column":72}},"133":{"start":{"line":340,"column":6},"end":{"line":340,"column":18}},"134":{"start":{"line":344,"column":19},"end":{"line":368,"column":3}},"135":{"start":{"line":345,"column":22},"end":{"line":345,"column":60}},"136":{"start":{"line":348,"column":18},"end":{"line":348,"column":39}},"137":{"start":{"line":349,"column":25},"end":{"line":354,"column":6}},"138":{"start":{"line":350,"column":6},"end":{"line":352,"column":7}},"139":{"start":{"line":351,"column":8},"end":{"line":351,"column":53}},"140":{"start":{"line":353,"column":6},"end":{"line":353,"column":15}},"141":{"start":{"line":355,"column":4},"end":{"line":355,"column":72}},"142":{"start":{"line":358,"column":4},"end":{"line":358,"column":50}},"143":{"start":{"line":360,"column":4},"end":{"line":367,"column":5}},"144":{"start":{"line":361,"column":6},"end":{"line":366,"column":7}},"145":{"start":{"line":362,"column":21},"end":{"line":362,"column":60}},"146":{"start":{"line":362,"column":44},"end":{"line":362,"column":59}},"147":{"start":{"line":363,"column":8},"end":{"line":363,"column":107}},"148":{"start":{"line":365,"column":8},"end":{"line":365,"column":56}},"149":{"start":{"line":369,"column":15},"end":{"line":470,"column":3}},"150":{"start":{"line":370,"column":18},"end":{"line":370,"column":39}},"151":{"start":{"line":371,"column":17},"end":{"line":371,"column":45}},"152":{"start":{"line":371,"column":33},"end":{"line":371,"column":44}},"153":{"start":{"line":372,"column":21},"end":{"line":372,"column":51}},"154":{"start":{"line":372,"column":39},"end":{"line":372,"column":50}},"155":{"start":{"line":373,"column":4},"end":{"line":373,"column":68}},"156":{"start":{"line":376,"column":4},"end":{"line":376,"column":42}},"157":{"start":{"line":379,"column":21},"end":{"line":379,"column":47}},"158":{"start":{"line":380,"column":23},"end":{"line":380,"column":46}},"159":{"start":{"line":380,"column":41},"end":{"line":380,"column":45}},"160":{"start":{"line":381,"column":24},"end":{"line":381,"column":64}},"161":{"start":{"line":382,"column":4},"end":{"line":385,"column":5}},"162":{"start":{"line":383,"column":31},"end":{"line":383,"column":84}},"163":{"start":{"line":383,"column":67},"end":{"line":383,"column":83}},"164":{"start":{"line":384,"column":6},"end":{"line":384,"column":81}},"165":{"start":{"line":387,"column":4},"end":{"line":389,"column":5}},"166":{"start":{"line":388,"column":6},"end":{"line":388,"column":54}},"167":{"start":{"line":391,"column":25},"end":{"line":391,"column":55}},"168":{"start":{"line":392,"column":27},"end":{"line":392,"column":54}},"169":{"start":{"line":392,"column":49},"end":{"line":392,"column":53}},"170":{"start":{"line":393,"column":28},"end":{"line":393,"column":72}},"171":{"start":{"line":394,"column":4},"end":{"line":397,"column":5}},"172":{"start":{"line":395,"column":35},"end":{"line":395,"column":92}},"173":{"start":{"line":395,"column":75},"end":{"line":395,"column":91}},"174":{"start":{"line":396,"column":6},"end":{"line":396,"column":89}},"175":{"start":{"line":399,"column":4},"end":{"line":401,"column":5}},"176":{"start":{"line":400,"column":6},"end":{"line":400,"column":62}},"177":{"start":{"line":404,"column":26},"end":{"line":404,"column":68}},"178":{"start":{"line":405,"column":4},"end":{"line":418,"column":5}},"179":{"start":{"line":406,"column":32},"end":{"line":406,"column":57}},"180":{"start":{"line":407,"column":33},"end":{"line":409,"column":7}},"181":{"start":{"line":408,"column":8},"end":{"line":408,"column":86}},"182":{"start":{"line":411,"column":6},"end":{"line":413,"column":7}},"183":{"start":{"line":412,"column":8},"end":{"line":412,"column":55}},"184":{"start":{"line":414,"column":33},"end":{"line":416,"column":7}},"185":{"start":{"line":415,"column":8},"end":{"line":415,"column":88}},"186":{"start":{"line":417,"column":6},"end":{"line":417,"column":85}},"187":{"start":{"line":421,"column":18},"end":{"line":421,"column":70}},"188":{"start":{"line":422,"column":4},"end":{"line":425,"column":5}},"189":{"start":{"line":423,"column":25},"end":{"line":423,"column":100}},"190":{"start":{"line":423,"column":56},"end":{"line":423,"column":99}},"191":{"start":{"line":424,"column":6},"end":{"line":424,"column":87}},"192":{"start":{"line":428,"column":4},"end":{"line":469,"column":5}},"193":{"start":{"line":430,"column":33},"end":{"line":430,"column":62}},"194":{"start":{"line":431,"column":22},"end":{"line":431,"column":55}},"195":{"start":{"line":433,"column":6},"end":{"line":466,"column":7}},"196":{"start":{"line":434,"column":8},"end":{"line":434,"column":83}},"197":{"start":{"line":435,"column":8},"end":{"line":463,"column":9}},"198":{"start":{"line":437,"column":10},"end":{"line":440,"column":11}},"199":{"start":{"line":438,"column":12},"end":{"line":438,"column":114}},"200":{"start":{"line":439,"column":12},"end":{"line":439,"column":102}},"201":{"start":{"line":442,"column":10},"end":{"line":445,"column":11}},"202":{"start":{"line":443,"column":12},"end":{"line":443,"column":96}},"203":{"start":{"line":444,"column":12},"end":{"line":444,"column":84}},"204":{"start":{"line":446,"column":10},"end":{"line":449,"column":11}},"205":{"start":{"line":447,"column":12},"end":{"line":447,"column":104}},"206":{"start":{"line":448,"column":12},"end":{"line":448,"column":92}},"207":{"start":{"line":451,"column":10},"end":{"line":451,"column":74}},"208":{"start":{"line":452,"column":10},"end":{"line":452,"column":73}},"209":{"start":{"line":454,"column":10},"end":{"line":454,"column":70}},"210":{"start":{"line":455,"column":10},"end":{"line":455,"column":69}},"211":{"start":{"line":457,"column":10},"end":{"line":457,"column":57}},"212":{"start":{"line":458,"column":10},"end":{"line":458,"column":61}},"213":{"start":{"line":459,"column":10},"end":{"line":459,"column":65}},"214":{"start":{"line":461,"column":10},"end":{"line":461,"column":62}},"215":{"start":{"line":462,"column":10},"end":{"line":462,"column":71}},"216":{"start":{"line":465,"column":8},"end":{"line":465,"column":100}},"217":{"start":{"line":468,"column":6},"end":{"line":468,"column":87}},"218":{"start":{"line":472,"column":13},"end":{"line":495,"column":3}},"219":{"start":{"line":473,"column":18},"end":{"line":473,"column":39}},"220":{"start":{"line":474,"column":26},"end":{"line":474,"column":72}},"221":{"start":{"line":474,"column":55},"end":{"line":474,"column":71}},"222":{"start":{"line":477,"column":4},"end":{"line":477,"column":47}},"223":{"start":{"line":479,"column":4},"end":{"line":487,"column":5}},"224":{"start":{"line":480,"column":6},"end":{"line":480,"column":34}},"225":{"start":{"line":483,"column":6},"end":{"line":483,"column":81}},"226":{"start":{"line":484,"column":6},"end":{"line":484,"column":49}},"227":{"start":{"line":486,"column":6},"end":{"line":486,"column":23}},"228":{"start":{"line":490,"column":4},"end":{"line":490,"column":65}},"229":{"start":{"line":494,"column":4},"end":{"line":494,"column":16}},"230":{"start":{"line":497,"column":16},"end":{"line":501,"column":3}},"231":{"start":{"line":498,"column":18},"end":{"line":498,"column":58}},"232":{"start":{"line":499,"column":21},"end":{"line":499,"column":96}},"233":{"start":{"line":499,"column":70},"end":{"line":499,"column":90}},"234":{"start":{"line":500,"column":4},"end":{"line":500,"column":20}},"235":{"start":{"line":503,"column":16},"end":{"line":524,"column":3}},"236":{"start":{"line":504,"column":24},"end":{"line":504,"column":64}},"237":{"start":{"line":505,"column":19},"end":{"line":505,"column":61}},"238":{"start":{"line":506,"column":26},"end":{"line":506,"column":81}},"239":{"start":{"line":506,"column":61},"end":{"line":506,"column":80}},"240":{"start":{"line":509,"column":4},"end":{"line":509,"column":50}},"241":{"start":{"line":511,"column":4},"end":{"line":516,"column":5}},"242":{"start":{"line":512,"column":6},"end":{"line":512,"column":40}},"243":{"start":{"line":514,"column":6},"end":{"line":514,"column":84}},"244":{"start":{"line":515,"column":6},"end":{"line":515,"column":29}},"245":{"start":{"line":519,"column":4},"end":{"line":519,"column":71}},"246":{"start":{"line":523,"column":4},"end":{"line":523,"column":19}},"247":{"start":{"line":526,"column":18},"end":{"line":551,"column":3}},"248":{"start":{"line":527,"column":24},"end":{"line":527,"column":64}},"249":{"start":{"line":528,"column":18},"end":{"line":528,"column":22}},"250":{"start":{"line":529,"column":4},"end":{"line":534,"column":5}},"251":{"start":{"line":530,"column":23},"end":{"line":530,"column":46}},"252":{"start":{"line":531,"column":6},"end":{"line":531,"column":48}},"253":{"start":{"line":531,"column":35},"end":{"line":531,"column":46}},"254":{"start":{"line":532,"column":23},"end":{"line":532,"column":56}},"255":{"start":{"line":532,"column":44},"end":{"line":532,"column":55}},"256":{"start":{"line":533,"column":6},"end":{"line":533,"column":73}},"257":{"start":{"line":537,"column":4},"end":{"line":537,"column":45}},"258":{"start":{"line":540,"column":26},"end":{"line":540,"column":68}},"259":{"start":{"line":541,"column":4},"end":{"line":550,"column":5}},"260":{"start":{"line":542,"column":32},"end":{"line":542,"column":57}},"261":{"start":{"line":543,"column":33},"end":{"line":543,"column":83}},"262":{"start":{"line":543,"column":63},"end":{"line":543,"column":82}},"263":{"start":{"line":545,"column":6},"end":{"line":547,"column":7}},"264":{"start":{"line":546,"column":8},"end":{"line":546,"column":55}},"265":{"start":{"line":548,"column":23},"end":{"line":548,"column":73}},"266":{"start":{"line":548,"column":53},"end":{"line":548,"column":72}},"267":{"start":{"line":549,"column":6},"end":{"line":549,"column":75}},"268":{"start":{"line":553,"column":20},"end":{"line":557,"column":3}},"269":{"start":{"line":554,"column":18},"end":{"line":554,"column":62}},"270":{"start":{"line":555,"column":25},"end":{"line":555,"column":104}},"271":{"start":{"line":555,"column":78},"end":{"line":555,"column":98}},"272":{"start":{"line":556,"column":4},"end":{"line":556,"column":24}},"273":{"start":{"line":559,"column":20},"end":{"line":580,"column":3}},"274":{"start":{"line":560,"column":28},"end":{"line":560,"column":72}},"275":{"start":{"line":561,"column":23},"end":{"line":561,"column":73}},"276":{"start":{"line":562,"column":26},"end":{"line":562,"column":93}},"277":{"start":{"line":562,"column":69},"end":{"line":562,"column":92}},"278":{"start":{"line":565,"column":4},"end":{"line":565,"column":54}},"279":{"start":{"line":567,"column":4},"end":{"line":572,"column":5}},"280":{"start":{"line":568,"column":6},"end":{"line":568,"column":48}},"281":{"start":{"line":570,"column":6},"end":{"line":570,"column":88}},"282":{"start":{"line":571,"column":6},"end":{"line":571,"column":37}},"283":{"start":{"line":575,"column":4},"end":{"line":575,"column":79}},"284":{"start":{"line":579,"column":4},"end":{"line":579,"column":23}},"285":{"start":{"line":582,"column":22},"end":{"line":607,"column":3}},"286":{"start":{"line":583,"column":28},"end":{"line":583,"column":72}},"287":{"start":{"line":584,"column":22},"end":{"line":584,"column":26}},"288":{"start":{"line":585,"column":4},"end":{"line":590,"column":5}},"289":{"start":{"line":586,"column":27},"end":{"line":586,"column":54}},"290":{"start":{"line":587,"column":6},"end":{"line":587,"column":56}},"291":{"start":{"line":587,"column":43},"end":{"line":587,"column":54}},"292":{"start":{"line":588,"column":23},"end":{"line":588,"column":60}},"293":{"start":{"line":588,"column":48},"end":{"line":588,"column":59}},"294":{"start":{"line":589,"column":6},"end":{"line":589,"column":77}},"295":{"start":{"line":593,"column":4},"end":{"line":593,"column":49}},"296":{"start":{"line":596,"column":26},"end":{"line":596,"column":68}},"297":{"start":{"line":597,"column":4},"end":{"line":606,"column":5}},"298":{"start":{"line":598,"column":32},"end":{"line":598,"column":57}},"299":{"start":{"line":599,"column":33},"end":{"line":599,"column":87}},"300":{"start":{"line":599,"column":63},"end":{"line":599,"column":86}},"301":{"start":{"line":601,"column":6},"end":{"line":603,"column":7}},"302":{"start":{"line":602,"column":8},"end":{"line":602,"column":55}},"303":{"start":{"line":604,"column":23},"end":{"line":604,"column":77}},"304":{"start":{"line":604,"column":53},"end":{"line":604,"column":76}},"305":{"start":{"line":605,"column":6},"end":{"line":605,"column":75}},"306":{"start":{"line":609,"column":18},"end":{"line":615,"column":3}},"307":{"start":{"line":610,"column":4},"end":{"line":610,"column":84}},"308":{"start":{"line":611,"column":18},"end":{"line":611,"column":60}},"309":{"start":{"line":612,"column":23},"end":{"line":612,"column":132}},"310":{"start":{"line":612,"column":81},"end":{"line":612,"column":126}},"311":{"start":{"line":613,"column":4},"end":{"line":613,"column":97}},"312":{"start":{"line":614,"column":4},"end":{"line":614,"column":22}},"313":{"start":{"line":617,"column":21},"end":{"line":621,"column":3}},"314":{"start":{"line":618,"column":18},"end":{"line":618,"column":60}},"315":{"start":{"line":619,"column":26},"end":{"line":619,"column":56}},"316":{"start":{"line":620,"column":4},"end":{"line":620,"column":25}},"317":{"start":{"line":623,"column":19},"end":{"line":658,"column":3}},"318":{"start":{"line":624,"column":4},"end":{"line":624,"column":87}},"319":{"start":{"line":626,"column":4},"end":{"line":629,"column":5}},"320":{"start":{"line":627,"column":6},"end":{"line":627,"column":54}},"321":{"start":{"line":628,"column":6},"end":{"line":628,"column":13}},"322":{"start":{"line":631,"column":24},"end":{"line":631,"column":34}},"323":{"start":{"line":632,"column":4},"end":{"line":632,"column":81}},"324":{"start":{"line":634,"column":26},"end":{"line":634,"column":68}},"325":{"start":{"line":635,"column":21},"end":{"line":635,"column":67}},"326":{"start":{"line":638,"column":22},"end":{"line":638,"column":44}},"327":{"start":{"line":639,"column":17},"end":{"line":639,"column":33}},"328":{"start":{"line":640,"column":4},"end":{"line":640,"column":85}},"329":{"start":{"line":641,"column":4},"end":{"line":641,"column":110}},"330":{"start":{"line":641,"column":60},"end":{"line":641,"column":108}},"331":{"start":{"line":644,"column":34},"end":{"line":649,"column":7}},"332":{"start":{"line":644,"column":57},"end":{"line":649,"column":5}},"333":{"start":{"line":651,"column":4},"end":{"line":651,"column":46}},"334":{"start":{"line":653,"column":4},"end":{"line":653,"column":104}},"335":{"start":{"line":655,"column":4},"end":{"line":655,"column":75}},"336":{"start":{"line":660,"column":12},"end":{"line":672,"column":3}},"337":{"start":{"line":661,"column":18},"end":{"line":661,"column":54}},"338":{"start":{"line":662,"column":4},"end":{"line":662,"column":40}},"339":{"start":{"line":662,"column":15},"end":{"line":662,"column":40}},"340":{"start":{"line":665,"column":20},"end":{"line":665,"column":50}},"341":{"start":{"line":666,"column":4},"end":{"line":670,"column":5}},"342":{"start":{"line":667,"column":19},"end":{"line":667,"column":31}},"343":{"start":{"line":668,"column":6},"end":{"line":668,"column":65}},"344":{"start":{"line":669,"column":6},"end":{"line":669,"column":18}},"345":{"start":{"line":671,"column":4},"end":{"line":671,"column":16}},"346":{"start":{"line":674,"column":12},"end":{"line":676,"column":3}},"347":{"start":{"line":675,"column":4},"end":{"line":675,"column":63}},"348":{"start":{"line":680,"column":27},"end":{"line":691,"column":3}},"349":{"start":{"line":682,"column":18},"end":{"line":682,"column":70}},"350":{"start":{"line":683,"column":18},"end":{"line":683,"column":48}},"351":{"start":{"line":684,"column":32},"end":{"line":684,"column":87}},"352":{"start":{"line":684,"column":51},"end":{"line":684,"column":86}},"353":{"start":{"line":690,"column":4},"end":{"line":690,"column":56}},"354":{"start":{"line":690,"column":41},"end":{"line":690,"column":54}},"355":{"start":{"line":693,"column":28},"end":{"line":720,"column":3}},"356":{"start":{"line":694,"column":4},"end":{"line":694,"column":96}},"357":{"start":{"line":697,"column":18},"end":{"line":697,"column":70}},"358":{"start":{"line":698,"column":16},"end":{"line":698,"column":46}},"359":{"start":{"line":699,"column":4},"end":{"line":699,"column":83}},"360":{"start":{"line":701,"column":4},"end":{"line":701,"column":90}},"361":{"start":{"line":701,"column":53},"end":{"line":701,"column":88}},"362":{"start":{"line":702,"column":4},"end":{"line":702,"column":95}},"363":{"start":{"line":705,"column":4},"end":{"line":713,"column":7}},"364":{"start":{"line":706,"column":40},"end":{"line":710,"column":7}},"365":{"start":{"line":711,"column":6},"end":{"line":711,"column":24}},"366":{"start":{"line":712,"column":6},"end":{"line":712,"column":69}},"367":{"start":{"line":716,"column":4},"end":{"line":716,"column":80}},"368":{"start":{"line":717,"column":4},"end":{"line":717,"column":90}},"369":{"start":{"line":723,"column":32},"end":{"line":732,"column":3}},"370":{"start":{"line":724,"column":25},"end":{"line":724,"column":59}},"371":{"start":{"line":727,"column":4},"end":{"line":729,"column":5}},"372":{"start":{"line":728,"column":6},"end":{"line":728,"column":92}},"373":{"start":{"line":731,"column":4},"end":{"line":731,"column":24}},"374":{"start":{"line":735,"column":27},"end":{"line":735,"column":44}}},"fnMap":{"0":{"name":"(anonymous_0)","decl":{"start":{"line":76,"column":2},"end":{"line":76,"column":3}},"loc":{"start":{"line":76,"column":16},"end":{"line":80,"column":3}},"line":76},"1":{"name":"(anonymous_1)","decl":{"start":{"line":83,"column":31},"end":{"line":83,"column":32}},"loc":{"start":{"line":83,"column":43},"end":{"line":106,"column":3}},"line":83},"2":{"name":"(anonymous_2)","decl":{"start":{"line":109,"column":44},"end":{"line":109,"column":45}},"loc":{"start":{"line":109,"column":56},"end":{"line":146,"column":3}},"line":109},"3":{"name":"(anonymous_3)","decl":{"start":{"line":117,"column":24},"end":{"line":117,"column":25}},"loc":{"start":{"line":117,"column":52},"end":{"line":120,"column":5}},"line":117},"4":{"name":"(anonymous_4)","decl":{"start":{"line":122,"column":46},"end":{"line":122,"column":47}},"loc":{"start":{"line":122,"column":71},"end":{"line":140,"column":5}},"line":122},"5":{"name":"(anonymous_5)","decl":{"start":{"line":148,"column":16},"end":{"line":148,"column":17}},"loc":{"start":{"line":148,"column":22},"end":{"line":159,"column":3}},"line":148},"6":{"name":"(anonymous_6)","decl":{"start":{"line":151,"column":12},"end":{"line":151,"column":13}},"loc":{"start":{"line":151,"column":18},"end":{"line":154,"column":7}},"line":151},"7":{"name":"(anonymous_7)","decl":{"start":{"line":155,"column":6},"end":{"line":155,"column":7}},"loc":{"start":{"line":155,"column":12},"end":{"line":158,"column":7}},"line":155},"8":{"name":"(anonymous_8)","decl":{"start":{"line":166,"column":28},"end":{"line":166,"column":29}},"loc":{"start":{"line":166,"column":63},"end":{"line":175,"column":3}},"line":166},"9":{"name":"(anonymous_9)","decl":{"start":{"line":177,"column":18},"end":{"line":177,"column":19}},"loc":{"start":{"line":177,"column":81},"end":{"line":184,"column":3}},"line":177},"10":{"name":"(anonymous_10)","decl":{"start":{"line":186,"column":22},"end":{"line":186,"column":23}},"loc":{"start":{"line":186,"column":88},"end":{"line":191,"column":3}},"line":186},"11":{"name":"(anonymous_11)","decl":{"start":{"line":188,"column":41},"end":{"line":188,"column":42}},"loc":{"start":{"line":188,"column":47},"end":{"line":188,"column":64}},"line":188},"12":{"name":"(anonymous_12)","decl":{"start":{"line":193,"column":18},"end":{"line":193,"column":19}},"loc":{"start":{"line":193,"column":73},"end":{"line":196,"column":3}},"line":193},"13":{"name":"(anonymous_13)","decl":{"start":{"line":198,"column":13},"end":{"line":198,"column":14}},"loc":{"start":{"line":198,"column":42},"end":{"line":202,"column":3}},"line":198},"14":{"name":"(anonymous_14)","decl":{"start":{"line":204,"column":12},"end":{"line":204,"column":13}},"loc":{"start":{"line":204,"column":56},"end":{"line":207,"column":3}},"line":204},"15":{"name":"(anonymous_15)","decl":{"start":{"line":206,"column":22},"end":{"line":206,"column":23}},"loc":{"start":{"line":206,"column":27},"end":{"line":206,"column":38}},"line":206},"16":{"name":"(anonymous_16)","decl":{"start":{"line":210,"column":19},"end":{"line":210,"column":20}},"loc":{"start":{"line":210,"column":70},"end":{"line":342,"column":3}},"line":210},"17":{"name":"(anonymous_17)","decl":{"start":{"line":311,"column":40},"end":{"line":311,"column":41}},"loc":{"start":{"line":311,"column":45},"end":{"line":311,"column":49}},"line":311},"18":{"name":"(anonymous_18)","decl":{"start":{"line":328,"column":44},"end":{"line":328,"column":45}},"loc":{"start":{"line":328,"column":49},"end":{"line":328,"column":65}},"line":328},"19":{"name":"(anonymous_19)","decl":{"start":{"line":344,"column":19},"end":{"line":344,"column":20}},"loc":{"start":{"line":344,"column":60},"end":{"line":368,"column":3}},"line":344},"20":{"name":"(anonymous_20)","decl":{"start":{"line":349,"column":35},"end":{"line":349,"column":36}},"loc":{"start":{"line":349,"column":40},"end":{"line":354,"column":5}},"line":349},"21":{"name":"(anonymous_21)","decl":{"start":{"line":362,"column":39},"end":{"line":362,"column":40}},"loc":{"start":{"line":362,"column":44},"end":{"line":362,"column":59}},"line":362},"22":{"name":"(anonymous_22)","decl":{"start":{"line":369,"column":15},"end":{"line":369,"column":16}},"loc":{"start":{"line":369,"column":52},"end":{"line":470,"column":3}},"line":369},"23":{"name":"(anonymous_23)","decl":{"start":{"line":371,"column":28},"end":{"line":371,"column":29}},"loc":{"start":{"line":371,"column":33},"end":{"line":371,"column":44}},"line":371},"24":{"name":"(anonymous_24)","decl":{"start":{"line":372,"column":34},"end":{"line":372,"column":35}},"loc":{"start":{"line":372,"column":39},"end":{"line":372,"column":50}},"line":372},"25":{"name":"(anonymous_25)","decl":{"start":{"line":380,"column":36},"end":{"line":380,"column":37}},"loc":{"start":{"line":380,"column":41},"end":{"line":380,"column":45}},"line":380},"26":{"name":"(anonymous_26)","decl":{"start":{"line":383,"column":62},"end":{"line":383,"column":63}},"loc":{"start":{"line":383,"column":67},"end":{"line":383,"column":83}},"line":383},"27":{"name":"(anonymous_27)","decl":{"start":{"line":392,"column":44},"end":{"line":392,"column":45}},"loc":{"start":{"line":392,"column":49},"end":{"line":392,"column":53}},"line":392},"28":{"name":"(anonymous_28)","decl":{"start":{"line":395,"column":70},"end":{"line":395,"column":71}},"loc":{"start":{"line":395,"column":75},"end":{"line":395,"column":91}},"line":395},"29":{"name":"(anonymous_29)","decl":{"start":{"line":407,"column":58},"end":{"line":407,"column":59}},"loc":{"start":{"line":408,"column":8},"end":{"line":408,"column":86}},"line":408},"30":{"name":"(anonymous_30)","decl":{"start":{"line":414,"column":58},"end":{"line":414,"column":59}},"loc":{"start":{"line":415,"column":8},"end":{"line":415,"column":88}},"line":415},"31":{"name":"(anonymous_31)","decl":{"start":{"line":423,"column":50},"end":{"line":423,"column":51}},"loc":{"start":{"line":423,"column":56},"end":{"line":423,"column":99}},"line":423},"32":{"name":"(anonymous_32)","decl":{"start":{"line":472,"column":13},"end":{"line":472,"column":14}},"loc":{"start":{"line":472,"column":50},"end":{"line":495,"column":3}},"line":472},"33":{"name":"(anonymous_33)","decl":{"start":{"line":474,"column":42},"end":{"line":474,"column":43}},"loc":{"start":{"line":474,"column":55},"end":{"line":474,"column":71}},"line":474},"34":{"name":"(anonymous_34)","decl":{"start":{"line":497,"column":16},"end":{"line":497,"column":17}},"loc":{"start":{"line":497,"column":62},"end":{"line":501,"column":3}},"line":497},"35":{"name":"(anonymous_35)","decl":{"start":{"line":499,"column":54},"end":{"line":499,"column":55}},"loc":{"start":{"line":499,"column":70},"end":{"line":499,"column":90}},"line":499},"36":{"name":"(anonymous_36)","decl":{"start":{"line":503,"column":16},"end":{"line":503,"column":17}},"loc":{"start":{"line":503,"column":62},"end":{"line":524,"column":3}},"line":503},"37":{"name":"(anonymous_37)","decl":{"start":{"line":506,"column":45},"end":{"line":506,"column":46}},"loc":{"start":{"line":506,"column":61},"end":{"line":506,"column":80}},"line":506},"38":{"name":"(anonymous_38)","decl":{"start":{"line":526,"column":18},"end":{"line":526,"column":19}},"loc":{"start":{"line":526,"column":55},"end":{"line":551,"column":3}},"line":526},"39":{"name":"(anonymous_39)","decl":{"start":{"line":531,"column":30},"end":{"line":531,"column":31}},"loc":{"start":{"line":531,"column":35},"end":{"line":531,"column":46}},"line":531},"40":{"name":"(anonymous_40)","decl":{"start":{"line":532,"column":39},"end":{"line":532,"column":40}},"loc":{"start":{"line":532,"column":44},"end":{"line":532,"column":55}},"line":532},"41":{"name":"(anonymous_41)","decl":{"start":{"line":543,"column":58},"end":{"line":543,"column":59}},"loc":{"start":{"line":543,"column":63},"end":{"line":543,"column":82}},"line":543},"42":{"name":"(anonymous_42)","decl":{"start":{"line":548,"column":48},"end":{"line":548,"column":49}},"loc":{"start":{"line":548,"column":53},"end":{"line":548,"column":72}},"line":548},"43":{"name":"(anonymous_43)","decl":{"start":{"line":553,"column":20},"end":{"line":553,"column":21}},"loc":{"start":{"line":553,"column":70},"end":{"line":557,"column":3}},"line":553},"44":{"name":"(anonymous_44)","decl":{"start":{"line":555,"column":58},"end":{"line":555,"column":59}},"loc":{"start":{"line":555,"column":78},"end":{"line":555,"column":98}},"line":555},"45":{"name":"(anonymous_45)","decl":{"start":{"line":559,"column":20},"end":{"line":559,"column":21}},"loc":{"start":{"line":559,"column":78},"end":{"line":580,"column":3}},"line":559},"46":{"name":"(anonymous_46)","decl":{"start":{"line":562,"column":49},"end":{"line":562,"column":50}},"loc":{"start":{"line":562,"column":69},"end":{"line":562,"column":92}},"line":562},"47":{"name":"(anonymous_47)","decl":{"start":{"line":582,"column":22},"end":{"line":582,"column":23}},"loc":{"start":{"line":582,"column":59},"end":{"line":607,"column":3}},"line":582},"48":{"name":"(anonymous_48)","decl":{"start":{"line":587,"column":38},"end":{"line":587,"column":39}},"loc":{"start":{"line":587,"column":43},"end":{"line":587,"column":54}},"line":587},"49":{"name":"(anonymous_49)","decl":{"start":{"line":588,"column":43},"end":{"line":588,"column":44}},"loc":{"start":{"line":588,"column":48},"end":{"line":588,"column":59}},"line":588},"50":{"name":"(anonymous_50)","decl":{"start":{"line":599,"column":58},"end":{"line":599,"column":59}},"loc":{"start":{"line":599,"column":63},"end":{"line":599,"column":86}},"line":599},"51":{"name":"(anonymous_51)","decl":{"start":{"line":604,"column":48},"end":{"line":604,"column":49}},"loc":{"start":{"line":604,"column":53},"end":{"line":604,"column":76}},"line":604},"52":{"name":"(anonymous_52)","decl":{"start":{"line":609,"column":18},"end":{"line":609,"column":19}},"loc":{"start":{"line":609,"column":90},"end":{"line":615,"column":3}},"line":609},"53":{"name":"(anonymous_53)","decl":{"start":{"line":612,"column":56},"end":{"line":612,"column":57}},"loc":{"start":{"line":612,"column":81},"end":{"line":612,"column":126}},"line":612},"54":{"name":"(anonymous_54)","decl":{"start":{"line":617,"column":21},"end":{"line":617,"column":22}},"loc":{"start":{"line":617,"column":62},"end":{"line":621,"column":3}},"line":617},"55":{"name":"(anonymous_55)","decl":{"start":{"line":623,"column":19},"end":{"line":623,"column":20}},"loc":{"start":{"line":623,"column":73},"end":{"line":658,"column":3}},"line":623},"56":{"name":"(anonymous_56)","decl":{"start":{"line":641,"column":35},"end":{"line":641,"column":36}},"loc":{"start":{"line":641,"column":60},"end":{"line":641,"column":108}},"line":641},"57":{"name":"(anonymous_57)","decl":{"start":{"line":644,"column":46},"end":{"line":644,"column":47}},"loc":{"start":{"line":644,"column":57},"end":{"line":649,"column":5}},"line":644},"58":{"name":"(anonymous_58)","decl":{"start":{"line":660,"column":12},"end":{"line":660,"column":13}},"loc":{"start":{"line":660,"column":46},"end":{"line":672,"column":3}},"line":660},"59":{"name":"(anonymous_59)","decl":{"start":{"line":674,"column":12},"end":{"line":674,"column":13}},"loc":{"start":{"line":674,"column":49},"end":{"line":676,"column":3}},"line":674},"60":{"name":"(anonymous_60)","decl":{"start":{"line":680,"column":27},"end":{"line":680,"column":28}},"loc":{"start":{"line":680,"column":79},"end":{"line":691,"column":3}},"line":680},"61":{"name":"(anonymous_61)","decl":{"start":{"line":684,"column":45},"end":{"line":684,"column":46}},"loc":{"start":{"line":684,"column":51},"end":{"line":684,"column":86}},"line":684},"62":{"name":"(anonymous_62)","decl":{"start":{"line":690,"column":35},"end":{"line":690,"column":36}},"loc":{"start":{"line":690,"column":41},"end":{"line":690,"column":54}},"line":690},"63":{"name":"(anonymous_63)","decl":{"start":{"line":693,"column":28},"end":{"line":693,"column":29}},"loc":{"start":{"line":693,"column":98},"end":{"line":720,"column":3}},"line":693},"64":{"name":"(anonymous_64)","decl":{"start":{"line":701,"column":25},"end":{"line":701,"column":26}},"loc":{"start":{"line":701,"column":53},"end":{"line":701,"column":88}},"line":701},"65":{"name":"(anonymous_65)","decl":{"start":{"line":705,"column":23},"end":{"line":705,"column":24}},"loc":{"start":{"line":705,"column":36},"end":{"line":713,"column":5}},"line":705},"66":{"name":"(anonymous_66)","decl":{"start":{"line":723,"column":32},"end":{"line":723,"column":33}},"loc":{"start":{"line":723,"column":82},"end":{"line":732,"column":3}},"line":723}},"branchMap":{"0":{"loc":{"start":{"line":95,"column":6},"end":{"line":101,"column":7}},"type":"if","locations":[{"start":{"line":95,"column":6},"end":{"line":101,"column":7}},{"start":{},"end":{}}],"line":95},"1":{"loc":{"start":{"line":111,"column":4},"end":{"line":111,"column":32}},"type":"if","locations":[{"start":{"line":111,"column":4},"end":{"line":111,"column":32}},{"start":{},"end":{}}],"line":111},"2":{"loc":{"start":{"line":118,"column":6},"end":{"line":118,"column":49}},"type":"if","locations":[{"start":{"line":118,"column":6},"end":{"line":118,"column":49}},{"start":{},"end":{}}],"line":118},"3":{"loc":{"start":{"line":118,"column":10},"end":{"line":118,"column":35}},"type":"binary-expr","locations":[{"start":{"line":118,"column":10},"end":{"line":118,"column":13}},{"start":{"line":118,"column":17},"end":{"line":118,"column":35}}],"line":118},"4":{"loc":{"start":{"line":127,"column":22},"end":{"line":127,"column":69}},"type":"binary-expr","locations":[{"start":{"line":127,"column":22},"end":{"line":127,"column":29}},{"start":{"line":127,"column":33},"end":{"line":127,"column":51}},{"start":{"line":127,"column":55},"end":{"line":127,"column":69}}],"line":127},"5":{"loc":{"start":{"line":129,"column":6},"end":{"line":138,"column":7}},"type":"if","locations":[{"start":{"line":129,"column":6},"end":{"line":138,"column":7}},{"start":{},"end":{}}],"line":129},"6":{"loc":{"start":{"line":142,"column":4},"end":{"line":145,"column":5}},"type":"if","locations":[{"start":{"line":142,"column":4},"end":{"line":145,"column":5}},{"start":{},"end":{}}],"line":142},"7":{"loc":{"start":{"line":168,"column":11},"end":{"line":174,"column":5}},"type":"cond-expr","locations":[{"start":{"line":168,"column":18},"end":{"line":168,"column":34}},{"start":{"line":168,"column":37},"end":{"line":174,"column":5}}],"line":168},"8":{"loc":{"start":{"line":179,"column":4},"end":{"line":183,"column":5}},"type":"if","locations":[{"start":{"line":179,"column":4},"end":{"line":183,"column":5}},{"start":{},"end":{}}],"line":179},"9":{"loc":{"start":{"line":200,"column":18},"end":{"line":200,"column":48}},"type":"cond-expr","locations":[{"start":{"line":200,"column":26},"end":{"line":200,"column":43}},{"start":{"line":200,"column":46},"end":{"line":200,"column":48}}],"line":200},"10":{"loc":{"start":{"line":206,"column":11},"end":{"line":206,"column":47}},"type":"binary-expr","locations":[{"start":{"line":206,"column":11},"end":{"line":206,"column":39}},{"start":{"line":206,"column":43},"end":{"line":206,"column":47}}],"line":206},"11":{"loc":{"start":{"line":218,"column":6},"end":{"line":221,"column":7}},"type":"if","locations":[{"start":{"line":218,"column":6},"end":{"line":221,"column":7}},{"start":{},"end":{}}],"line":218},"12":{"loc":{"start":{"line":223,"column":6},"end":{"line":226,"column":7}},"type":"if","locations":[{"start":{"line":223,"column":6},"end":{"line":226,"column":7}},{"start":{},"end":{}}],"line":223},"13":{"loc":{"start":{"line":223,"column":10},"end":{"line":223,"column":36}},"type":"binary-expr","locations":[{"start":{"line":223,"column":10},"end":{"line":223,"column":15}},{"start":{"line":223,"column":19},"end":{"line":223,"column":36}}],"line":223},"14":{"loc":{"start":{"line":249,"column":6},"end":{"line":258,"column":7}},"type":"if","locations":[{"start":{"line":249,"column":6},"end":{"line":258,"column":7}},{"start":{"line":256,"column":13},"end":{"line":258,"column":7}}],"line":249},"15":{"loc":{"start":{"line":251,"column":8},"end":{"line":255,"column":9}},"type":"if","locations":[{"start":{"line":251,"column":8},"end":{"line":255,"column":9}},{"start":{"line":253,"column":15},"end":{"line":255,"column":9}}],"line":251},"16":{"loc":{"start":{"line":269,"column":6},"end":{"line":279,"column":7}},"type":"if","locations":[{"start":{"line":269,"column":6},"end":{"line":279,"column":7}},{"start":{"line":271,"column":13},"end":{"line":279,"column":7}}],"line":269},"17":{"loc":{"start":{"line":271,"column":13},"end":{"line":279,"column":7}},"type":"if","locations":[{"start":{"line":271,"column":13},"end":{"line":279,"column":7}},{"start":{"line":277,"column":13},"end":{"line":279,"column":7}}],"line":271},"18":{"loc":{"start":{"line":271,"column":17},"end":{"line":271,"column":48}},"type":"binary-expr","locations":[{"start":{"line":271,"column":17},"end":{"line":271,"column":25}},{"start":{"line":271,"column":29},"end":{"line":271,"column":48}}],"line":271},"19":{"loc":{"start":{"line":273,"column":33},"end":{"line":273,"column":75}},"type":"cond-expr","locations":[{"start":{"line":273,"column":47},"end":{"line":273,"column":70}},{"start":{"line":273,"column":73},"end":{"line":273,"column":75}}],"line":273},"20":{"loc":{"start":{"line":287,"column":6},"end":{"line":293,"column":7}},"type":"if","locations":[{"start":{"line":287,"column":6},"end":{"line":293,"column":7}},{"start":{},"end":{}}],"line":287},"21":{"loc":{"start":{"line":287,"column":10},"end":{"line":287,"column":49}},"type":"binary-expr","locations":[{"start":{"line":287,"column":10},"end":{"line":287,"column":22}},{"start":{"line":287,"column":26},"end":{"line":287,"column":49}}],"line":287},"22":{"loc":{"start":{"line":289,"column":37},"end":{"line":289,"column":87}},"type":"cond-expr","locations":[{"start":{"line":289,"column":55},"end":{"line":289,"column":82}},{"start":{"line":289,"column":85},"end":{"line":289,"column":87}}],"line":289},"23":{"loc":{"start":{"line":301,"column":6},"end":{"line":307,"column":7}},"type":"if","locations":[{"start":{"line":301,"column":6},"end":{"line":307,"column":7}},{"start":{},"end":{}}],"line":301},"24":{"loc":{"start":{"line":301,"column":10},"end":{"line":301,"column":45}},"type":"binary-expr","locations":[{"start":{"line":301,"column":10},"end":{"line":301,"column":20}},{"start":{"line":301,"column":24},"end":{"line":301,"column":45}}],"line":301},"25":{"loc":{"start":{"line":303,"column":35},"end":{"line":303,"column":81}},"type":"cond-expr","locations":[{"start":{"line":303,"column":51},"end":{"line":303,"column":76}},{"start":{"line":303,"column":79},"end":{"line":303,"column":81}}],"line":303},"26":{"loc":{"start":{"line":310,"column":6},"end":{"line":324,"column":7}},"type":"if","locations":[{"start":{"line":310,"column":6},"end":{"line":324,"column":7}},{"start":{},"end":{}}],"line":310},"27":{"loc":{"start":{"line":310,"column":10},"end":{"line":310,"column":41}},"type":"binary-expr","locations":[{"start":{"line":310,"column":10},"end":{"line":310,"column":18}},{"start":{"line":310,"column":22},"end":{"line":310,"column":41}}],"line":310},"28":{"loc":{"start":{"line":317,"column":8},"end":{"line":323,"column":9}},"type":"if","locations":[{"start":{"line":317,"column":8},"end":{"line":323,"column":9}},{"start":{},"end":{}}],"line":317},"29":{"loc":{"start":{"line":317,"column":12},"end":{"line":317,"column":65}},"type":"binary-expr","locations":[{"start":{"line":317,"column":12},"end":{"line":317,"column":31}},{"start":{"line":317,"column":35},"end":{"line":317,"column":65}}],"line":317},"30":{"loc":{"start":{"line":319,"column":29},"end":{"line":319,"column":59}},"type":"cond-expr","locations":[{"start":{"line":319,"column":37},"end":{"line":319,"column":54}},{"start":{"line":319,"column":57},"end":{"line":319,"column":59}}],"line":319},"31":{"loc":{"start":{"line":329,"column":6},"end":{"line":333,"column":7}},"type":"if","locations":[{"start":{"line":329,"column":6},"end":{"line":333,"column":7}},{"start":{"line":331,"column":13},"end":{"line":333,"column":7}}],"line":329},"32":{"loc":{"start":{"line":350,"column":6},"end":{"line":352,"column":7}},"type":"if","locations":[{"start":{"line":350,"column":6},"end":{"line":352,"column":7}},{"start":{},"end":{}}],"line":350},"33":{"loc":{"start":{"line":360,"column":4},"end":{"line":367,"column":5}},"type":"if","locations":[{"start":{"line":360,"column":4},"end":{"line":367,"column":5}},{"start":{},"end":{}}],"line":360},"34":{"loc":{"start":{"line":382,"column":4},"end":{"line":385,"column":5}},"type":"if","locations":[{"start":{"line":382,"column":4},"end":{"line":385,"column":5}},{"start":{},"end":{}}],"line":382},"35":{"loc":{"start":{"line":394,"column":4},"end":{"line":397,"column":5}},"type":"if","locations":[{"start":{"line":394,"column":4},"end":{"line":397,"column":5}},{"start":{},"end":{}}],"line":394},"36":{"loc":{"start":{"line":405,"column":4},"end":{"line":418,"column":5}},"type":"if","locations":[{"start":{"line":405,"column":4},"end":{"line":418,"column":5}},{"start":{},"end":{}}],"line":405},"37":{"loc":{"start":{"line":408,"column":8},"end":{"line":408,"column":86}},"type":"binary-expr","locations":[{"start":{"line":408,"column":8},"end":{"line":408,"column":41}},{"start":{"line":408,"column":45},"end":{"line":408,"column":86}}],"line":408},"38":{"loc":{"start":{"line":415,"column":8},"end":{"line":415,"column":88}},"type":"binary-expr","locations":[{"start":{"line":415,"column":8},"end":{"line":415,"column":42}},{"start":{"line":415,"column":46},"end":{"line":415,"column":88}}],"line":415},"39":{"loc":{"start":{"line":422,"column":4},"end":{"line":425,"column":5}},"type":"if","locations":[{"start":{"line":422,"column":4},"end":{"line":425,"column":5}},{"start":{},"end":{}}],"line":422},"40":{"loc":{"start":{"line":428,"column":4},"end":{"line":469,"column":5}},"type":"if","locations":[{"start":{"line":428,"column":4},"end":{"line":469,"column":5}},{"start":{"line":467,"column":11},"end":{"line":469,"column":5}}],"line":428},"41":{"loc":{"start":{"line":428,"column":8},"end":{"line":428,"column":29}},"type":"binary-expr","locations":[{"start":{"line":428,"column":8},"end":{"line":428,"column":21}},{"start":{"line":428,"column":25},"end":{"line":428,"column":29}}],"line":428},"42":{"loc":{"start":{"line":431,"column":22},"end":{"line":431,"column":55}},"type":"binary-expr","locations":[{"start":{"line":431,"column":22},"end":{"line":431,"column":26}},{"start":{"line":431,"column":30},"end":{"line":431,"column":55}}],"line":431},"43":{"loc":{"start":{"line":433,"column":6},"end":{"line":466,"column":7}},"type":"if","locations":[{"start":{"line":433,"column":6},"end":{"line":466,"column":7}},{"start":{"line":464,"column":13},"end":{"line":466,"column":7}}],"line":433},"44":{"loc":{"start":{"line":437,"column":10},"end":{"line":440,"column":11}},"type":"if","locations":[{"start":{"line":437,"column":10},"end":{"line":440,"column":11}},{"start":{},"end":{}}],"line":437},"45":{"loc":{"start":{"line":442,"column":10},"end":{"line":445,"column":11}},"type":"if","locations":[{"start":{"line":442,"column":10},"end":{"line":445,"column":11}},{"start":{},"end":{}}],"line":442},"46":{"loc":{"start":{"line":446,"column":10},"end":{"line":449,"column":11}},"type":"if","locations":[{"start":{"line":446,"column":10},"end":{"line":449,"column":11}},{"start":{},"end":{}}],"line":446},"47":{"loc":{"start":{"line":479,"column":4},"end":{"line":487,"column":5}},"type":"if","locations":[{"start":{"line":479,"column":4},"end":{"line":487,"column":5}},{"start":{"line":481,"column":11},"end":{"line":487,"column":5}}],"line":479},"48":{"loc":{"start":{"line":499,"column":21},"end":{"line":499,"column":96}},"type":"cond-expr","locations":[{"start":{"line":499,"column":29},"end":{"line":499,"column":91}},{"start":{"line":499,"column":94},"end":{"line":499,"column":96}}],"line":499},"49":{"loc":{"start":{"line":505,"column":19},"end":{"line":505,"column":61}},"type":"cond-expr","locations":[{"start":{"line":505,"column":33},"end":{"line":505,"column":56}},{"start":{"line":505,"column":59},"end":{"line":505,"column":61}}],"line":505},"50":{"loc":{"start":{"line":511,"column":4},"end":{"line":516,"column":5}},"type":"if","locations":[{"start":{"line":511,"column":4},"end":{"line":516,"column":5}},{"start":{"line":513,"column":11},"end":{"line":516,"column":5}}],"line":511},"51":{"loc":{"start":{"line":529,"column":4},"end":{"line":534,"column":5}},"type":"if","locations":[{"start":{"line":529,"column":4},"end":{"line":534,"column":5}},{"start":{},"end":{}}],"line":529},"52":{"loc":{"start":{"line":541,"column":4},"end":{"line":550,"column":5}},"type":"if","locations":[{"start":{"line":541,"column":4},"end":{"line":550,"column":5}},{"start":{},"end":{}}],"line":541},"53":{"loc":{"start":{"line":555,"column":25},"end":{"line":555,"column":104}},"type":"cond-expr","locations":[{"start":{"line":555,"column":33},"end":{"line":555,"column":99}},{"start":{"line":555,"column":102},"end":{"line":555,"column":104}}],"line":555},"54":{"loc":{"start":{"line":561,"column":23},"end":{"line":561,"column":73}},"type":"cond-expr","locations":[{"start":{"line":561,"column":41},"end":{"line":561,"column":68}},{"start":{"line":561,"column":71},"end":{"line":561,"column":73}}],"line":561},"55":{"loc":{"start":{"line":567,"column":4},"end":{"line":572,"column":5}},"type":"if","locations":[{"start":{"line":567,"column":4},"end":{"line":572,"column":5}},{"start":{"line":569,"column":11},"end":{"line":572,"column":5}}],"line":567},"56":{"loc":{"start":{"line":585,"column":4},"end":{"line":590,"column":5}},"type":"if","locations":[{"start":{"line":585,"column":4},"end":{"line":590,"column":5}},{"start":{},"end":{}}],"line":585},"57":{"loc":{"start":{"line":597,"column":4},"end":{"line":606,"column":5}},"type":"if","locations":[{"start":{"line":597,"column":4},"end":{"line":606,"column":5}},{"start":{},"end":{}}],"line":597},"58":{"loc":{"start":{"line":612,"column":23},"end":{"line":612,"column":132}},"type":"cond-expr","locations":[{"start":{"line":612,"column":31},"end":{"line":612,"column":127}},{"start":{"line":612,"column":130},"end":{"line":612,"column":132}}],"line":612},"59":{"loc":{"start":{"line":612,"column":81},"end":{"line":612,"column":126}},"type":"binary-expr","locations":[{"start":{"line":612,"column":81},"end":{"line":612,"column":107}},{"start":{"line":612,"column":111},"end":{"line":612,"column":126}}],"line":612},"60":{"loc":{"start":{"line":619,"column":26},"end":{"line":619,"column":56}},"type":"cond-expr","locations":[{"start":{"line":619,"column":34},"end":{"line":619,"column":51}},{"start":{"line":619,"column":54},"end":{"line":619,"column":56}}],"line":619},"61":{"loc":{"start":{"line":626,"column":4},"end":{"line":629,"column":5}},"type":"if","locations":[{"start":{"line":626,"column":4},"end":{"line":629,"column":5}},{"start":{},"end":{}}],"line":626},"62":{"loc":{"start":{"line":635,"column":21},"end":{"line":635,"column":67}},"type":"cond-expr","locations":[{"start":{"line":635,"column":37},"end":{"line":635,"column":62}},{"start":{"line":635,"column":65},"end":{"line":635,"column":67}}],"line":635},"63":{"loc":{"start":{"line":641,"column":62},"end":{"line":641,"column":107}},"type":"binary-expr","locations":[{"start":{"line":641,"column":62},"end":{"line":641,"column":88}},{"start":{"line":641,"column":92},"end":{"line":641,"column":107}}],"line":641},"64":{"loc":{"start":{"line":662,"column":4},"end":{"line":662,"column":40}},"type":"if","locations":[{"start":{"line":662,"column":4},"end":{"line":662,"column":40}},{"start":{},"end":{}}],"line":662},"65":{"loc":{"start":{"line":666,"column":4},"end":{"line":670,"column":5}},"type":"if","locations":[{"start":{"line":666,"column":4},"end":{"line":670,"column":5}},{"start":{},"end":{}}],"line":666},"66":{"loc":{"start":{"line":666,"column":8},"end":{"line":666,"column":38}},"type":"binary-expr","locations":[{"start":{"line":666,"column":8},"end":{"line":666,"column":21}},{"start":{"line":666,"column":25},"end":{"line":666,"column":38}}],"line":666},"67":{"loc":{"start":{"line":683,"column":18},"end":{"line":683,"column":48}},"type":"cond-expr","locations":[{"start":{"line":683,"column":26},"end":{"line":683,"column":43}},{"start":{"line":683,"column":46},"end":{"line":683,"column":48}}],"line":683},"68":{"loc":{"start":{"line":698,"column":16},"end":{"line":698,"column":46}},"type":"cond-expr","locations":[{"start":{"line":698,"column":24},"end":{"line":698,"column":41}},{"start":{"line":698,"column":44},"end":{"line":698,"column":46}}],"line":698}},"s":{"0":4,"1":4,"2":4,"3":4,"4":4,"5":4,"6":4,"7":4,"8":4,"9":4,"10":4,"11":4,"12":24,"13":24,"14":0,"15":0,"16":0,"17":4,"18":4,"19":4,"20":4,"21":4,"22":0,"23":0,"24":0,"25":0,"26":0,"27":0,"28":0,"29":0,"30":0,"31":0,"32":0,"33":0,"34":0,"35":0,"36":0,"37":0,"38":0,"39":4,"40":0,"41":0,"42":0,"43":0,"44":0,"45":4,"46":13,"47":13,"48":4,"49":13,"50":13,"51":13,"52":13,"53":13,"54":4,"55":0,"56":0,"57":0,"58":0,"59":0,"60":4,"61":0,"62":0,"63":4,"64":19,"65":19,"66":19,"67":4,"68":2,"69":2,"70":2,"71":4,"72":3,"73":3,"74":3,"75":0,"76":0,"77":3,"78":1,"79":1,"80":2,"81":2,"82":2,"83":2,"84":0,"85":0,"86":0,"87":2,"88":2,"89":2,"90":2,"91":0,"92":2,"93":0,"94":0,"95":0,"96":0,"97":0,"98":2,"99":2,"100":2,"101":0,"102":0,"103":0,"104":0,"105":0,"106":2,"107":2,"108":0,"109":0,"110":0,"111":0,"112":0,"113":2,"114":0,"115":0,"116":0,"117":0,"118":0,"119":0,"120":0,"121":0,"122":0,"123":2,"124":2,"125":0,"126":2,"127":0,"128":2,"129":2,"130":2,"131":2,"132":0,"133":0,"134":4,"135":0,"136":0,"137":0,"138":0,"139":0,"140":0,"141":0,"142":0,"143":0,"144":0,"145":0,"146":0,"147":0,"148":0,"149":4,"150":7,"151":7,"152":7,"153":7,"154":7,"155":7,"156":7,"157":7,"158":7,"159":3,"160":7,"161":7,"162":2,"163":3,"164":2,"165":7,"166":3,"167":7,"168":7,"169":3,"170":7,"171":7,"172":2,"173":3,"174":2,"175":7,"176":3,"177":7,"178":7,"179":0,"180":0,"181":0,"182":0,"183":0,"184":0,"185":0,"186":0,"187":7,"188":7,"189":1,"190":0,"191":1,"192":7,"193":5,"194":5,"195":5,"196":3,"197":3,"198":3,"199":2,"200":2,"201":3,"202":2,"203":2,"204":3,"205":2,"206":2,"207":3,"208":3,"209":3,"210":3,"211":3,"212":3,"213":3,"214":0,"215":0,"216":2,"217":2,"218":4,"219":5,"220":5,"221":1,"222":5,"223":5,"224":1,"225":4,"226":4,"227":4,"228":5,"229":5,"230":4,"231":9,"232":9,"233":7,"234":9,"235":4,"236":4,"237":4,"238":4,"239":0,"240":4,"241":4,"242":0,"243":4,"244":4,"245":4,"246":4,"247":4,"248":0,"249":0,"250":0,"251":0,"252":0,"253":0,"254":0,"255":0,"256":0,"257":0,"258":0,"259":0,"260":0,"261":0,"262":0,"263":0,"264":0,"265":0,"266":0,"267":0,"268":4,"269":9,"270":9,"271":6,"272":9,"273":4,"274":4,"275":4,"276":4,"277":0,"278":4,"279":4,"280":0,"281":4,"282":4,"283":4,"284":4,"285":4,"286":0,"287":0,"288":0,"289":0,"290":0,"291":0,"292":0,"293":0,"294":0,"295":0,"296":0,"297":0,"298":0,"299":0,"300":0,"301":0,"302":0,"303":0,"304":0,"305":0,"306":4,"307":0,"308":0,"309":0,"310":0,"311":0,"312":0,"313":4,"314":0,"315":0,"316":0,"317":4,"318":1,"319":1,"320":0,"321":0,"322":1,"323":1,"324":1,"325":1,"326":1,"327":1,"328":1,"329":1,"330":0,"331":1,"332":1,"333":1,"334":1,"335":1,"336":4,"337":0,"338":0,"339":0,"340":0,"341":0,"342":0,"343":0,"344":0,"345":0,"346":4,"347":0,"348":4,"349":
[...]
,"/Users/coliva/dev/perso/presence-app/screens/StatsScreen.tsx": {"path":"/Users/coliva/dev/perso/presence-app/screens/StatsScreen.tsx","statementMap":{"0":{"start":{"line":9,"column":19},"end":{"line":9,"column":31}},"1":{"start":{"line":10,"column":16},"end":{"line":10,"column":32}},"2":{"start":{"line":11,"column":28},"end":{"line":11,"column":47}},"3":{"start":{"line":13,"column":2},"end":{"line":15,"column":9}},"4":{"start":{"line":14,"column":4},"end":{"line":14,"column":17}},"5":{"start":{"line":17,"column":21},"end":{"line":84,"column":3}},"6":{"start":{"line":18,"column":25},"end":{"line":18,"column":79}},"7":{"start":{"line":19,"column":26},"end":{"line":19,"column":62}},"8":{"start":{"line":20,"column":21},"end":{"line":20,"column":59}},"9":{"start":{"line":22,"column":29},"end":{"line":67,"column":6}},"10":{"start":{"line":23,"column":19},"end":{"line":23,"column":39}},"11":{"start":{"line":25,"column":26},"end":{"line":25,"column":78}},"12":{"start":{"line":25,"column":52},"end":{"line":25,"column":77}},"13":{"start":{"line":28,"column":33},"end":{"line":28,"column":62}},"14":{"start":{"line":29,"column":30},"end":{"line":29,"column":31}},"15":{"start":{"line":30,"column":26},"end":{"line":30,"column":27}},"16":{"start":{"line":31,"column":27},"end":{"line":31,"column":28}},"17":{"start":{"line":33,"column":6},"end":{"line":43,"column":9}},"18":{"start":{"line":34,"column":34},"end":{"line":34,"column":75}},"19":{"start":{"line":36,"column":8},"end":{"line":42,"column":9}},"20":{"start":{"line":37,"column":10},"end":{"line":41,"column":11}},"21":{"start":{"line":38,"column":12},"end":{"line":38,"column":32}},"22":{"start":{"line":40,"column":12},"end":{"line":40,"column":29}},"23":{"start":{"line":46,"column":6},"end":{"line":46,"column":96}},"24":{"start":{"line":46,"column":46},"end":{"line":46,"column":87}},"25":{"start":{"line":49,"column":24},"end":{"line":49,"column":83}},"26":{"start":{"line":50,"column":31},"end":{"line":50,"column":60}},"27":{"start":{"line":51,"column":29},"end":{"line":51,"column":55}},"28":{"start":{"line":54,"column":25},"end":{"line":54,"column":104}},"29":{"start":{"line":56,"column":6},"end":{"line":66,"column":8}},"30":{"start":{"line":70,"column":4},"end":{"line":81,"column":7}},"31":{"start":{"line":71,"column":23},"end":{"line":71,"column":77}},"32":{"start":{"line":72,"column":23},"end":{"line":72,"column":77}},"33":{"start":{"line":75,"column":6},"end":{"line":77,"column":7}},"34":{"start":{"line":76,"column":8},"end":{"line":76,"column":35}},"35":{"start":{"line":80,"column":6},"end":{"line":80,"column":49}},"36":{"start":{"line":83,"column":4},"end":{"line":83,"column":31}},"37":{"start":{"line":86,"column":21},"end":{"line":137,"column":3}},"38":{"start":{"line":87,"column":4},"end":{"line":136,"column":5}},"39":{"start":{"line":88,"column":20},"end":{"line":88,"column":64}},"40":{"start":{"line":90,"column":6},"end":{"line":97,"column":7}},"41":{"start":{"line":91,"column":26},"end":{"line":95,"column":10}},"42":{"start":{"line":96,"column":8},"end":{"line":96,"column":64}},"43":{"start":{"line":99,"column":6},"end":{"line":99,"column":48}},"44":{"start":{"line":100,"column":6},"end":{"line":100,"column":41}},"45":{"start":{"line":102,"column":6},"end":{"line":125,"column":9}},"46":{"start":{"line":103,"column":25},"end":{"line":103,"column":34}},"47":{"start":{"line":104,"column":22},"end":{"line":104,"column":108}},"48":{"start":{"line":106,"column":8},"end":{"line":106,"column":97}},"49":{"start":{"line":108,"column":8},"end":{"line":123,"column":9}},"50":{"start":{"line":109,"column":10},"end":{"line":109,"column":81}},"51":{"start":{"line":110,"column":10},"end":{"line":110,"column":130}},"52":{"start":{"line":112,"column":10},"end":{"line":114,"column":11}},"53":{"start":{"line":113,"column":12},"end":{"line":113,"column":86}},"54":{"start":{"line":115,"column":10},"end":{"line":117,"column":11}},"55":{"start":{"line":116,"column":12},"end":{"line":116,"column":96}},"56":{"start":{"line":119,"column":10},"end":{"line":119,"column":63}},"57":{"start":{"line":120,"column":10},"end":{"line":122,"column":11}},"58":{"start":{"line":121,"column":12},"end":{"line":121,"column":98}},"59":{"start":{"line":124,"column":8},"end":{"line":124,"column":24}},"60":{"start":{"line":127,"column":21},"end":{"line":129,"column":8}},"61":{"start":{"line":131,"column":6},"end":{"line":133,"column":7}},"62":{"start":{"line":132,"column":8},"end":{"line":132,"column":50}},"63":{"start":{"line":135,"column":6},"end":{"line":135,"column":81}},"64":{"start":{"line":139,"column":2},"end":{"line":211,"column":4}},"65":{"start":{"line":143,"column":41},"end":{"line":143,"column":60}},"66":{"start":{"line":163,"column":34},"end":{"line":163,"column":52}},"67":{"start":{"line":165,"column":12},"end":{"line":205,"column":19}},"68":{"start":{"line":214,"column":15},"end":{"line":332,"column":2}}},"fnMap":{"0":{"name":"StatsScreen","decl":{"start":{"line":8,"column":24},"end":{"line":8,"column":35}},"loc":{"start":{"line":8,"column":64},"end":{"line":212,"column":1}},"line":8},"1":{"name":"(anonymous_1)","decl":{"start":{"line":13,"column":12},"end":{"line":13,"column":13}},"loc":{"start":{"line":13,"column":18},"end":{"line":15,"column":3}},"line":13},"2":{"name":"(anonymous_2)","decl":{"start":{"line":17,"column":21},"end":{"line":17,"column":22}},"loc":{"start":{"line":17,"column":33},"end":{"line":84,"column":3}},"line":17},"3":{"name":"(anonymous_3)","decl":{"start":{"line":23,"column":14},"end":{"line":23,"column":15}},"loc":{"start":{"line":23,"column":19},"end":{"line":23,"column":39}},"line":23},"4":{"name":"(anonymous_4)","decl":{"start":{"line":24,"column":11},"end":{"line":24,"column":12}},"loc":{"start":{"line":24,"column":16},"end":{"line":67,"column":5}},"line":24},"5":{"name":"(anonymous_5)","decl":{"start":{"line":25,"column":47},"end":{"line":25,"column":48}},"loc":{"start":{"line":25,"column":52},"end":{"line":25,"column":77}},"line":25},"6":{"name":"(anonymous_6)","decl":{"start":{"line":33,"column":26},"end":{"line":33,"column":27}},"loc":{"start":{"line":33,"column":31},"end":{"line":43,"column":7}},"line":33},"7":{"name":"(anonymous_7)","decl":{"start":{"line":46,"column":41},"end":{"line":46,"column":42}},"loc":{"start":{"line":46,"column":46},"end":{"line":46,"column":87}},"line":46},"8":{"name":"(anonymous_8)","decl":{"start":{"line":70,"column":26},"end":{"line":70,"column":27}},"loc":{"start":{"line":70,"column":36},"end":{"line":81,"column":5}},"line":70},"9":{"name":"(anonymous_9)","decl":{"start":{"line":86,"column":21},"end":{"line":86,"column":22}},"loc":{"start":{"line":86,"column":33},"end":{"line":137,"column":3}},"line":86},"10":{"name":"(anonymous_10)","decl":{"start":{"line":102,"column":20},"end":{"line":102,"column":21}},"loc":{"start":{"line":102,"column":44},"end":{"line":125,"column":7}},"line":102},"11":{"name":"(anonymous_11)","decl":{"start":{"line":143,"column":35},"end":{"line":143,"column":36}},"loc":{"start":{"line":143,"column":41},"end":{"line":143,"column":60}},"line":143},"12":{"name":"(anonymous_12)","decl":{"start":{"line":163,"column":24},"end":{"line":163,"column":25}},"loc":{"start":{"line":163,"column":34},"end":{"line":163,"column":52}},"line":163},"13":{"name":"(anonymous_13)","decl":{"start":{"line":164,"column":22},"end":{"line":164,"column":23}},"loc":{"start":{"line":165,"column":12},"end":{"line":205,"column":19}},"line":165}},"branchMap":{"0":{"loc":{"start":{"line":28,"column":33},"end":{"line":28,"column":62}},"type":"binary-expr","locations":[{"start":{"line":28,"column":33},"end":{"line":28,"column":56}},{"start":{"line":28,"column":60},"end":{"line":28,"column":62}}],"line":28},"1":{"loc":{"start":{"line":36,"column":8},"end":{"line":42,"column":9}},"type":"if","locations":[{"start":{"line":36,"column":8},"end":{"line":42,"column":9}},{"start":{},"end":{}}],"line":36},"2":{"loc":{"start":{"line":37,"column":10},"end":{"line":41,"column":11}},"type":"if","locations":[{"start":{"line":37,"column":10},"end":{"line":41,"column":11}},{"start":{"line":39,"column":17},"end":{"line":41,"column":11}}],"line":37},"3":{"loc":{"start":{"line":54,"column":25},"end":{"line":54,"column":104}},"type":"cond-expr","locations":[{"start":{"line":54,"column":45},"end":{"line":54,"column":96}},{"start":{"line":54,"column":99},"end":{"line":54,"column":104}}],"line":54},"4":{"loc":{"start":{"line":71,"column":23},"end":{"line":71,"column":77}},"type":"cond-expr","locations":[{"start":{"line":71,"column":48},"end":{"line":71,"column":50}},{"start":{"line":71,"column":53},"end":{"line":71,"column":77}}],"line":71},"5":{"loc":{"start":{"line":72,"column":23},"end":{"line":72,"column":77}},"type":"cond-expr","locations":[{"start":{"line":72,"column":48},"end":{"line":72,"column":50}},{"start":{"line":72,"column":53},"end":{"line":72,"column":77}}],"line":72},"6":{"loc":{"start":{"line":75,"column":6},"end":{"line":77,"column":7}},"type":"if","locations":[{"start":{"line":75,"column":6},"end":{"line":77,"column":7}},{"start":{},"end":{}}],"line":75},"7":{"loc":{"start":{"line":90,"column":6},"end":{"line":97,"column":7}},"type":"if","locations":[{"start":{"line":90,"column":6},"end":{"line":97,"column":7}},{"start":{},"end":{}}],"line":90},"8":{"loc":{"start":{"line":104,"column":22},"end":{"line":104,"column":108}},"type":"cond-expr","locations":[{"start":{"line":104,"column":39},"end":{"line":104,"column":43}},{"start":{"line":104,"column":46},"end":{"line":104,"column":108}}],"line":104},"9":{"loc":{"start":{"line":104,"column":46},"end":{"line":104,"column":108}},"type":"cond-expr","locations":[{"start":{"line":104,"column":63},"end":{"line":104,"column":67}},{"start":{"line":104,"column":70},"end":{"line":104,"column":108}}],"line":104},"10":{"loc":{"start":{"line":104,"column":70},"end":{"line":104,"column":108}},"type":"cond-expr","locations":[{"start":{"line":104,"column":87},"end":{"line":104,"column":91}},{"start":{"line":104,"column":94},"end":{"line":104,"column":108}}],"line":104},"11":{"loc":{"start":{"line":108,"column":8},"end":{"line":123,"column":9}},"type":"if","locations":[{"start":{"line":108,"column":8},"end":{"line":123,"column":9}},{"start":{"line":118,"column":15},"end":{"line":123,"column":9}}],"line":108},"12":{"loc":{"start":{"line":112,"column":10},"end":{"line":114,"column":11}},"type":"if","locations":[{"start":{"line":112,"column":10},"end":{"line":114,"column":11}},{"start":{},"end":{}}],"line":112},"13":{"loc":{"start":{"line":115,"column":10},"end":{"line":117,"column":11}},"type":"if","locations":[{"start":{"line":115,"column":10},"end":{"line":117,"column":11}},{"start":{},"end":{}}],"line":115},"14":{"loc":{"start":{"line":120,"column":10},"end":{"line":122,"column":11}},"type":"if","locations":[{"start":{"line":120,"column":10},"end":{"line":122,"column":11}},{"start":{},"end":{}}],"line":120},"15":{"loc":{"start":{"line":131,"column":6},"end":{"line":133,"column":7}},"type":"if","locations":[{"start":{"line":131,"column":6},"end":{"line":133,"column":7}},{"start":{},"end":{}}],"line":131},"16":{"loc":{"start":{"line":170,"column":17},"end":{"line":170,"column":88}},"type":"binary-expr","locations":[{"start":{"line":170,"column":17},"end":{"line":170,"column":27}},{"start":{"line":170,"column":31},"end":{"line":170,"column":88}}],"line":170},"17":{"loc":{"start":{"line":173,"column":17},"end":{"line":203,"column":17}},"type":"cond-expr","locations":[{"start":{"line":174,"column":18},"end":{"line":191,"column":21}},{"start":{"line":193,"column":18},"end":{"line":202,"column":21}}],"line":173},"18":{"loc":{"start":{"line":178,"column":21},"end":{"line":182,"column":21}},"type":"binary-expr","locations":[{"start":{"line":178,"column":21},"end":{"line":178,"column":39}},{"start":{"line":179,"column":22},"end":{"line":181,"column":29}}],"line":178},"19":{"loc":{"start":{"line":183,"column":21},"end":{"line":187,"column":21}},"type":"binary-expr","locations":[{"start":{"line":183,"column":21},"end":{"line":183,"column":44}},{"start":{"line":184,"column":22},"end":{"line":186,"column":29}}],"line":183},"20":{"loc":{"start":{"line":185,"column":48},"end":{"line":185,"column":133}},"type":"cond-expr","locations":[{"start":{"line":185,"column":74},"end":{"line":185,"column":105}},{"start":{"line":185,"column":108},"end":{"line":185,"column":133}}],"line":185},"21":{"loc":{"start":{"line":197,"column":21},"end":{"line":201,"column":21}},"type":"binary-expr","locations":[{"start":{"line":197,"column":21},"end":{"line":197,"column":44}},{"start":{"line":198,"column":22},"end":{"line":200,"column":29}}],"line":197}},"s":{"0":0,"1":0,"2":0,"3":0,"4":0,"5":0,"6":0,"7":0,"8":0,"9":0,"10":0,"11":0,"12":0,"13":0,"14":0,"15":0,"16":0,"17":0,"18":0,"19":0,"20":0,"21":0,"22":0,"23":0,"24":0,"25":0,"26":0,"27":0,"28":0,"29":0,"30":0,"31":0,"32":0,"33":0,"34":0,"35":0,"36":0,"37":0,"38":0,"39":0,"40":0,"41":0,"42":0,"43":0,"44":0,"45":0,"46":0,"47":0,"48":0,"49":0,"50":0,"51":0,"52":0,"53":0,"54":0,"55":0,"56":0,"57":0,"58":0,"59":0,"60":0,"61":0,"62":0,"63":0,"64":0,"65":0,"66":0,"67":0,"68":0},"f":{"0":0,"1":0,"2":0,"3":0,"4":0,"5":0,"6":0,"7":0,"8":0,"9":0,"10":0,"11":0,"12":0,"13":0},"b":{"0":[0,0],"1":[0,0],"2":[0,0],"3":[0,0],"4":[0,0],"5":[0,0],"6":[0,0],"7":[0,0],"8":[0,0],"9":[0,0],"10":[0,0],"11":[0,0],"12":[0,0],"13":[0,0],"14":[0,0],"15":[0,0],"16":[0,0],"17":[0,0],"18":[0,0],"19":[0,0],"20":[0,0],"21":[0,0]}}
,"/Users/coliva/dev/perso/presence-app/screens/TestUtilsScreen.tsx": {"path":"/Users/coliva/dev/perso/presence-app/screens/TestUtilsScreen.tsx","statementMap":{"0":{"start":{"line":6,"column":25},"end":{"line":27,"column":1}},"1":{"start":{"line":30,"column":21},"end":{"line":30,"column":33}},"2":{"start":{"line":31,"column":32},"end":{"line":31,"column":47}},"3":{"start":{"line":32,"column":34},"end":{"line":32,"column":46}},"4":{"start":{"line":34,"column":33},"end":{"line":75,"column":3}},"5":{"start":{"line":35,"column":4},"end":{"line":35,"column":21}},"6":{"start":{"line":36,"column":4},"end":{"line":36,"column":40}},"7":{"start":{"line":39,"column":21},"end":{"line":39,"column":58}},"8":{"start":{"line":41,"column":4},"end":{"line":45,"column":5}},"9":{"start":{"line":42,"column":6},"end":{"line":42,"column":24}},"10":{"start":{"line":43,"column":6},"end":{"line":43,"column":100}},"11":{"start":{"line":44,"column":6},"end":{"line":44,"column":13}},"12":{"start":{"line":47,"column":4},"end":{"line":68,"column":5}},"13":{"start":{"line":47,"column":17},"end":{"line":47,"column":18}},"14":{"start":{"line":48,"column":26},"end":{"line":55,"column":7}},"15":{"start":{"line":57,"column":6},"end":{"line":67,"column":7}},"16":{"start":{"line":58,"column":33},"end":{"line":58,"column":79}},"17":{"start":{"line":61,"column":30},"end":{"line":61,"column":83}},"18":{"start":{"line":62,"column":8},"end":{"line":62,"column":91}},"19":{"start":{"line":64,"column":8},"end":{"line":64,"column":88}},"20":{"start":{"line":66,"column":8},"end":{"line":66,"column":71}},"21":{"start":{"line":70,"column":4},"end":{"line":70,"column":20}},"22":{"start":{"line":71,"column":4},"end":{"line":71,"column":22}},"23":{"start":{"line":72,"column":4},"end":{"line":74,"column":7}},"24":{"start":{"line":73,"column":35},"end":{"line":73,"column":54}},"25":{"start":{"line":77,"column":33},"end":{"line":111,"column":3}},"26":{"start":{"line":78,"column":4},"end":{"line":110,"column":6}},"27":{"start":{"line":87,"column":12},"end":{"line":87,"column":29}},"28":{"start":{"line":88,"column":12},"end":{"line":88,"column":51}},"29":{"start":{"line":90,"column":33},"end":{"line":90,"column":74}},"30":{"start":{"line":91,"column":37},"end":{"line":91,"column":95}},"31":{"start":{"line":91,"column":62},"end":{"line":91,"column":94}},"32":{"start":{"line":93,"column":12},"end":{"line":100,"column":13}},"33":{"start":{"line":93,"column":25},"end":{"line":93,"column":26}},"34":{"start":{"line":94,"column":14},"end":{"line":99,"column":15}},"35":{"start":{"line":95,"column":16},"end":{"line":95,"column":76}},"36":{"start":{"line":96,"column":16},"end":{"line":96,"column":77}},"37":{"start":{"line":98,"column":16},"end":{"line":98,"column":60}},"38":{"start":{"line":102,"column":12},"end":{"line":102,"column":28}},"39":{"start":{"line":103,"column":12},"end":{"line":103,"column":30}},"40":{"start":{"line":104,"column":12},"end":{"line":106,"column":15}},"41":{"start":{"line":105,"column":43},"end":{"line":105,"column":62}},"42":{"start":{"line":113,"column":2},"end":{"line":166,"column":4}},"43":{"start":{"line":116,"column":41},"end":{"line":116,"column":60}},"44":{"start":{"line":169,"column":15},"end":{"line":274,"column":2}}},"fnMap":{"0":{"name":"TestUtilsScreen","decl":{"start":{"line":29,"column":24},"end":{"line":29,"column":39}},"loc":{"start":{"line":29,"column":63},"end":{"line":167,"column":1}},"line":29},"1":{"name":"(anonymous_1)","decl":{"start":{"line":34,"column":33},"end":{"line":34,"column":34}},"loc":{"start":{"line":34,"column":45},"end":{"line":75,"column":3}},"line":34},"2":{"name":"(anonymous_2)","decl":{"start":{"line":73,"column":29},"end":{"line":73,"column":30}},"loc":{"start":{"line":73,"column":35},"end":{"line":73,"column":54}},"line":73},"3":{"name":"(anonymous_3)","decl":{"start":{"line":77,"column":33},"end":{"line":77,"column":34}},"loc":{"start":{"line":77,"column":45},"end":{"line":111,"column":3}},"line":77},"4":{"name":"(anonymous_4)","decl":{"start":{"line":86,"column":19},"end":{"line":86,"column":20}},"loc":{"start":{"line":86,"column":31},"end":{"line":107,"column":11}},"line":86},"5":{"name":"(anonymous_5)","decl":{"start":{"line":91,"column":57},"end":{"line":91,"column":58}},"loc":{"start":{"line":91,"column":62},"end":{"line":91,"column":94}},"line":91},"6":{"name":"(anonymous_6)","decl":{"start":{"line":105,"column":37},"end":{"line":105,"column":38}},"loc":{"start":{"line":105,"column":43},"end":{"line":105,"column":62}},"line":105},"7":{"name":"(anonymous_7)","decl":{"start":{"line":116,"column":35},"end":{"line":116,"column":36}},"loc":{"start":{"line":116,"column":41},"end":{"line":116,"column":60}},"line":116}},"branchMap":{"0":{"loc":{"start":{"line":41,"column":4},"end":{"line":45,"column":5}},"type":"if","locations":[{"start":{"line":41,"column":4},"end":{"line":45,"column":5}},{"start":{},"end":{}}],"line":41},"1":{"loc":{"start":{"line":130,"column":9},"end":{"line":134,"column":16}},"type":"cond-expr","locations":[{"start":{"line":131,"column":10},"end":{"line":133,"column":17}},{"start":{"line":134,"column":12},"end":{"line":134,"column":16}}],"line":130},"2":{"loc":{"start":{"line":137,"column":55},"end":{"line":137,"column":87}},"type":"binary-expr","locations":[{"start":{"line":137,"column":55},"end":{"line":137,"column":62}},{"start":{"line":137,"column":66},"end":{"line":137,"column":87}}],"line":137},"3":{"loc":{"start":{"line":147,"column":54},"end":{"line":147,"column":86}},"type":"binary-expr","locations":[{"start":{"line":147,"column":54},"end":{"line":147,"column":61}},{"start":{"line":147,"column":65},"end":{"line":147,"column":86}}],"line":147}},"s":{"0":0,"1":0,"2":0,"3":0,"4":0,"5":0,"6":0,"7":0,"8":0,"9":0,"10":0,"11":0,"12":0,"13":0,"14":0,"15":0,"16":0,"17":0,"18":0,"19":0,"20":0,"21":0,"22":0,"23":0,"24":0,"25":0,"26":0,"27":0,"28":0,"29":0,"30":0,"31":0,"32":0,"33":0,"34":0,"35":0,"36":0,"37":0,"38":0,"39":0,"40":0,"41":0,"42":0,"43":0,"44":0},"f":{"0":0,"1":0,"2":0,"3":0,"4":0,"5":0,"6":0,"7":0},"b":{"0":[0,0],"1":[0,0],"2":[0,0],"3":[0,0]}}
}
