TN:
SF:components/LanguageSelector.tsx
FN:6,LanguageSelector
FN:9,(anonymous_1)
FN:19,(anonymous_2)
FN:28,(anonymous_3)
FNF:4
FNH:1
FNDA:14,LanguageSelector
FNDA:0,(anonymous_1)
FNDA:0,(anonymous_2)
FNDA:0,(anonymous_3)
DA:7,14
DA:9,14
DA:10,0
DA:11,0
DA:12,0
DA:15,14
DA:19,0
DA:28,0
DA:38,1
LF:9
LH:4
BRDA:18,0,0,14
BRDA:18,0,1,0
BRDA:21,1,0,14
BRDA:21,1,1,0
BRDA:27,2,0,14
BRDA:27,2,1,0
BRDA:30,3,0,14
BRDA:30,3,1,0
BRF:8
BRH:4
end_of_record
TN:
SF:components/UpgradePrompt.tsx
FN:15,UpgradePrompt
FNF:1
FNH:0
FNDA:0,UpgradePrompt
DA:16,0
DA:37,0
LF:2
LH:0
BRDA:27,0,0,0
BRDA:27,0,1,0
BRF:2
BRH:0
end_of_record
TN:
SF:components/UsageBadge.tsx
FN:17,UsageBadge
FN:22,(anonymous_1)
FNF:2
FNH:0
FNDA:0,UsageBadge
FNDA:0,(anonymous_1)
DA:18,0
DA:19,0
DA:20,0
DA:22,0
DA:23,0
DA:24,0
DA:25,0
DA:28,0
DA:29,0
DA:38,0
DA:64,0
LF:11
LH:0
BRDA:17,0,0,0
BRDA:23,1,0,0
BRDA:23,1,1,0
BRDA:24,2,0,0
BRDA:24,2,1,0
BRDA:28,3,0,0
BRDA:28,3,1,0
BRDA:40,4,0,0
BRDA:40,4,1,0
BRDA:54,5,0,0
BRDA:54,5,1,0
BRF:11
BRH:0
end_of_record
TN:
SF:contexts/LanguageContext.tsx
FN:13,LanguageProvider
FN:16,(anonymous_1)
FN:18,(anonymous_2)
FN:23,(anonymous_3)
FN:30,(anonymous_4)
FN:34,(anonymous_5)
FN:35,(anonymous_6)
FN:44,useTranslation
FNF:8
FNH:0
FNDA:0,LanguageProvider
FNDA:0,(anonymous_1)
FNDA:0,(anonymous_2)
FNDA:0,(anonymous_3)
FNDA:0,(anonymous_4)
FNDA:0,(anonymous_5)
FNDA:0,(anonymous_6)
FNDA:0,useTranslation
DA:11,0
DA:14,0
DA:16,0
DA:18,0
DA:19,0
DA:23,0
DA:24,0
DA:27,0
DA:30,0
DA:31,0
DA:34,0
DA:35,0
DA:37,0
DA:45,0
DA:46,0
DA:47,0
DA:49,0
LF:17
LH:0
BRDA:46,0,0,0
BRDA:46,0,1,0
BRF:2
BRH:0
end_of_record
TN:
SF:contexts/UserContext.tsx
FN:11,(anonymous_0)
FN:14,(anonymous_1)
FN:15,(anonymous_2)
FN:22,(anonymous_3)
FN:33,(anonymous_4)
FNF:5
FNH:0
FNDA:0,(anonymous_0)
FNDA:0,(anonymous_1)
FNDA:0,(anonymous_2)
FNDA:0,(anonymous_3)
FNDA:0,(anonymous_4)
DA:9,0
DA:11,0
DA:12,0
DA:14,0
DA:15,0
DA:16,0
DA:17,0
DA:19,0
DA:22,0
DA:23,0
DA:26,0
DA:33,0
DA:34,0
DA:35,0
DA:36,0
DA:38,0
LF:16
LH:0
BRDA:35,0,0,0
BRDA:35,0,1,0
BRF:2
BRH:0
end_of_record
TN:
SF:lib/auth.ts
FN:8,signInWithOAuth
FN:48,signOut
FNF:2
FNH:0
FNDA:0,signInWithOAuth
FNDA:0,signOut
DA:6,0
DA:9,0
DA:20,0
DA:22,0
DA:23,0
DA:24,0
DA:26,0
DA:28,0
DA:29,0
DA:30,0
DA:32,0
DA:33,0
DA:34,0
DA:35,0
DA:36,0
DA:41,0
DA:45,0
DA:49,0
DA:50,0
DA:51,0
DA:52,0
DA:56,0
DA:68,0
LF:23
LH:0
BRDA:20,0,0,0
BRDA:20,0,1,0
BRDA:32,1,0,0
BRDA:32,1,1,0
BRDA:35,2,0,0
BRDA:35,2,1,0
BRDA:35,3,0,0
BRDA:35,3,1,0
BRDA:50,4,0,0
BRDA:50,4,1,0
BRF:10
BRH:0
end_of_record
TN:
SF:lib/authManager.ts
FN:17,(anonymous_0)
FN:38,(anonymous_1)
FN:58,(anonymous_2)
FN:66,(anonymous_3)
FN:74,(anonymous_4)
FNF:5
FNH:5
FNDA:8,(anonymous_0)
FNDA:7,(anonymous_1)
FNDA:7,(anonymous_2)
FNDA:2,(anonymous_3)
FNDA:2,(anonymous_4)
DA:9,2
DA:10,2
DA:11,2
DA:12,2
DA:18,8
DA:21,8
DA:22,1
DA:26,7
DA:27,0
DA:31,7
DA:32,7
DA:33,7
DA:35,7
DA:39,7
DA:40,7
DA:41,7
DA:42,0
DA:43,0
DA:46,7
DA:47,7
DA:48,7
DA:50,0
DA:51,0
DA:59,7
DA:60,7
DA:67,2
DA:68,2
DA:75,2
DA:76,2
DA:80,2
LF:30
LH:25
BRDA:21,0,0,1
BRDA:21,0,1,7
BRDA:21,1,0,8
BRDA:21,1,1,1
BRDA:26,2,0,0
BRDA:26,2,1,7
BRDA:41,3,0,0
BRDA:41,3,1,7
BRDA:76,4,0,2
BRDA:76,4,1,1
BRF:10
BRH:8
end_of_record
TN:
SF:lib/authPreferences.ts
FN:8,(anonymous_0)
FN:19,(anonymous_1)
FN:33,(anonymous_2)
FNF:3
FNH:0
FNDA:0,(anonymous_0)
FNDA:0,(anonymous_1)
FNDA:0,(anonymous_2)
DA:3,0
DA:8,0
DA:9,0
DA:10,0
DA:12,0
DA:19,0
DA:20,0
DA:21,0
DA:22,0
DA:24,0
DA:25,0
DA:33,0
DA:34,0
DA:35,0
DA:37,0
LF:15
LH:0
BRF:0
BRH:0
end_of_record
TN:
SF:lib/dataService.ts
FN:76,(anonymous_0)
FN:83,(anonymous_1)
FN:109,(anonymous_2)
FN:117,(anonymous_3)
FN:122,(anonymous_4)
FN:148,(anonymous_5)
FN:151,(anonymous_6)
FN:155,(anonymous_7)
FN:166,(anonymous_8)
FN:177,(anonymous_9)
FN:186,(anonymous_10)
FN:188,(anonymous_11)
FN:193,(anonymous_12)
FN:198,(anonymous_13)
FN:204,(anonymous_14)
FN:206,(anonymous_15)
FN:210,(anonymous_16)
FN:311,(anonymous_17)
FN:328,(anonymous_18)
FN:344,(anonymous_19)
FN:349,(anonymous_20)
FN:362,(anonymous_21)
FN:369,(anonymous_22)
FN:371,(anonymous_23)
FN:372,(anonymous_24)
FN:380,(anonymous_25)
FN:383,(anonymous_26)
FN:392,(anonymous_27)
FN:395,(anonymous_28)
FN:407,(anonymous_29)
FN:414,(anonymous_30)
FN:423,(anonymous_31)
FN:472,(anonymous_32)
FN:474,(anonymous_33)
FN:497,(anonymous_34)
FN:499,(anonymous_35)
FN:503,(anonymous_36)
FN:506,(anonymous_37)
FN:526,(anonymous_38)
FN:531,(anonymous_39)
FN:532,(anonymous_40)
FN:543,(anonymous_41)
FN:548,(anonymous_42)
FN:553,(anonymous_43)
FN:555,(anonymous_44)
FN:559,(anonymous_45)
FN:562,(anonymous_46)
FN:582,(anonymous_47)
FN:587,(anonymous_48)
FN:588,(anonymous_49)
FN:599,(anonymous_50)
FN:604,(anonymous_51)
FN:609,(anonymous_52)
FN:612,(anonymous_53)
FN:617,(anonymous_54)
FN:623,(anonymous_55)
FN:641,(anonymous_56)
FN:644,(anonymous_57)
FN:660,(anonymous_58)
FN:674,(anonymous_59)
FN:680,(anonymous_60)
FN:684,(anonymous_61)
FN:690,(anonymous_62)
FN:693,(anonymous_63)
FN:701,(anonymous_64)
FN:705,(anonymous_65)
FN:723,(anonymous_66)
FNF:67
FNH:28
FNDA:4,(anonymous_0)
FNDA:4,(anonymous_1)
FNDA:4,(anonymous_2)
FNDA:0,(anonymous_3)
FNDA:0,(anonymous_4)
FNDA:0,(anonymous_5)
FNDA:0,(anonymous_6)
FNDA:0,(anonymous_7)
FNDA:13,(anonymous_8)
FNDA:13,(anonymous_9)
FNDA:0,(anonymous_10)
FNDA:0,(anonymous_11)
FNDA:0,(anonymous_12)
FNDA:19,(anonymous_13)
FNDA:2,(anonymous_14)
FNDA:2,(anonymous_15)
FNDA:3,(anonymous_16)
FNDA:0,(anonymous_17)
FNDA:0,(anonymous_18)
FNDA:0,(anonymous_19)
FNDA:0,(anonymous_20)
FNDA:0,(anonymous_21)
FNDA:7,(anonymous_22)
FNDA:7,(anonymous_23)
FNDA:7,(anonymous_24)
FNDA:3,(anonymous_25)
FNDA:3,(anonymous_26)
FNDA:3,(anonymous_27)
FNDA:3,(anonymous_28)
FNDA:0,(anonymous_29)
FNDA:0,(anonymous_30)
FNDA:0,(anonymous_31)
FNDA:5,(anonymous_32)
FNDA:1,(anonymous_33)
FNDA:9,(anonymous_34)
FNDA:7,(anonymous_35)
FNDA:4,(anonymous_36)
FNDA:0,(anonymous_37)
FNDA:0,(anonymous_38)
FNDA:0,(anonymous_39)
FNDA:0,(anonymous_40)
FNDA:0,(anonymous_41)
FNDA:0,(anonymous_42)
FNDA:9,(anonymous_43)
FNDA:6,(anonymous_44)
FNDA:4,(anonymous_45)
FNDA:0,(anonymous_46)
FNDA:0,(anonymous_47)
FNDA:0,(anonymous_48)
FNDA:0,(anonymous_49)
FNDA:0,(anonymous_50)
FNDA:0,(anonymous_51)
FNDA:0,(anonymous_52)
FNDA:0,(anonymous_53)
FNDA:0,(anonymous_54)
FNDA:1,(anonymous_55)
FNDA:0,(anonymous_56)
FNDA:1,(anonymous_57)
FNDA:0,(anonymous_58)
FNDA:0,(anonymous_59)
FNDA:3,(anonymous_60)
FNDA:0,(anonymous_61)
FNDA:0,(anonymous_62)
FNDA:0,(anonymous_63)
FNDA:0,(anonymous_64)
FNDA:0,(anonymous_65)
FNDA:2,(anonymous_66)
DA:4,4
DA:5,4
DA:6,4
DA:7,4
DA:8,4
DA:9,4
DA:10,4
DA:77,4
DA:79,4
DA:83,4
DA:84,4
DA:93,4
DA:94,24
DA:95,24
DA:97,0
DA:99,0
DA:100,0
DA:105,4
DA:109,4
DA:110,4
DA:111,4
DA:113,0
DA:114,0
DA:117,0
DA:118,0
DA:119,0
DA:122,0
DA:124,0
DA:125,0
DA:126,0
DA:127,0
DA:129,0
DA:130,0
DA:139,0
DA:142,0
DA:143,0
DA:144,0
DA:148,4
DA:150,0
DA:152,0
DA:153,0
DA:156,0
DA:157,0
DA:166,4
DA:167,13
DA:168,13
DA:177,4
DA:178,13
DA:179,13
DA:180,13
DA:181,13
DA:182,13
DA:186,4
DA:187,0
DA:188,0
DA:189,0
DA:190,0
DA:193,4
DA:194,0
DA:195,0
DA:198,4
DA:199,19
DA:200,19
DA:201,19
DA:204,4
DA:205,2
DA:206,2
DA:210,4
DA:211,3
DA:213,3
DA:218,3
DA:219,0
DA:220,0
DA:223,3
DA:224,1
DA:225,1
DA:228,2
DA:229,2
DA:240,2
DA:249,2
DA:251,0
DA:252,0
DA:254,0
DA:257,2
DA:261,2
DA:264,2
DA:269,2
DA:270,0
DA:271,2
DA:272,0
DA:273,0
DA:274,0
DA:275,0
DA:276,0
DA:278,2
DA:282,2
DA:287,2
DA:288,0
DA:289,0
DA:290,0
DA:291,0
DA:292,0
DA:296,2
DA:301,2
DA:302,0
DA:303,0
DA:304,0
DA:305,0
DA:306,0
DA:310,2
DA:311,0
DA:312,0
DA:317,0
DA:318,0
DA:319,0
DA:320,0
DA:321,0
DA:322,0
DA:327,2
DA:328,2
DA:329,2
DA:330,0
DA:332,2
DA:334,2
DA:336,2
DA:337,2
DA:339,0
DA:340,0
DA:344,4
DA:345,0
DA:348,0
DA:349,0
DA:350,0
DA:351,0
DA:353,0
DA:355,0
DA:358,0
DA:360,0
DA:361,0
DA:362,0
DA:363,0
DA:365,0
DA:369,4
DA:370,7
DA:371,7
DA:372,7
DA:373,7
DA:376,7
DA:379,7
DA:380,7
DA:381,7
DA:382,7
DA:383,3
DA:384,2
DA:387,7
DA:388,3
DA:391,7
DA:392,7
DA:393,7
DA:394,7
DA:395,3
DA:396,2
DA:399,7
DA:400,3
DA:404,7
DA:405,7
DA:406,0
DA:407,0
DA:408,0
DA:411,0
DA:412,0
DA:414,0
DA:415,0
DA:417,0
DA:421,7
DA:422,7
DA:423,1
DA:424,1
DA:428,7
DA:430,5
DA:431,5
DA:433,5
DA:434,3
DA:435,3
DA:437,3
DA:438,2
DA:439,2
DA:442,3
DA:443,2
DA:444,2
DA:446,3
DA:447,2
DA:448,2
DA:451,3
DA:452,3
DA:454,3
DA:455,3
DA:457,3
DA:458,3
DA:459,3
DA:461,0
DA:462,0
DA:465,2
DA:468,2
DA:472,4
DA:473,5
DA:474,5
DA:477,5
DA:479,5
DA:480,1
DA:483,4
DA:484,4
DA:486,4
DA:490,5
DA:494,5
DA:497,4
DA:498,9
DA:499,9
DA:500,9
DA:503,4
DA:504,4
DA:505,4
DA:506,4
DA:509,4
DA:511,4
DA:512,0
DA:514,4
DA:515,4
DA:519,4
DA:523,4
DA:526,4
DA:527,0
DA:528,0
DA:529,0
DA:530,0
DA:531,0
DA:532,0
DA:533,0
DA:537,0
DA:540,0
DA:541,0
DA:542,0
DA:543,0
DA:545,0
DA:546,0
DA:548,0
DA:549,0
DA:553,4
DA:554,9
DA:555,9
DA:556,9
DA:559,4
DA:560,4
DA:561,4
DA:562,4
DA:565,4
DA:567,4
DA:568,0
DA:570,4
DA:571,4
DA:575,4
DA:579,4
DA:582,4
DA:583,0
DA:584,0
DA:585,0
DA:586,0
DA:587,0
DA:588,0
DA:589,0
DA:593,0
DA:596,0
DA:597,0
DA:598,0
DA:599,0
DA:601,0
DA:602,0
DA:604,0
DA:605,0
DA:609,4
DA:610,0
DA:611,0
DA:612,0
DA:613,0
DA:614,0
DA:617,4
DA:618,0
DA:619,0
DA:620,0
DA:623,4
DA:624,1
DA:626,1
DA:627,0
DA:628,0
DA:631,1
DA:632,1
DA:634,1
DA:635,1
DA:638,1
DA:639,1
DA:640,1
DA:641,1
DA:644,1
DA:651,1
DA:653,1
DA:655,1
DA:660,4
DA:661,0
DA:662,0
DA:665,0
DA:666,0
DA:667,0
DA:668,0
DA:669,0
DA:671,0
DA:674,4
DA:675,0
DA:680,4
DA:682,3
DA:683,3
DA:684,3
DA:690,3
DA:693,4
DA:694,0
DA:697,0
DA:698,0
DA:699,0
DA:701,0
DA:702,0
DA:705,0
DA:706,0
DA:711,0
DA:712,0
DA:716,0
DA:717,0
DA:723,4
DA:724,2
DA:727,2
DA:728,3
DA:731,2
DA:735,4
LF:341
LH:191
BRDA:95,0,0,0
BRDA:95,0,1,24
BRDA:111,1,0,4
BRDA:111,1,1,0
BRDA:118,2,0,0
BRDA:118,2,1,0
BRDA:118,3,0,0
BRDA:118,3,1,0
BRDA:127,4,0,0
BRDA:127,4,1,0
BRDA:127,4,2,0
BRDA:129,5,0,0
BRDA:129,5,1,0
BRDA:142,6,0,0
BRDA:142,6,1,0
BRDA:168,7,0,0
BRDA:168,7,1,13
BRDA:179,8,0,13
BRDA:179,8,1,0
BRDA:200,9,0,13
BRDA:200,9,1,6
BRDA:206,10,0,2
BRDA:206,10,1,1
BRDA:218,11,0,0
BRDA:218,11,1,3
BRDA:223,12,0,1
BRDA:223,12,1,2
BRDA:223,13,0,3
BRDA:223,13,1,3
BRDA:249,14,0,0
BRDA:249,14,1,2
BRDA:251,15,0,0
BRDA:251,15,1,0
BRDA:269,16,0,0
BRDA:269,16,1,2
BRDA:271,17,0,0
BRDA:271,17,1,2
BRDA:271,18,0,2
BRDA:271,18,1,2
BRDA:273,19,0,0
BRDA:273,19,1,0
BRDA:287,20,0,0
BRDA:287,20,1,2
BRDA:287,21,0,2
BRDA:287,21,1,2
BRDA:289,22,0,0
BRDA:289,22,1,0
BRDA:301,23,0,0
BRDA:301,23,1,2
BRDA:301,24,0,2
BRDA:301,24,1,2
BRDA:303,25,0,0
BRDA:303,25,1,0
BRDA:310,26,0,0
BRDA:310,26,1,2
BRDA:310,27,0,2
BRDA:310,27,1,2
BRDA:317,28,0,0
BRDA:317,28,1,0
BRDA:317,29,0,0
BRDA:317,29,1,0
BRDA:319,30,0,0
BRDA:319,30,1,0
BRDA:329,31,0,0
BRDA:329,31,1,2
BRDA:350,32,0,0
BRDA:350,32,1,0
BRDA:360,33,0,0
BRDA:360,33,1,0
BRDA:382,34,0,2
BRDA:382,34,1,5
BRDA:394,35,0,2
BRDA:394,35,1,5
BRDA:405,36,0,0
BRDA:405,36,1,7
BRDA:408,37,0,0
BRDA:408,37,1,0
BRDA:415,38,0,0
BRDA:415,38,1,0
BRDA:422,39,0,1
BRDA:422,39,1,6
BRDA:428,40,0,5
BRDA:428,40,1,2
BRDA:428,41,0,7
BRDA:428,41,1,5
BRDA:431,42,0,5
BRDA:431,42,1,5
BRDA:433,43,0,3
BRDA:433,43,1,2
BRDA:437,44,0,2
BRDA:437,44,1,1
BRDA:442,45,0,2
BRDA:442,45,1,1
BRDA:446,46,0,2
BRDA:446,46,1,1
BRDA:479,47,0,1
BRDA:479,47,1,4
BRDA:499,48,0,4
BRDA:499,48,1,5
BRDA:505,49,0,4
BRDA:505,49,1,0
BRDA:511,50,0,0
BRDA:511,50,1,4
BRDA:529,51,0,0
BRDA:529,51,1,0
BRDA:541,52,0,0
BRDA:541,52,1,0
BRDA:555,53,0,4
BRDA:555,53,1,5
BRDA:561,54,0,4
BRDA:561,54,1,0
BRDA:567,55,0,0
BRDA:567,55,1,4
BRDA:585,56,0,0
BRDA:585,56,1,0
BRDA:597,57,0,0
BRDA:597,57,1,0
BRDA:612,58,0,0
BRDA:612,58,1,0
BRDA:612,59,0,0
BRDA:612,59,1,0
BRDA:619,60,0,0
BRDA:619,60,1,0
BRDA:626,61,0,0
BRDA:626,61,1,1
BRDA:635,62,0,1
BRDA:635,62,1,0
BRDA:641,63,0,0
BRDA:641,63,1,0
BRDA:662,64,0,0
BRDA:662,64,1,0
BRDA:666,65,0,0
BRDA:666,65,1,0
BRDA:666,66,0,0
BRDA:666,66,1,0
BRDA:683,67,0,2
BRDA:683,67,1,1
BRDA:698,68,0,0
BRDA:698,68,1,0
BRF:139
BRH:63
end_of_record
TN:
SF:lib/i18n.ts
FN:19,(anonymous_0)
FN:30,(anonymous_1)
FN:34,(anonymous_2)
FN:47,(anonymous_3)
FN:63,(anonymous_4)
FN:84,(anonymous_5)
FN:86,(anonymous_6)
FN:87,(anonymous_7)
FN:91,(anonymous_8)
FN:92,(anonymous_9)
FNF:10
FNH:0
FNDA:0,(anonymous_0)
FNDA:0,(anonymous_1)
FNDA:0,(anonymous_2)
FNDA:0,(anonymous_3)
FNDA:0,(anonymous_4)
FNDA:0,(anonymous_5)
FNDA:0,(anonymous_6)
FNDA:0,(anonymous_7)
FNDA:0,(anonymous_8)
FNDA:0,(anonymous_9)
DA:5,0
DA:10,0
DA:16,0
DA:17,0
DA:20,0
DA:21,0
DA:22,0
DA:23,0
DA:26,0
DA:31,0
DA:35,0
DA:36,0
DA:37,0
DA:38,0
DA:39,0
DA:41,0
DA:43,0
DA:44,0
DA:48,0
DA:49,0
DA:51,0
DA:52,0
DA:53,0
DA:55,0
DA:59,0
DA:64,0
DA:65,0
DA:68,0
DA:69,0
DA:70,0
DA:73,0
DA:74,0
DA:75,0
DA:79,0
DA:80,0
DA:85,0
DA:86,0
DA:87,0
DA:92,0
DA:96,0
LF:40
LH:0
BRDA:22,0,0,0
BRDA:22,0,1,0
BRDA:22,1,0,0
BRDA:22,1,1,0
BRDA:22,1,2,0
BRDA:52,2,0,0
BRDA:52,2,1,0
BRDA:52,3,0,0
BRDA:52,3,1,0
BRDA:59,4,0,0
BRDA:59,4,1,0
BRDA:69,5,0,0
BRDA:69,5,1,0
BRDA:73,6,0,0
BRDA:73,6,1,0
BRDA:79,7,0,0
BRDA:79,7,1,0
BRDA:80,8,0,0
BRDA:80,8,1,0
BRF:19
BRH:0
end_of_record
TN:
SF:lib/supabase.ts
FNF:0
FNH:0
DA:7,0
DA:11,0
DA:16,0
DA:17,0
DA:19,0
LF:5
LH:0
BRF:0
BRH:0
end_of_record
TN:
SF:lib/syncService.ts
FN:23,(anonymous_0)
FN:32,(anonymous_1)
FN:35,(anonymous_2)
FN:40,(anonymous_3)
FN:48,(anonymous_4)
FN:104,(anonymous_5)
FN:196,(anonymous_6)
FN:197,(anonymous_7)
FN:201,(anonymous_8)
FN:283,(anonymous_9)
FN:316,(anonymous_10)
FN:363,(anonymous_11)
FN:371,(anonymous_12)
FN:398,(anonymous_13)
FN:407,(anonymous_14)
FN:448,(anonymous_15)
FN:459,(anonymous_16)
FN:464,(anonymous_17)
FN:469,(anonymous_18)
FN:688,(anonymous_19)
FN:704,(anonymous_20)
FN:728,(anonymous_21)
FN:738,(anonymous_22)
FN:750,(anonymous_23)
FN:768,(anonymous_24)
FN:847,(anonymous_25)
FN:853,(anonymous_26)
FN:864,(anonymous_27)
FN:874,(anonymous_28)
FN:884,(anonymous_29)
FN:893,(anonymous_30)
FN:906,(anonymous_31)
FN:939,(anonymous_32)
FN:944,(anonymous_33)
FN:949,(anonymous_34)
FN:953,(anonymous_35)
FN:954,(anonymous_36)
FN:958,(anonymous_37)
FN:959,(anonymous_38)
FN:963,(anonymous_39)
FNF:40
FNH:0
FNDA:0,(anonymous_0)
FNDA:0,(anonymous_1)
FNDA:0,(anonymous_2)
FNDA:0,(anonymous_3)
FNDA:0,(anonymous_4)
FNDA:0,(anonymous_5)
FNDA:0,(anonymous_6)
FNDA:0,(anonymous_7)
FNDA:0,(anonymous_8)
FNDA:0,(anonymous_9)
FNDA:0,(anonymous_10)
FNDA:0,(anonymous_11)
FNDA:0,(anonymous_12)
FNDA:0,(anonymous_13)
FNDA:0,(anonymous_14)
FNDA:0,(anonymous_15)
FNDA:0,(anonymous_16)
FNDA:0,(anonymous_17)
FNDA:0,(anonymous_18)
FNDA:0,(anonymous_19)
FNDA:0,(anonymous_20)
FNDA:0,(anonymous_21)
FNDA:0,(anonymous_22)
FNDA:0,(anonymous_23)
FNDA:0,(anonymous_24)
FNDA:0,(anonymous_25)
FNDA:0,(anonymous_26)
FNDA:0,(anonymous_27)
FNDA:0,(anonymous_28)
FNDA:0,(anonymous_29)
FNDA:0,(anonymous_30)
FNDA:0,(anonymous_31)
FNDA:0,(anonymous_32)
FNDA:0,(anonymous_33)
FNDA:0,(anonymous_34)
FNDA:0,(anonymous_35)
FNDA:0,(anonymous_36)
FNDA:0,(anonymous_37)
FNDA:0,(anonymous_38)
FNDA:0,(anonymous_39)
DA:6,0
DA:7,0
DA:8,0
DA:17,0
DA:18,0
DA:19,0
DA:20,0
DA:23,0
DA:24,0
DA:25,0
DA:26,0
DA:29,0
DA:32,0
DA:35,0
DA:36,0
DA:40,0
DA:41,0
DA:42,0
DA:43,0
DA:44,0
DA:48,0
DA:49,0
DA:50,0
DA:51,0
DA:55,0
DA:56,0
DA:57,0
DA:58,0
DA:60,0
DA:62,0
DA:63,0
DA:64,0
DA:67,0
DA:69,0
DA:70,0
DA:71,0
DA:72,0
DA:75,0
DA:76,0
DA:77,0
DA:82,0
DA:85,0
DA:90,0
DA:91,0
DA:95,0
DA:102,0
DA:103,0
DA:104,0
DA:107,0
DA:111,0
DA:112,0
DA:115,0
DA:119,0
DA:120,0
DA:123,0
DA:127,0
DA:128,0
DA:136,0
DA:138,0
DA:139,0
DA:140,0
DA:141,0
DA:146,0
DA:148,0
DA:149,0
DA:155,0
DA:156,0
DA:157,0
DA:158,0
DA:160,0
DA:165,0
DA:166,0
DA:169,0
DA:170,0
DA:171,0
DA:172,0
DA:173,0
DA:174,0
DA:175,0
DA:180,0
DA:181,0
DA:182,0
DA:183,0
DA:184,0
DA:185,0
DA:186,0
DA:191,0
DA:192,0
DA:193,0
DA:194,0
DA:196,0
DA:197,0
DA:198,0
DA:201,0
DA:202,0
DA:203,0
DA:206,0
DA:207,0
DA:209,0
DA:211,0
DA:218,0
DA:224,0
DA:225,0
DA:227,0
DA:234,0
DA:235,0
DA:236,0
DA:237,0
DA:239,0
DA:243,0
DA:245,0
DA:253,0
DA:255,0
DA:256,0
DA:257,0
DA:258,0
DA:261,0
DA:262,0
DA:263,0
DA:265,0
DA:266,0
DA:267,0
DA:268,0
DA:271,0
DA:272,0
DA:277,0
DA:279,0
DA:283,0
DA:289,0
DA:290,0
DA:294,0
DA:297,0
DA:304,0
DA:305,0
DA:311,0
DA:312,0
DA:314,0
DA:315,0
DA:316,0
DA:317,0
DA:318,0
DA:319,0
DA:320,0
DA:321,0
DA:322,0
DA:323,0
DA:328,0
DA:334,0
DA:335,0
DA:336,0
DA:340,0
DA:346,0
DA:349,0
DA:355,0
DA:358,0
DA:359,0
DA:360,0
DA:362,0
DA:363,0
DA:364,0
DA:365,0
DA:366,0
DA:368,0
DA:370,0
DA:371,0
DA:372,0
DA:373,0
DA:374,0
DA:376,0
DA:378,0
DA:379,0
DA:380,0
DA:382,0
DA:383,0
DA:384,0
DA:387,0
DA:388,0
DA:390,0
DA:394,0
DA:398,0
DA:399,0
DA:400,0
DA:401,0
DA:403,0
DA:406,0
DA:407,0
DA:409,0
DA:410,0
DA:414,0
DA:415,0
DA:416,0
DA:419,0
DA:420,0
DA:422,0
DA:423,0
DA:424,0
DA:426,0
DA:427,0
DA:428,0
DA:430,0
DA:433,0
DA:434,0
DA:439,0
DA:440,0
DA:444,0
DA:445,0
DA:448,0
DA:449,0
DA:456,0
DA:459,0
DA:460,0
DA:461,0
DA:464,0
DA:465,0
DA:469,0
DA:474,0
DA:475,0
DA:476,0
DA:477,0
DA:478,0
DA:481,0
DA:483,0
DA:484,0
DA:485,0
DA:489,0
DA:490,0
DA:497,0
DA:498,0
DA:499,0
DA:502,0
DA:503,0
DA:505,0
DA:507,0
DA:508,0
DA:511,0
DA:512,0
DA:518,0
DA:519,0
DA:520,0
DA:522,0
DA:523,0
DA:524,0
DA:530,0
DA:531,0
DA:534,0
DA:536,0
DA:537,0
DA:544,0
DA:546,0
DA:553,0
DA:554,0
DA:557,0
DA:559,0
DA:565,0
DA:566,0
DA:568,0
DA:570,0
DA:571,0
DA:578,0
DA:580,0
DA:582,0
DA:588,0
DA:589,0
DA:590,0
DA:592,0
DA:593,0
DA:594,0
DA:596,0
DA:597,0
DA:604,0
DA:606,0
DA:612,0
DA:613,0
DA:614,0
DA:616,0
DA:617,0
DA:621,0
DA:623,0
DA:629,0
DA:630,0
DA:631,0
DA:634,0
DA:635,0
DA:637,0
DA:646,0
DA:647,0
DA:656,0
DA:657,0
DA:658,0
DA:660,0
DA:661,0
DA:664,0
DA:670,0
DA:671,0
DA:675,0
DA:676,0
DA:688,0
DA:689,0
DA:690,0
DA:691,0
DA:693,0
DA:696,0
DA:697,0
DA:699,0
DA:700,0
DA:704,0
DA:705,0
DA:707,0
DA:709,0
DA:710,0
DA:711,0
DA:714,0
DA:716,0
DA:718,0
DA:719,0
DA:722,0
DA:723,0
DA:724,0
DA:725,0
DA:727,0
DA:728,0
DA:729,0
DA:730,0
DA:732,0
DA:735,0
DA:737,0
DA:738,0
DA:739,0
DA:740,0
DA:744,0
DA:745,0
DA:747,0
DA:749,0
DA:750,0
DA:751,0
DA:752,0
DA:755,0
DA:761,0
DA:762,0
DA:768,0
DA:769,0
DA:770,0
DA:771,0
DA:774,0
DA:783,0
DA:784,0
DA:785,0
DA:788,0
DA:799,0
DA:800,0
DA:803,0
DA:812,0
DA:815,0
DA:816,0
DA:817,0
DA:818,0
DA:819,0
DA:820,0
DA:821,0
DA:827,0
DA:828,0
DA:829,0
DA:830,0
DA:831,0
DA:832,0
DA:833,0
DA:838,0
DA:840,0
DA:847,0
DA:848,0
DA:849,0
DA:850,0
DA:852,0
DA:853,0
DA:854,0
DA:856,0
DA:859,0
DA:861,0
DA:862,0
DA:863,0
DA:864,0
DA:865,0
DA:867,0
DA:869,0
DA:871,0
DA:872,0
DA:873,0
DA:874,0
DA:875,0
DA:877,0
DA:879,0
DA:881,0
DA:882,0
DA:883,0
DA:884,0
DA:885,0
DA:887,0
DA:890,0
DA:891,0
DA:892,0
DA:893,0
DA:894,0
DA:896,0
DA:900,0
DA:906,0
DA:907,0
DA:909,0
DA:910,0
DA:913,0
DA:915,0
DA:917,0
DA:918,0
DA:919,0
DA:922,0
DA:923,0
DA:928,0
DA:930,0
DA:935,0
DA:939,0
DA:940,0
DA:944,0
DA:945,0
DA:949,0
DA:950,0
DA:953,0
DA:954,0
DA:958,0
DA:959,0
DA:963,0
DA:964,0
DA:972,0
LF:431
LH:0
BRDA:24,0,0,0
BRDA:24,0,1,0
BRDA:41,1,0,0
BRDA:41,1,1,0
BRDA:49,2,0,0
BRDA:49,2,1,0
BRDA:56,3,0,0
BRDA:56,3,1,0
BRDA:69,4,0,0
BRDA:69,4,1,0
BRDA:90,5,0,0
BRDA:90,5,1,0
BRDA:96,6,0,0
BRDA:96,6,1,0
BRDA:102,7,0,0
BRDA:102,7,1,0
BRDA:102,8,0,0
BRDA:102,8,1,0
BRDA:111,9,0,0
BRDA:111,9,1,0
BRDA:119,10,0,0
BRDA:119,10,1,0
BRDA:127,11,0,0
BRDA:127,11,1,0
BRDA:156,12,0,0
BRDA:156,12,1,0
BRDA:158,13,0,0
BRDA:158,13,1,0
BRDA:172,14,0,0
BRDA:172,14,1,0
BRDA:173,15,0,0
BRDA:173,15,1,0
BRDA:173,16,0,0
BRDA:173,16,1,0
BRDA:183,17,0,0
BRDA:183,17,1,0
BRDA:184,18,0,0
BRDA:184,18,1,0
BRDA:184,19,0,0
BRDA:184,19,1,0
BRDA:192,20,0,0
BRDA:192,20,1,0
BRDA:203,21,0,0
BRDA:203,21,1,0
BRDA:203,21,2,0
BRDA:211,22,0,0
BRDA:211,22,1,0
BRDA:211,23,0,0
BRDA:211,23,1,0
BRDA:211,23,2,0
BRDA:211,23,3,0
BRDA:211,23,4,0
BRDA:211,23,5,0
BRDA:211,23,6,0
BRDA:275,24,0,0
BRDA:275,24,1,0
BRDA:286,25,0,0
BRDA:287,26,0,0
BRDA:311,27,0,0
BRDA:311,27,1,0
BRDA:314,28,0,0
BRDA:314,28,1,0
BRDA:315,29,0,0
BRDA:315,29,1,0
BRDA:315,30,0,0
BRDA:315,30,1,0
BRDA:334,31,0,0
BRDA:334,31,1,0
BRDA:335,32,0,0
BRDA:335,32,1,0
BRDA:335,33,0,0
BRDA:335,33,1,0
BRDA:346,34,0,0
BRDA:346,34,1,0
BRDA:358,35,0,0
BRDA:358,35,1,0
BRDA:358,36,0,0
BRDA:358,36,1,0
BRDA:362,37,0,0
BRDA:362,37,1,0
BRDA:362,38,0,0
BRDA:362,38,1,0
BRDA:364,39,0,0
BRDA:364,39,1,0
BRDA:370,40,0,0
BRDA:370,40,1,0
BRDA:370,41,0,0
BRDA:370,41,1,0
BRDA:372,42,0,0
BRDA:372,42,1,0
BRDA:378,43,0,0
BRDA:378,43,1,0
BRDA:378,44,0,0
BRDA:378,44,1,0
BRDA:382,45,0,0
BRDA:382,45,1,0
BRDA:382,46,0,0
BRDA:382,46,1,0
BRDA:387,47,0,0
BRDA:387,47,1,0
BRDA:401,48,0,0
BRDA:401,48,1,0
BRDA:409,49,0,0
BRDA:409,49,1,0
BRDA:414,50,0,0
BRDA:414,50,1,0
BRDA:419,51,0,0
BRDA:419,51,1,0
BRDA:420,52,0,0
BRDA:420,52,1,0
BRDA:422,53,0,0
BRDA:422,53,1,0
BRDA:422,54,0,0
BRDA:422,54,1,0
BRDA:426,55,0,0
BRDA:426,55,1,0
BRDA:456,56,0,0
BRDA:456,56,1,0
BRDA:461,57,0,0
BRDA:461,57,1,0
BRDA:476,58,0,0
BRDA:476,58,1,0
BRDA:481,59,0,0
BRDA:481,59,1,0
BRDA:483,60,0,0
BRDA:483,60,1,0
BRDA:497,61,0,0
BRDA:497,61,1,0
BRDA:502,62,0,0
BRDA:502,62,1,0
BRDA:508,63,0,0
BRDA:508,63,1,0
BRDA:508,64,0,0
BRDA:508,64,1,0
BRDA:511,65,0,0
BRDA:511,65,1,0
BRDA:511,66,0,0
BRDA:511,66,1,0
BRDA:511,66,2,0
BRDA:511,66,3,0
BRDA:518,67,0,0
BRDA:518,67,1,0
BRDA:518,68,0,0
BRDA:518,68,1,0
BRDA:522,69,0,0
BRDA:522,69,1,0
BRDA:534,70,0,0
BRDA:534,70,1,0
BRDA:540,71,0,0
BRDA:540,71,1,0
BRDA:541,72,0,0
BRDA:541,72,1,0
BRDA:544,73,0,0
BRDA:544,73,1,0
BRDA:544,74,0,0
BRDA:544,74,1,0
BRDA:544,74,2,0
BRDA:553,75,0,0
BRDA:553,75,1,0
BRDA:557,76,0,0
BRDA:557,76,1,0
BRDA:557,77,0,0
BRDA:557,77,1,0
BRDA:565,78,0,0
BRDA:565,78,1,0
BRDA:568,79,0,0
BRDA:568,79,1,0
BRDA:578,80,0,0
BRDA:578,80,1,0
BRDA:578,81,0,0
BRDA:578,81,1,0
BRDA:588,82,0,0
BRDA:588,82,1,0
BRDA:594,83,0,0
BRDA:594,83,1,0
BRDA:601,84,0,0
BRDA:601,84,1,0
BRDA:604,85,0,0
BRDA:604,85,1,0
BRDA:604,86,0,0
BRDA:604,86,1,0
BRDA:612,87,0,0
BRDA:612,87,1,0
BRDA:614,88,0,0
BRDA:614,88,1,0
BRDA:621,89,0,0
BRDA:621,89,1,0
BRDA:621,90,0,0
BRDA:621,90,1,0
BRDA:629,91,0,0
BRDA:629,91,1,0
BRDA:631,92,0,0
BRDA:631,92,1,0
BRDA:641,93,0,0
BRDA:641,93,1,0
BRDA:656,94,0,0
BRDA:656,94,1,0
BRDA:670,95,0,0
BRDA:670,95,1,0
BRDA:691,96,0,0
BRDA:691,96,1,0
BRDA:699,97,0,0
BRDA:699,97,1,0
BRDA:709,98,0,0
BRDA:709,98,1,0
BRDA:716,99,0,0
BRDA:716,99,1,0
BRDA:723,100,0,0
BRDA:723,100,1,0
BRDA:725,101,0,0
BRDA:725,101,1,0
BRDA:725,102,0,0
BRDA:725,102,1,0
BRDA:730,103,0,0
BRDA:730,103,1,0
BRDA:735,104,0,0
BRDA:735,104,1,0
BRDA:735,105,0,0
BRDA:735,105,1,0
BRDA:739,106,0,0
BRDA:739,106,1,0
BRDA:744,107,0,0
BRDA:744,107,1,0
BRDA:745,108,0,0
BRDA:745,108,1,0
BRDA:747,109,0,0
BRDA:747,109,1,0
BRDA:751,110,0,0
BRDA:751,110,1,0
BRDA:783,111,0,0
BRDA:783,111,1,0
BRDA:783,112,0,0
BRDA:783,112,1,0
BRDA:792,113,0,0
BRDA:792,113,1,0
BRDA:794,114,0,0
BRDA:794,114,1,0
BRDA:799,115,0,0
BRDA:799,115,1,0
BRDA:817,116,0,0
BRDA:817,116,1,0
BRDA:819,117,0,0
BRDA:819,117,1,0
BRDA:829,118,0,0
BRDA:829,118,1,0
BRDA:831,119,0,0
BRDA:831,119,1,0
BRDA:850,120,0,0
BRDA:850,120,1,0
BRDA:854,121,0,0
BRDA:854,121,1,0
BRDA:859,122,0,0
BRDA:859,122,1,0
BRDA:862,123,0,0
BRDA:862,123,1,0
BRDA:865,124,0,0
BRDA:865,124,1,0
BRDA:869,125,0,0
BRDA:869,125,1,0
BRDA:872,126,0,0
BRDA:872,126,1,0
BRDA:875,127,0,0
BRDA:875,127,1,0
BRDA:879,128,0,0
BRDA:879,128,1,0
BRDA:882,129,0,0
BRDA:882,129,1,0
BRDA:885,130,0,0
BRDA:885,130,1,0
BRDA:891,131,0,0
BRDA:891,131,1,0
BRDA:894,132,0,0
BRDA:894,132,1,0
BRDA:909,133,0,0
BRDA:909,133,1,0
BRDA:917,134,0,0
BRDA:917,134,1,0
BRDA:917,135,0,0
BRDA:917,135,1,0
BRDA:917,135,2,0
BRF:280
BRH:0
end_of_record
TN:
SF:lib/theme.ts
FNF:0
FNH:0
DA:2,2
LF:1
LH:1
BRF:0
BRH:0
end_of_record
TN:
SF:lib/usageLimits.ts
FN:26,hasReachedClubLimit
FN:33,hasReachedParticipantsLimit
FN:40,hasReachedSessionsLimit
FN:47,getLimitMessage
FN:59,getUpgradeMessage
FN:66,getUsagePercentage
FN:73,shouldShowWarning
FNF:7
FNH:0
FNDA:0,hasReachedClubLimit
FNDA:0,hasReachedParticipantsLimit
FNDA:0,hasReachedSessionsLimit
FNDA:0,getLimitMessage
FNDA:0,getUpgradeMessage
FNDA:0,getUsagePercentage
FNDA:0,shouldShowWarning
DA:6,0
DA:27,0
DA:34,0
DA:41,0
DA:48,0
DA:53,0
DA:60,0
DA:67,0
DA:74,0
LF:9
LH:0
BRF:0
BRH:0
end_of_record
TN:
SF:lib/usageService.ts
FN:14,(anonymous_0)
FN:28,(anonymous_1)
FN:51,(anonymous_2)
FNF:3
FNH:0
FNDA:0,(anonymous_0)
FNDA:0,(anonymous_1)
FNDA:0,(anonymous_2)
DA:9,0
DA:15,0
DA:17,0
DA:18,0
DA:25,0
DA:28,0
DA:33,0
DA:35,0
DA:40,0
DA:41,0
DA:52,0
DA:54,0
DA:59,0
DA:64,0
DA:65,0
LF:15
LH:0
BRDA:17,0,0,0
BRDA:17,0,1,0
BRF:2
BRH:0
end_of_record
TN:
SF:screens/AddParticipantScreen.tsx
FN:13,AddParticipantScreen
FN:23,(anonymous_1)
FN:27,(anonymous_2)
FN:38,(anonymous_3)
FN:49,(anonymous_4)
FN:58,(anonymous_5)
FN:61,(anonymous_6)
FN:70,(anonymous_7)
FN:72,(anonymous_8)
FN:78,(anonymous_9)
FN:129,(anonymous_10)
FN:183,(anonymous_11)
FN:190,(anonymous_12)
FNF:13
FNH:0
FNDA:0,AddParticipantScreen
FNDA:0,(anonymous_1)
FNDA:0,(anonymous_2)
FNDA:0,(anonymous_3)
FNDA:0,(anonymous_4)
FNDA:0,(anonymous_5)
FNDA:0,(anonymous_6)
FNDA:0,(anonymous_7)
FNDA:0,(anonymous_8)
FNDA:0,(anonymous_9)
FNDA:0,(anonymous_10)
FNDA:0,(anonymous_11)
FNDA:0,(anonymous_12)
DA:14,0
DA:15,0
DA:16,0
DA:17,0
DA:18,0
DA:19,0
DA:20,0
DA:21,0
DA:23,0
DA:24,0
DA:27,0
DA:28,0
DA:30,0
DA:31,0
DA:32,0
DA:34,0
DA:35,0
DA:38,0
DA:40,0
DA:43,0
DA:45,0
DA:49,0
DA:50,0
DA:51,0
DA:52,0
DA:54,0
DA:58,0
DA:59,0
DA:61,0
DA:62,0
DA:63,0
DA:64,0
DA:65,0
DA:67,0
DA:70,0
DA:71,0
DA:72,0
DA:74,0
DA:78,0
DA:79,0
DA:80,0
DA:81,0
DA:85,0
DA:86,0
DA:91,0
DA:94,0
DA:95,0
DA:103,0
DA:106,0
DA:107,0
DA:111,0
DA:114,0
DA:115,0
DA:120,0
DA:125,0
DA:129,0
DA:184,0
DA:190,0
DA:214,0
LF:59
LH:0
BRDA:32,0,0,0
BRDA:32,0,1,0
BRDA:34,1,0,0
BRDA:34,1,1,0
BRDA:64,2,0,0
BRDA:64,2,1,0
BRDA:71,3,0,0
BRDA:71,3,1,0
BRDA:79,4,0,0
BRDA:79,4,1,0
BRDA:79,5,0,0
BRDA:79,5,1,0
BRDA:85,6,0,0
BRDA:85,6,1,0
BRDA:106,7,0,0
BRDA:106,7,1,0
BRDA:114,8,0,0
BRDA:114,8,1,0
BRDA:114,9,0,0
BRDA:114,9,1,0
BRDA:140,10,0,0
BRDA:140,10,1,0
BRDA:149,11,0,0
BRDA:149,11,1,0
BRDA:149,11,2,0
BRDA:152,12,0,0
BRDA:152,12,1,0
BRDA:188,13,0,0
BRDA:188,13,1,0
BRDA:194,14,0,0
BRDA:194,14,1,0
BRDA:196,15,0,0
BRDA:196,15,1,0
BRF:33
BRH:0
end_of_record
TN:
SF:screens/AddSessionScreen.tsx
FN:14,AddSessionScreen
FN:26,(anonymous_1)
FN:30,(anonymous_2)
FN:41,(anonymous_3)
FN:56,(anonymous_4)
FN:62,(anonymous_5)
FN:79,(anonymous_6)
FN:100,(anonymous_7)
FN:135,(anonymous_8)
FN:185,(anonymous_9)
FN:200,(anonymous_10)
FNF:11
FNH:0
FNDA:0,AddSessionScreen
FNDA:0,(anonymous_1)
FNDA:0,(anonymous_2)
FNDA:0,(anonymous_3)
FNDA:0,(anonymous_4)
FNDA:0,(anonymous_5)
FNDA:0,(anonymous_6)
FNDA:0,(anonymous_7)
FNDA:0,(anonymous_8)
FNDA:0,(anonymous_9)
FNDA:0,(anonymous_10)
DA:15,0
DA:16,0
DA:17,0
DA:18,0
DA:19,0
DA:20,0
DA:21,0
DA:22,0
DA:23,0
DA:24,0
DA:26,0
DA:27,0
DA:30,0
DA:31,0
DA:33,0
DA:34,0
DA:35,0
DA:37,0
DA:38,0
DA:41,0
DA:43,0
DA:47,0
DA:48,0
DA:50,0
DA:52,0
DA:56,0
DA:57,0
DA:58,0
DA:59,0
DA:62,0
DA:63,0
DA:64,0
DA:65,0
DA:66,0
DA:69,0
DA:70,0
DA:73,0
DA:74,0
DA:79,0
DA:80,0
DA:81,0
DA:83,0
DA:85,0
DA:86,0
DA:87,0
DA:89,0
DA:95,0
DA:100,0
DA:102,0
DA:103,0
DA:108,0
DA:111,0
DA:112,0
DA:114,0
DA:116,0
DA:118,0
DA:120,0
DA:121,0
DA:126,0
DA:131,0
DA:135,0
DA:185,0
DA:200,0
DA:230,0
LF:64
LH:0
BRDA:17,0,0,0
BRDA:17,0,1,0
BRDA:35,1,0,0
BRDA:35,1,1,0
BRDA:37,2,0,0
BRDA:37,2,1,0
BRDA:64,3,0,0
BRDA:64,3,1,0
BRDA:73,4,0,0
BRDA:73,4,1,0
BRDA:81,5,0,0
BRDA:81,5,1,0
BRDA:83,6,0,0
BRDA:83,6,1,0
BRDA:102,7,0,0
BRDA:102,7,1,0
BRDA:120,8,0,0
BRDA:120,8,1,0
BRDA:120,9,0,0
BRDA:120,9,1,0
BRDA:146,10,0,0
BRDA:146,10,1,0
BRDA:155,11,0,0
BRDA:155,11,1,0
BRDA:155,11,2,0
BRDA:158,12,0,0
BRDA:158,12,1,0
BRDA:174,13,0,0
BRDA:174,13,1,0
BRDA:175,14,0,0
BRDA:175,14,1,0
BRDA:176,15,0,0
BRDA:176,15,1,0
BRDA:177,16,0,0
BRDA:177,16,1,0
BRDA:178,17,0,0
BRDA:178,17,1,0
BRDA:179,18,0,0
BRDA:179,18,1,0
BRDA:180,19,0,0
BRDA:180,19,1,0
BRDA:188,20,0,0
BRDA:188,20,1,0
BRDA:200,21,0,0
BRDA:200,21,1,0
BRDA:201,22,0,0
BRDA:201,22,1,0
BRDA:204,23,0,0
BRDA:204,23,1,0
BRDA:208,24,0,0
BRDA:208,24,1,0
BRDA:211,25,0,0
BRDA:211,25,1,0
BRDA:293,26,0,0
BRDA:293,26,1,0
BRDA:294,27,0,0
BRDA:294,27,1,0
BRDA:302,28,0,0
BRDA:302,28,1,0
BRDA:306,29,0,0
BRDA:306,29,1,0
BRF:61
BRH:0
end_of_record
TN:
SF:screens/AttendanceScreen.tsx
FN:8,AttendanceScreen
FN:15,(anonymous_1)
FN:19,(anonymous_2)
FN:24,(anonymous_3)
FN:40,(anonymous_4)
FN:44,(anonymous_5)
FN:51,(anonymous_6)
FN:52,(anonymous_7)
FN:55,(anonymous_8)
FN:56,(anonymous_9)
FN:71,(anonymous_10)
FN:73,(anonymous_11)
FN:74,(anonymous_12)
FN:88,(anonymous_13)
FN:97,(anonymous_14)
FN:118,(anonymous_15)
FN:120,(anonymous_16)
FN:125,(anonymous_17)
FN:133,(anonymous_18)
FN:167,(anonymous_19)
FN:168,(anonymous_20)
FN:172,(anonymous_21)
FNF:22
FNH:0
FNDA:0,AttendanceScreen
FNDA:0,(anonymous_1)
FNDA:0,(anonymous_2)
FNDA:0,(anonymous_3)
FNDA:0,(anonymous_4)
FNDA:0,(anonymous_5)
FNDA:0,(anonymous_6)
FNDA:0,(anonymous_7)
FNDA:0,(anonymous_8)
FNDA:0,(anonymous_9)
FNDA:0,(anonymous_10)
FNDA:0,(anonymous_11)
FNDA:0,(anonymous_12)
FNDA:0,(anonymous_13)
FNDA:0,(anonymous_14)
FNDA:0,(anonymous_15)
FNDA:0,(anonymous_16)
FNDA:0,(anonymous_17)
FNDA:0,(anonymous_18)
FNDA:0,(anonymous_19)
FNDA:0,(anonymous_20)
FNDA:0,(anonymous_21)
DA:9,0
DA:10,0
DA:11,0
DA:12,0
DA:13,0
DA:15,0
DA:16,0
DA:19,0
DA:21,0
DA:24,0
DA:25,0
DA:26,0
DA:29,0
DA:30,0
DA:33,0
DA:36,0
DA:39,0
DA:40,0
DA:43,0
DA:44,0
DA:45,0
DA:48,0
DA:51,0
DA:52,0
DA:55,0
DA:56,0
DA:62,0
DA:63,0
DA:64,0
DA:66,0
DA:68,0
DA:71,0
DA:72,0
DA:73,0
DA:74,0
DA:76,0
DA:83,0
DA:84,0
DA:85,0
DA:87,0
DA:88,0
DA:89,0
DA:92,0
DA:95,0
DA:96,0
DA:97,0
DA:98,0
DA:102,0
DA:106,0
DA:107,0
DA:108,0
DA:110,0
DA:114,0
DA:118,0
DA:119,0
DA:120,0
DA:121,0
DA:124,0
DA:125,0
DA:126,0
DA:129,0
DA:133,0
DA:167,0
DA:169,0
DA:170,0
DA:172,0
DA:212,0
LF:67
LH:0
BRDA:25,0,0,0
BRDA:25,0,1,0
BRDA:26,1,0,0
BRDA:26,1,1,0
BRDA:29,2,0,0
BRDA:29,2,1,0
BRDA:29,3,0,0
BRDA:29,3,1,0
BRDA:30,4,0,0
BRDA:30,4,1,0
BRDA:30,5,0,0
BRDA:30,5,1,0
BRDA:74,6,0,0
BRDA:74,6,1,0
BRDA:76,7,0,0
BRDA:76,7,1,0
BRDA:87,8,0,0
BRDA:87,8,1,0
BRDA:95,9,0,0
BRDA:95,9,1,0
BRDA:106,10,0,0
BRDA:106,10,1,0
BRDA:107,11,0,0
BRDA:107,11,1,0
BRDA:140,12,0,0
BRDA:140,12,1,0
BRDA:169,13,0,0
BRDA:169,13,1,0
BRDA:175,14,0,0
BRDA:175,14,1,0
BRDA:180,15,0,0
BRDA:180,15,1,0
BRDA:182,16,0,0
BRDA:182,16,1,0
BRDA:187,17,0,0
BRDA:187,17,1,0
BRF:36
BRH:0
end_of_record
TN:
SF:screens/AuthScreen.tsx
FN:30,(anonymous_0)
FN:39,(anonymous_1)
FN:45,(anonymous_2)
FN:55,(anonymous_3)
FN:60,(anonymous_4)
FN:75,(anonymous_5)
FN:103,(anonymous_6)
FN:118,(anonymous_7)
FN:129,(anonymous_8)
FN:189,(anonymous_9)
FNF:10
FNH:0
FNDA:0,(anonymous_0)
FNDA:0,(anonymous_1)
FNDA:0,(anonymous_2)
FNDA:0,(anonymous_3)
FNDA:0,(anonymous_4)
FNDA:0,(anonymous_5)
FNDA:0,(anonymous_6)
FNDA:0,(anonymous_7)
FNDA:0,(anonymous_8)
FNDA:0,(anonymous_9)
DA:13,0
DA:30,0
DA:31,0
DA:32,0
DA:33,0
DA:34,0
DA:35,0
DA:36,0
DA:39,0
DA:40,0
DA:41,0
DA:45,0
DA:46,0
DA:47,0
DA:48,0
DA:55,0
DA:56,0
DA:57,0
DA:60,0
DA:61,0
DA:62,0
DA:63,0
DA:65,0
DA:68,0
DA:75,0
DA:76,0
DA:77,0
DA:78,0
DA:80,0
DA:81,0
DA:82,0
DA:83,0
DA:84,0
DA:85,0
DA:88,0
DA:93,0
DA:96,0
DA:97,0
DA:99,0
DA:103,0
DA:104,0
DA:105,0
DA:106,0
DA:108,0
DA:109,0
DA:110,0
DA:112,0
DA:114,0
DA:118,0
DA:119,0
DA:120,0
DA:121,0
DA:123,0
DA:129,0
DA:130,0
DA:131,0
DA:132,0
DA:134,0
DA:136,0
DA:137,0
DA:141,0
DA:189,0
DA:201,0
LF:63
LH:0
BRDA:46,0,0,0
BRDA:46,0,1,0
BRDA:63,1,0,0
BRDA:63,1,1,0
BRDA:80,2,0,0
BRDA:80,2,1,0
BRDA:97,3,0,0
BRDA:97,3,1,0
BRDA:112,4,0,0
BRDA:112,4,1,0
BRDA:131,5,0,0
BRDA:131,5,1,0
BRDA:146,6,0,0
BRDA:146,6,1,0
BRDA:151,7,0,0
BRDA:151,7,1,0
BRDA:160,8,0,0
BRDA:160,8,1,0
BRDA:166,9,0,0
BRDA:166,9,1,0
BRDA:180,10,0,0
BRDA:180,10,1,0
BRDA:191,11,0,0
BRDA:191,11,1,0
BRDA:192,12,0,0
BRDA:192,12,1,0
BRF:26
BRH:0
end_of_record
TN:
SF:screens/ClubDetailsScreen.tsx
FN:11,ClubDetailsScreen
FN:23,(anonymous_1)
FN:30,(anonymous_2)
FN:63,(anonymous_3)
FN:77,(anonymous_4)
FN:78,(anonymous_5)
FN:85,(anonymous_6)
FN:89,(anonymous_7)
FN:101,(anonymous_8)
FN:116,(anonymous_9)
FN:120,(anonymous_10)
FN:131,(anonymous_11)
FN:140,(anonymous_12)
FN:158,(anonymous_13)
FN:167,(anonymous_14)
FN:179,(anonymous_15)
FN:188,(anonymous_16)
FN:193,(anonymous_17)
FN:207,(anonymous_18)
FN:224,(anonymous_19)
FN:241,(anonymous_20)
FN:273,(anonymous_21)
FN:288,(anonymous_22)
FN:301,(anonymous_23)
FN:323,(anonymous_24)
FN:332,(anonymous_25)
FN:333,(anonymous_26)
FN:336,(anonymous_27)
FN:370,(anonymous_28)
FN:379,(anonymous_29)
FN:380,(anonymous_30)
FN:383,(anonymous_31)
FNF:32
FNH:16
FNDA:14,ClubDetailsScreen
FNDA:7,(anonymous_1)
FNDA:7,(anonymous_2)
FNDA:7,(anonymous_3)
FNDA:7,(anonymous_4)
FNDA:0,(anonymous_5)
FNDA:7,(anonymous_6)
FNDA:2,(anonymous_7)
FNDA:1,(anonymous_8)
FNDA:7,(anonymous_9)
FNDA:1,(anonymous_10)
FNDA:2,(anonymous_11)
FNDA:1,(anonymous_12)
FNDA:0,(anonymous_13)
FNDA:0,(anonymous_14)
FNDA:0,(anonymous_15)
FNDA:0,(anonymous_16)
FNDA:0,(anonymous_17)
FNDA:0,(anonymous_18)
FNDA:0,(anonymous_19)
FNDA:0,(anonymous_20)
FNDA:0,(anonymous_21)
FNDA:0,(anonymous_22)
FNDA:0,(anonymous_23)
FNDA:0,(anonymous_24)
FNDA:3,(anonymous_25)
FNDA:2,(anonymous_26)
FNDA:0,(anonymous_27)
FNDA:0,(anonymous_28)
FNDA:5,(anonymous_29)
FNDA:3,(anonymous_30)
FNDA:0,(anonymous_31)
DA:12,14
DA:13,14
DA:14,14
DA:15,14
DA:16,14
DA:17,14
DA:18,14
DA:19,14
DA:20,14
DA:21,14
DA:23,14
DA:24,7
DA:25,7
DA:26,7
DA:27,7
DA:30,14
DA:32,7
DA:33,0
DA:34,0
DA:36,0
DA:38,0
DA:39,0
DA:40,0
DA:43,0
DA:46,0
DA:51,0
DA:52,0
DA:54,0
DA:55,0
DA:58,0
DA:63,14
DA:64,7
DA:65,7
DA:67,7
DA:68,6
DA:69,6
DA:70,6
DA:73,1
DA:77,14
DA:78,7
DA:79,0
DA:80,0
DA:82,7
DA:85,14
DA:86,7
DA:89,7
DA:90,2
DA:91,2
DA:93,2
DA:94,2
DA:95,2
DA:97,2
DA:101,7
DA:102,1
DA:103,1
DA:105,1
DA:106,1
DA:110,0
DA:113,7
DA:116,14
DA:117,7
DA:120,7
DA:121,1
DA:122,1
DA:123,1
DA:125,0
DA:128,7
DA:131,14
DA:132,2
DA:141,1
DA:143,1
DA:144,1
DA:147,1
DA:149,0
DA:150,0
DA:158,14
DA:159,0
DA:169,0
DA:171,0
DA:179,14
DA:180,0
DA:189,0
DA:192,0
DA:193,0
DA:195,0
DA:198,0
DA:199,0
DA:207,14
DA:208,0
DA:210,0
DA:211,0
DA:212,0
DA:213,0
DA:214,0
DA:218,0
DA:220,0
DA:221,0
DA:224,14
DA:225,0
DA:227,0
DA:228,0
DA:233,0
DA:237,14
DA:241,0
DA:274,0
DA:275,0
DA:288,0
DA:301,0
DA:323,0
DA:332,3
DA:334,2
DA:336,0
DA:370,0
DA:379,5
DA:381,3
DA:383,0
DA:460,1
LF:117
LH:66
BRDA:32,0,0,0
BRDA:32,0,1,7
BRDA:32,1,0,7
BRDA:32,1,1,0
BRDA:38,2,0,0
BRDA:38,2,1,0
BRDA:51,3,0,0
BRDA:51,3,1,0
BRDA:67,4,0,6
BRDA:67,4,1,1
BRDA:94,5,0,2
BRDA:94,5,1,0
BRDA:97,6,0,0
BRDA:97,6,1,2
BRDA:105,7,0,1
BRDA:105,7,1,0
BRDA:122,8,0,1
BRDA:122,8,1,0
BRDA:198,9,0,0
BRDA:198,9,1,0
BRDA:210,10,0,0
BRDA:210,10,1,0
BRDA:225,11,0,0
BRDA:225,11,1,0
BRDA:256,12,0,0
BRDA:256,12,1,14
BRDA:285,13,0,14
BRDA:285,13,1,7
BRDA:296,14,0,14
BRDA:296,14,1,14
BRDA:313,15,0,14
BRDA:313,15,1,1
BRDA:320,16,0,14
BRDA:320,16,1,7
BRDA:336,17,0,2
BRDA:336,17,1,0
BRDA:343,18,0,2
BRDA:343,18,1,0
BRDA:349,19,0,2
BRDA:349,19,1,2
BRDA:360,20,0,14
BRDA:360,20,1,2
BRDA:367,21,0,14
BRDA:367,21,1,7
BRDA:383,22,0,3
BRDA:383,22,1,0
BRDA:388,23,0,3
BRDA:388,23,1,0
BRDA:410,24,0,14
BRDA:410,24,1,7
BRDA:415,25,0,7
BRDA:415,25,1,7
BRDA:436,26,0,7
BRDA:436,26,1,0
BRDA:448,27,0,14
BRDA:448,27,1,7
BRF:56
BRH:34
end_of_record
TN:
SF:screens/ClubListScreen.tsx
FN:7,ClubListScreen
FN:11,(anonymous_1)
FN:16,(anonymous_2)
FN:20,(anonymous_3)
FN:21,(anonymous_4)
FN:27,(anonymous_5)
FN:37,(anonymous_6)
FN:48,(anonymous_7)
FN:52,(anonymous_8)
FN:59,(anonymous_9)
FN:60,(anonymous_10)
FN:63,(anonymous_11)
FNF:12
FNH:11
FNDA:15,ClubListScreen
FNDA:8,(anonymous_1)
FNDA:7,(anonymous_2)
FNDA:7,(anonymous_3)
FNDA:1,(anonymous_4)
FNDA:14,(anonymous_5)
FNDA:0,(anonymous_6)
FNDA:1,(anonymous_7)
FNDA:1,(anonymous_8)
FNDA:9,(anonymous_9)
FNDA:5,(anonymous_10)
FNDA:1,(anonymous_11)
DA:8,15
DA:9,15
DA:11,15
DA:12,8
DA:13,8
DA:16,15
DA:17,7
DA:20,15
DA:21,7
DA:22,1
DA:24,7
DA:27,15
DA:28,14
DA:29,3
DA:33,15
DA:37,0
DA:48,1
DA:52,1
DA:59,9
DA:61,5
DA:63,1
DA:76,1
LF:22
LH:21
BRDA:28,0,0,3
BRDA:28,0,1,11
BRF:2
BRH:2
end_of_record
TN:
SF:screens/CreateClubScreen.tsx
FN:11,CreateClubScreen
FN:19,(anonymous_1)
FN:23,(anonymous_2)
FN:47,(anonymous_3)
FN:95,(anonymous_4)
FNF:5
FNH:0
FNDA:0,CreateClubScreen
FNDA:0,(anonymous_1)
FNDA:0,(anonymous_2)
FNDA:0,(anonymous_3)
FNDA:0,(anonymous_4)
DA:12,0
DA:13,0
DA:14,0
DA:15,0
DA:16,0
DA:17,0
DA:19,0
DA:20,0
DA:23,0
DA:24,0
DA:25,0
DA:28,0
DA:29,0
DA:30,0
DA:31,0
DA:32,0
DA:35,0
DA:36,0
DA:37,0
DA:39,0
DA:41,0
DA:43,0
DA:47,0
DA:48,0
DA:49,0
DA:50,0
DA:54,0
DA:55,0
DA:62,0
DA:65,0
DA:67,0
DA:69,0
DA:75,0
DA:77,0
DA:80,0
DA:81,0
DA:86,0
DA:91,0
DA:95,0
DA:158,0
LF:40
LH:0
BRDA:28,0,0,0
BRDA:28,0,1,0
BRDA:48,1,0,0
BRDA:48,1,1,0
BRDA:54,2,0,0
BRDA:54,2,1,0
BRDA:72,3,0,0
BRDA:72,3,1,0
BRDA:80,4,0,0
BRDA:80,4,1,0
BRDA:80,5,0,0
BRDA:80,5,1,0
BRDA:106,6,0,0
BRDA:106,6,1,0
BRDA:106,6,2,0
BRDA:114,7,0,0
BRDA:114,7,1,0
BRDA:114,7,2,0
BRDA:114,7,3,0
BRDA:145,8,0,0
BRDA:145,8,1,0
BRDA:147,9,0,0
BRDA:147,9,1,0
BRDA:150,10,0,0
BRDA:150,10,1,0
BRF:25
BRH:0
end_of_record
TN:
SF:screens/EditParticipantScreen.tsx
FN:9,EditParticipantScreen
FN:20,(anonymous_1)
FN:26,(anonymous_2)
FN:35,(anonymous_3)
FN:39,(anonymous_4)
FN:44,(anonymous_5)
FN:54,(anonymous_6)
FN:60,(anonymous_7)
FN:62,(anonymous_8)
FN:68,(anonymous_9)
FN:90,(anonymous_10)
FN:99,(anonymous_11)
FN:113,(anonymous_12)
FN:169,(anonymous_13)
FN:176,(anonymous_14)
FNF:15
FNH:0
FNDA:0,EditParticipantScreen
FNDA:0,(anonymous_1)
FNDA:0,(anonymous_2)
FNDA:0,(anonymous_3)
FNDA:0,(anonymous_4)
FNDA:0,(anonymous_5)
FNDA:0,(anonymous_6)
FNDA:0,(anonymous_7)
FNDA:0,(anonymous_8)
FNDA:0,(anonymous_9)
FNDA:0,(anonymous_10)
FNDA:0,(anonymous_11)
FNDA:0,(anonymous_12)
FNDA:0,(anonymous_13)
FNDA:0,(anonymous_14)
DA:10,0
DA:11,0
DA:12,0
DA:13,0
DA:14,0
DA:15,0
DA:16,0
DA:17,0
DA:18,0
DA:20,0
DA:21,0
DA:22,0
DA:23,0
DA:26,0
DA:27,0
DA:28,0
DA:30,0
DA:32,0
DA:35,0
DA:36,0
DA:39,0
DA:40,0
DA:41,0
DA:44,0
DA:45,0
DA:46,0
DA:47,0
DA:48,0
DA:51,0
DA:54,0
DA:55,0
DA:56,0
DA:57,0
DA:60,0
DA:61,0
DA:62,0
DA:64,0
DA:68,0
DA:69,0
DA:70,0
DA:71,0
DA:74,0
DA:83,0
DA:84,0
DA:86,0
DA:87,0
DA:90,0
DA:91,0
DA:100,0
DA:101,0
DA:102,0
DA:109,0
DA:113,0
DA:170,0
DA:176,0
DA:217,0
LF:56
LH:0
BRDA:14,0,0,0
BRDA:14,0,1,0
BRDA:32,1,0,0
BRDA:32,1,1,0
BRDA:47,2,0,0
BRDA:47,2,1,0
BRDA:61,3,0,0
BRDA:61,3,1,0
BRDA:69,4,0,0
BRDA:69,4,1,0
BRDA:69,5,0,0
BRDA:69,5,1,0
BRDA:124,6,0,0
BRDA:124,6,1,0
BRDA:174,7,0,0
BRDA:174,7,1,0
BRDA:181,8,0,0
BRDA:181,8,1,0
BRDA:183,9,0,0
BRDA:183,9,1,0
BRDA:194,10,0,0
BRDA:194,10,1,0
BRDA:201,11,0,0
BRDA:201,11,1,0
BRDA:207,12,0,0
BRDA:207,12,1,0
BRF:26
BRH:0
end_of_record
TN:
SF:screens/HomeScreen.tsx
FN:10,HomeScreen
FN:20,(anonymous_1)
FN:22,(anonymous_2)
FN:29,(anonymous_3)
FN:31,(anonymous_4)
FN:43,(anonymous_5)
FN:52,(anonymous_6)
FN:74,(anonymous_7)
FN:82,(anonymous_8)
FN:89,(anonymous_9)
FN:104,(anonymous_10)
FN:110,(anonymous_11)
FN:129,(anonymous_12)
FN:133,(anonymous_13)
FN:147,(anonymous_14)
FN:226,(anonymous_15)
FN:236,(anonymous_16)
FN:248,(anonymous_17)
FN:251,(anonymous_18)
FN:259,(anonymous_19)
FN:262,(anonymous_20)
FN:269,(anonymous_21)
FN:272,(anonymous_22)
FN:288,(anonymous_23)
FN:296,(anonymous_24)
FN:328,(anonymous_25)
FN:343,(anonymous_26)
FN:344,(anonymous_27)
FN:366,(anonymous_28)
FN:406,(anonymous_29)
FNF:30
FNH:0
FNDA:0,HomeScreen
FNDA:0,(anonymous_1)
FNDA:0,(anonymous_2)
FNDA:0,(anonymous_3)
FNDA:0,(anonymous_4)
FNDA:0,(anonymous_5)
FNDA:0,(anonymous_6)
FNDA:0,(anonymous_7)
FNDA:0,(anonymous_8)
FNDA:0,(anonymous_9)
FNDA:0,(anonymous_10)
FNDA:0,(anonymous_11)
FNDA:0,(anonymous_12)
FNDA:0,(anonymous_13)
FNDA:0,(anonymous_14)
FNDA:0,(anonymous_15)
FNDA:0,(anonymous_16)
FNDA:0,(anonymous_17)
FNDA:0,(anonymous_18)
FNDA:0,(anonymous_19)
FNDA:0,(anonymous_20)
FNDA:0,(anonymous_21)
FNDA:0,(anonymous_22)
FNDA:0,(anonymous_23)
FNDA:0,(anonymous_24)
FNDA:0,(anonymous_25)
FNDA:0,(anonymous_26)
FNDA:0,(anonymous_27)
FNDA:0,(anonymous_28)
FNDA:0,(anonymous_29)
DA:11,0
DA:12,0
DA:13,0
DA:14,0
DA:15,0
DA:16,0
DA:17,0
DA:18,0
DA:20,0
DA:21,0
DA:22,0
DA:23,0
DA:24,0
DA:26,0
DA:29,0
DA:30,0
DA:31,0
DA:32,0
DA:33,0
DA:35,0
DA:36,0
DA:39,0
DA:43,0
DA:46,0
DA:47,0
DA:49,0
DA:52,0
DA:53,0
DA:54,0
DA:55,0
DA:57,0
DA:58,0
DA:59,0
DA:60,0
DA:61,0
DA:64,0
DA:65,0
DA:66,0
DA:71,0
DA:74,0
DA:75,0
DA:76,0
DA:77,0
DA:82,0
DA:83,0
DA:84,0
DA:85,0
DA:86,0
DA:89,0
DA:91,0
DA:92,0
DA:94,0
DA:95,0
DA:96,0
DA:97,0
DA:101,0
DA:102,0
DA:104,0
DA:106,0
DA:107,0
DA:110,0
DA:111,0
DA:112,0
DA:114,0
DA:115,0
DA:121,0
DA:122,0
DA:126,0
DA:129,0
DA:130,0
DA:131,0
DA:132,0
DA:133,0
DA:134,0
DA:135,0
DA:136,0
DA:137,0
DA:138,0
DA:139,0
DA:140,0
DA:142,0
DA:143,0
DA:144,0
DA:147,0
DA:148,0
DA:149,0
DA:151,0
DA:152,0
DA:153,0
DA:155,0
DA:159,0
DA:160,0
DA:161,0
DA:162,0
DA:163,0
DA:167,0
DA:169,0
DA:170,0
DA:171,0
DA:174,0
DA:175,0
DA:176,0
DA:179,0
DA:180,0
DA:181,0
DA:182,0
DA:185,0
DA:186,0
DA:187,0
DA:192,0
DA:193,0
DA:194,0
DA:195,0
DA:196,0
DA:197,0
DA:198,0
DA:200,0
DA:201,0
DA:202,0
DA:203,0
DA:206,0
DA:212,0
DA:215,0
DA:226,0
DA:227,0
DA:228,0
DA:232,0
DA:235,0
DA:237,0
DA:241,0
DA:245,0
DA:248,0
DA:249,0
DA:250,0
DA:251,0
DA:252,0
DA:254,0
DA:255,0
DA:259,0
DA:260,0
DA:261,0
DA:262,0
DA:264,0
DA:265,0
DA:269,0
DA:270,0
DA:272,0
DA:273,0
DA:274,0
DA:275,0
DA:276,0
DA:279,0
DA:280,0
DA:288,0
DA:296,0
DA:311,0
DA:328,0
DA:343,0
DA:345,0
DA:348,0
DA:349,0
DA:351,0
DA:352,0
DA:354,0
DA:355,0
DA:358,0
DA:359,0
DA:361,0
DA:363,0
DA:367,0
DA:368,0
DA:369,0
DA:370,0
DA:407,0
DA:408,0
DA:410,0
DA:422,0
LF:177
LH:0
BRDA:35,0,0,0
BRDA:35,0,1,0
BRDA:46,1,0,0
BRDA:46,1,1,0
BRDA:57,2,0,0
BRDA:57,2,1,0
BRDA:59,3,0,0
BRDA:59,3,1,0
BRDA:61,4,0,0
BRDA:61,4,1,0
BRDA:64,5,0,0
BRDA:64,5,1,0
BRDA:64,6,0,0
BRDA:64,6,1,0
BRDA:75,7,0,0
BRDA:75,7,1,0
BRDA:76,8,0,0
BRDA:76,8,1,0
BRDA:94,9,0,0
BRDA:94,9,1,0
BRDA:104,10,0,0
BRDA:104,10,1,0
BRDA:104,11,0,0
BRDA:104,11,1,0
BRDA:111,12,0,0
BRDA:111,12,1,0
BRDA:114,13,0,0
BRDA:114,13,1,0
BRDA:121,14,0,0
BRDA:121,14,1,0
BRDA:152,15,0,0
BRDA:152,15,1,0
BRDA:161,16,0,0
BRDA:161,16,1,0
BRDA:185,17,0,0
BRDA:185,17,1,0
BRDA:200,18,0,0
BRDA:200,18,1,0
BRDA:201,19,0,0
BRDA:201,19,1,0
BRDA:202,20,0,0
BRDA:202,20,1,0
BRDA:203,21,0,0
BRDA:203,21,1,0
BRDA:206,22,0,0
BRDA:206,22,1,0
BRDA:227,23,0,0
BRDA:227,23,1,0
BRDA:270,24,0,0
BRDA:270,24,1,0
BRDA:279,25,0,0
BRDA:279,25,1,0
BRDA:287,26,0,0
BRDA:287,26,1,0
BRDA:293,27,0,0
BRDA:293,27,1,0
BRDA:295,28,0,0
BRDA:295,28,1,0
BRDA:303,29,0,0
BRDA:303,29,1,0
BRDA:320,30,0,0
BRDA:320,30,1,0
BRDA:327,31,0,0
BRDA:327,31,1,0
BRDA:327,31,2,0
BRDA:335,32,0,0
BRDA:335,32,1,0
BRDA:361,33,0,0
BRDA:361,33,1,0
BRDA:365,34,0,0
BRDA:365,34,1,0
BRDA:367,35,0,0
BRDA:367,35,1,0
BRDA:381,36,0,0
BRDA:381,36,1,0
BRDA:381,37,0,0
BRDA:381,37,1,0
BRDA:382,38,0,0
BRDA:382,38,1,0
BRDA:385,39,0,0
BRDA:385,39,1,0
BRDA:385,40,0,0
BRDA:385,40,1,0
BRDA:386,41,0,0
BRDA:386,41,1,0
BRDA:392,42,0,0
BRDA:392,42,1,0
BRDA:393,43,0,0
BRDA:393,43,1,0
BRDA:393,44,0,0
BRDA:393,44,1,0
BRDA:407,45,0,0
BRDA:407,45,1,0
BRF:93
BRH:0
end_of_record
TN:
SF:screens/JoinClubScreen.tsx
FN:8,JoinClubScreen
FN:14,(anonymous_1)
FN:18,(anonymous_2)
FN:23,(anonymous_3)
FN:30,(anonymous_4)
FN:56,(anonymous_5)
FN:81,(anonymous_6)
FN:105,(anonymous_7)
FNF:8
FNH:0
FNDA:0,JoinClubScreen
FNDA:0,(anonymous_1)
FNDA:0,(anonymous_2)
FNDA:0,(anonymous_3)
FNDA:0,(anonymous_4)
FNDA:0,(anonymous_5)
FNDA:0,(anonymous_6)
FNDA:0,(anonymous_7)
DA:9,0
DA:10,0
DA:11,0
DA:12,0
DA:14,0
DA:15,0
DA:18,0
DA:19,0
DA:20,0
DA:23,0
DA:24,0
DA:25,0
DA:30,0
DA:33,0
DA:36,0
DA:37,0
DA:38,0
DA:41,0
DA:42,0
DA:43,0
DA:45,0
DA:46,0
DA:47,0
DA:50,0
DA:58,0
DA:64,0
DA:66,0
DA:67,0
DA:68,0
DA:71,0
DA:73,0
DA:77,0
DA:81,0
DA:105,0
DA:129,0
LF:35
LH:0
BRDA:24,0,0,0
BRDA:24,0,1,0
BRDA:36,1,0,0
BRDA:36,1,1,0
BRDA:45,2,0,0
BRDA:45,2,1,0
BRDA:67,3,0,0
BRDA:67,3,1,0
BRDA:89,4,0,0
BRDA:89,4,1,0
BRDA:114,5,0,0
BRDA:114,5,1,0
BRDA:114,5,2,0
BRDA:116,6,0,0
BRDA:116,6,1,0
BRDA:118,7,0,0
BRDA:118,7,1,0
BRF:17
BRH:0
end_of_record
TN:
SF:screens/LanguageSelectionScreen.tsx
FN:7,LanguageSelectionScreen
FN:10,(anonymous_1)
FN:13,(anonymous_2)
FN:41,(anonymous_3)
FN:58,(anonymous_4)
FNF:5
FNH:0
FNDA:0,LanguageSelectionScreen
FNDA:0,(anonymous_1)
FNDA:0,(anonymous_2)
FNDA:0,(anonymous_3)
FNDA:0,(anonymous_4)
DA:8,0
DA:10,0
DA:11,0
DA:13,0
DA:14,0
DA:16,0
DA:18,0
DA:22,0
DA:41,0
DA:58,0
DA:79,0
LF:11
LH:0
BRDA:39,0,0,0
BRDA:39,0,1,0
BRDA:46,1,0,0
BRDA:46,1,1,0
BRDA:56,2,0,0
BRDA:56,2,1,0
BRDA:63,3,0,0
BRDA:63,3,1,0
BRF:8
BRH:0
end_of_record
TN:
SF:screens/SessionSelectionScreen.tsx
FN:7,SessionSelectionScreen
FN:13,(anonymous_1)
FN:17,(anonymous_2)
FN:26,(anonymous_3)
FN:37,(anonymous_4)
FN:66,(anonymous_5)
FN:75,(anonymous_6)
FN:88,(anonymous_7)
FN:89,(anonymous_8)
FN:97,(anonymous_9)
FNF:10
FNH:0
FNDA:0,SessionSelectionScreen
FNDA:0,(anonymous_1)
FNDA:0,(anonymous_2)
FNDA:0,(anonymous_3)
FNDA:0,(anonymous_4)
FNDA:0,(anonymous_5)
FNDA:0,(anonymous_6)
FNDA:0,(anonymous_7)
FNDA:0,(anonymous_8)
FNDA:0,(anonymous_9)
DA:8,0
DA:9,0
DA:10,0
DA:11,0
DA:13,0
DA:14,0
DA:17,0
DA:18,0
DA:19,0
DA:21,0
DA:22,0
DA:23,0
DA:26,0
DA:27,0
DA:28,0
DA:30,0
DA:31,0
DA:32,0
DA:34,0
DA:37,0
DA:39,0
DA:41,0
DA:42,0
DA:43,0
DA:46,0
DA:47,0
DA:48,0
DA:49,0
DA:52,0
DA:53,0
DA:54,0
DA:57,0
DA:58,0
DA:61,0
DA:66,0
DA:68,0
DA:71,0
DA:75,0
DA:88,0
DA:90,0
DA:91,0
DA:92,0
DA:94,0
DA:98,0
DA:99,0
DA:126,0
LF:46
LH:0
BRDA:31,0,0,0
BRDA:31,0,1,0
BRDA:41,1,0,0
BRDA:41,1,1,0
BRDA:57,2,0,0
BRDA:57,2,1,0
BRDA:91,3,0,0
BRDA:91,3,1,0
BRDA:108,4,0,0
BRDA:108,4,1,0
BRF:10
BRH:0
end_of_record
TN:
SF:screens/ShareClubScreen.tsx
FN:7,ShareClubScreen
FN:13,(anonymous_1)
FN:17,(anonymous_2)
FN:29,(anonymous_3)
FN:42,(anonymous_4)
FN:67,(anonymous_5)
FN:118,(anonymous_6)
FNF:7
FNH:0
FNDA:0,ShareClubScreen
FNDA:0,(anonymous_1)
FNDA:0,(anonymous_2)
FNDA:0,(anonymous_3)
FNDA:0,(anonymous_4)
FNDA:0,(anonymous_5)
FNDA:0,(anonymous_6)
DA:8,0
DA:9,0
DA:10,0
DA:11,0
DA:13,0
DA:14,0
DA:17,0
DA:18,0
DA:19,0
DA:20,0
DA:22,0
DA:23,0
DA:25,0
DA:29,0
DA:30,0
DA:32,0
DA:33,0
DA:38,0
DA:42,0
DA:43,0
DA:47,0
DA:53,0
DA:54,0
DA:61,0
DA:62,0
DA:67,0
DA:75,0
DA:118,0
DA:126,0
LF:29
LH:0
BRDA:30,0,0,0
BRDA:30,0,1,0
BRDA:43,1,0,0
BRDA:43,1,1,0
BRDA:53,2,0,0
BRDA:53,2,1,0
BRDA:61,3,0,0
BRDA:61,3,1,0
BRF:8
BRH:0
end_of_record
TN:
SF:screens/StatsScreen.tsx
FN:8,StatsScreen
FN:13,(anonymous_1)
FN:17,(anonymous_2)
FN:23,(anonymous_3)
FN:24,(anonymous_4)
FN:25,(anonymous_5)
FN:33,(anonymous_6)
FN:46,(anonymous_7)
FN:70,(anonymous_8)
FN:86,(anonymous_9)
FN:102,(anonymous_10)
FN:143,(anonymous_11)
FN:163,(anonymous_12)
FN:164,(anonymous_13)
FNF:14
FNH:0
FNDA:0,StatsScreen
FNDA:0,(anonymous_1)
FNDA:0,(anonymous_2)
FNDA:0,(anonymous_3)
FNDA:0,(anonymous_4)
FNDA:0,(anonymous_5)
FNDA:0,(anonymous_6)
FNDA:0,(anonymous_7)
FNDA:0,(anonymous_8)
FNDA:0,(anonymous_9)
FNDA:0,(anonymous_10)
FNDA:0,(anonymous_11)
FNDA:0,(anonymous_12)
FNDA:0,(anonymous_13)
DA:9,0
DA:10,0
DA:11,0
DA:13,0
DA:14,0
DA:17,0
DA:18,0
DA:19,0
DA:20,0
DA:22,0
DA:23,0
DA:25,0
DA:28,0
DA:29,0
DA:30,0
DA:31,0
DA:33,0
DA:34,0
DA:36,0
DA:37,0
DA:38,0
DA:40,0
DA:46,0
DA:49,0
DA:50,0
DA:51,0
DA:54,0
DA:56,0
DA:70,0
DA:71,0
DA:72,0
DA:75,0
DA:76,0
DA:80,0
DA:83,0
DA:86,0
DA:87,0
DA:88,0
DA:90,0
DA:91,0
DA:96,0
DA:99,0
DA:100,0
DA:102,0
DA:103,0
DA:104,0
DA:106,0
DA:108,0
DA:109,0
DA:110,0
DA:112,0
DA:113,0
DA:115,0
DA:116,0
DA:119,0
DA:120,0
DA:121,0
DA:124,0
DA:127,0
DA:131,0
DA:132,0
DA:135,0
DA:139,0
DA:143,0
DA:163,0
DA:165,0
DA:214,0
LF:67
LH:0
BRDA:28,0,0,0
BRDA:28,0,1,0
BRDA:36,1,0,0
BRDA:36,1,1,0
BRDA:37,2,0,0
BRDA:37,2,1,0
BRDA:54,3,0,0
BRDA:54,3,1,0
BRDA:71,4,0,0
BRDA:71,4,1,0
BRDA:72,5,0,0
BRDA:72,5,1,0
BRDA:75,6,0,0
BRDA:75,6,1,0
BRDA:90,7,0,0
BRDA:90,7,1,0
BRDA:104,8,0,0
BRDA:104,8,1,0
BRDA:104,9,0,0
BRDA:104,9,1,0
BRDA:104,10,0,0
BRDA:104,10,1,0
BRDA:108,11,0,0
BRDA:108,11,1,0
BRDA:112,12,0,0
BRDA:112,12,1,0
BRDA:115,13,0,0
BRDA:115,13,1,0
BRDA:120,14,0,0
BRDA:120,14,1,0
BRDA:131,15,0,0
BRDA:131,15,1,0
BRDA:170,16,0,0
BRDA:170,16,1,0
BRDA:173,17,0,0
BRDA:173,17,1,0
BRDA:178,18,0,0
BRDA:178,18,1,0
BRDA:183,19,0,0
BRDA:183,19,1,0
BRDA:185,20,0,0
BRDA:185,20,1,0
BRDA:197,21,0,0
BRDA:197,21,1,0
BRF:44
BRH:0
end_of_record
TN:
SF:screens/TestUtilsScreen.tsx
FN:29,TestUtilsScreen
FN:34,(anonymous_1)
FN:73,(anonymous_2)
FN:77,(anonymous_3)
FN:86,(anonymous_4)
FN:91,(anonymous_5)
FN:105,(anonymous_6)
FN:116,(anonymous_7)
FNF:8
FNH:0
FNDA:0,TestUtilsScreen
FNDA:0,(anonymous_1)
FNDA:0,(anonymous_2)
FNDA:0,(anonymous_3)
FNDA:0,(anonymous_4)
FNDA:0,(anonymous_5)
FNDA:0,(anonymous_6)
FNDA:0,(anonymous_7)
DA:6,0
DA:30,0
DA:31,0
DA:32,0
DA:34,0
DA:35,0
DA:36,0
DA:39,0
DA:41,0
DA:42,0
DA:43,0
DA:44,0
DA:47,0
DA:48,0
DA:57,0
DA:58,0
DA:61,0
DA:62,0
DA:64,0
DA:66,0
DA:70,0
DA:71,0
DA:72,0
DA:73,0
DA:77,0
DA:78,0
DA:87,0
DA:88,0
DA:90,0
DA:91,0
DA:93,0
DA:94,0
DA:95,0
DA:96,0
DA:98,0
DA:102,0
DA:103,0
DA:104,0
DA:105,0
DA:113,0
DA:116,0
DA:169,0
LF:42
LH:0
BRDA:41,0,0,0
BRDA:41,0,1,0
BRDA:130,1,0,0
BRDA:130,1,1,0
BRDA:137,2,0,0
BRDA:137,2,1,0
BRDA:147,3,0,0
BRDA:147,3,1,0
BRF:8
BRH:0
end_of_record
